<?xml version="1.0" encoding="UTF-8"?>
<testsuites name="204. TestStarPack Out of Office (OOO)" time="313.395" tests="3" failures="2" errors="0">
   <testsuite name="204. TestStarPack Out of Office (OOO)" tests="3" failures="2" errors="0" time="313.395" skipped="0" timestamp="2022-06-17 19:19:25" hostname="lamhe - DPF-MBI-VERIF.ad.sgsco.int" id="Test Suites/z01. Test Suites/204. TestStarPack Out of Office (OOO)">
      <properties>
         <property name="deviceName" value=""/>
         <property name="devicePlatform" value=""/>
         <property name="logFolder" value="D:\\Projet Test Auto\\Mediabox Test Automation [Test]\\Reports\\20220617_181206\\z01. Test Suites\\204. TestStarPack Out of Office (OOO)\\20220617_181213"/>
         <property name="logFiles" value="D:\\Projet Test Auto\\Mediabox Test Automation [Test]\\Reports\\20220617_181206\\z01. Test Suites\\204. TestStarPack Out of Office (OOO)\\20220617_181213\\execution0.log"/>
         <property name="attachments" value="D:\\Projet Test Auto\\Mediabox Test Automation [Test]\\Reports\\20220617_181206\\z01. Test Suites\\204. TestStarPack Out of Office (OOO)\\20220617_181213\\1655486372309.png, D:\\Projet Test Auto\\Mediabox Test Automation [Test]\\Reports\\20220617_181206\\z01. Test Suites\\204. TestStarPack Out of Office (OOO)\\20220617_181213\\1655486379327.png, D:\\Projet Test Auto\\Mediabox Test Automation [Test]\\Reports\\20220617_181206\\z01. Test Suites\\204. TestStarPack Out of Office (OOO)\\20220617_181213\\1655486380015.png, D:\\Projet Test Auto\\Mediabox Test Automation [Test]\\Reports\\20220617_181206\\z01. Test Suites\\204. TestStarPack Out of Office (OOO)\\20220617_181213\\1655486397174.png, D:\\Projet Test Auto\\Mediabox Test Automation [Test]\\Reports\\20220617_181206\\z01. Test Suites\\204. TestStarPack Out of Office (OOO)\\20220617_181213\\1655486428905.png, D:\\Projet Test Auto\\Mediabox Test Automation [Test]\\Reports\\20220617_181206\\z01. Test Suites\\204. TestStarPack Out of Office (OOO)\\20220617_181213\\1655486462161.png, D:\\Projet Test Auto\\Mediabox Test Automation [Test]\\Reports\\20220617_181206\\z01. Test Suites\\204. TestStarPack Out of Office (OOO)\\20220617_181213\\1655486553558.png, D:\\Projet Test Auto\\Mediabox Test Automation [Test]\\Reports\\20220617_181206\\z01. Test Suites\\204. TestStarPack Out of Office (OOO)\\20220617_181213\\1655486574182.png, D:\\Projet Test Auto\\Mediabox Test Automation [Test]\\Reports\\20220617_181206\\z01. Test Suites\\204. TestStarPack Out of Office (OOO)\\20220617_181213\\1655486578815.png, D:\\Projet Test Auto\\Mediabox Test Automation [Test]\\Reports\\20220617_181206\\z01. Test Suites\\204. TestStarPack Out of Office (OOO)\\20220617_181213\\1655486584089.png, D:\\Projet Test Auto\\Mediabox Test Automation [Test]\\Reports\\20220617_181206\\z01. Test Suites\\204. TestStarPack Out of Office (OOO)\\20220617_181213\\1655486598249.png, D:\\Projet Test Auto\\Mediabox Test Automation [Test]\\Reports\\20220617_181206\\z01. Test Suites\\204. TestStarPack Out of Office (OOO)\\20220617_181213\\1655486617270.png, D:\\Projet Test Auto\\Mediabox Test Automation [Test]\\Reports\\20220617_181206\\z01. Test Suites\\204. TestStarPack Out of Office (OOO)\\20220617_181213\\1655486633785.png, D:\\Projet Test Auto\\Mediabox Test Automation [Test]\\Reports\\20220617_181206\\z01. Test Suites\\204. TestStarPack Out of Office (OOO)\\20220617_181213\\1655486668829.png"/>
         <property name="hostName" value="lamhe - DPF-MBI-VERIF.ad.sgsco.int"/>
         <property name="os" value="Windows 10 64bit"/>
         <property name="katalonVersion" value="8.3.0.208"/>
         <property name="browser" value="Chrome 102.0.5005.115"/>
         <property name="hostAddress" value="10.15.10.53"/>
         <property name="sessionId" value="bf12968e17cb8c8a08ad698a4a67399a"/>
         <property name="seleniumVersion" value="3.141.59"/>
         <property name="proxyInformation" value="ProxyInformation { proxyOption=NO_PROXY, proxyServerType=HTTP, username=, password=********, proxyServerAddress=, proxyServerPort=0, executionList=&quot;&quot;, isApplyToDesiredCapabilities=true }"/>
         <property name="platform" value="Windows 10"/>
      </properties>
      <testcase name="Test Cases/204. TestStarPack Out of Office (OOO)/204.01 TestStarpack - Out of OfficeAdd_ErrorMsg User Management 204.02 P1" time="63.592" classname="Test Cases/204. TestStarPack Out of Office (OOO)/204.01 TestStarpack - Out of OfficeAdd_ErrorMsg User Management 204.02 P1" status="FAILED">
         <failure type="FAILED" message="Test Cases/204. TestStarPack Out of Office (OOO)/204.01 TestStarpack - Out of OfficeAdd_ErrorMsg User Management 204.02 P1 FAILED.
Reason:
com.kms.katalon.core.exception.StepFailedException: Unable to get text of object 'Object Repository/1. Constant/xpath'
	at com.kms.katalon.core.webui.keyword.internal.WebUIKeywordMain.stepFailed(WebUIKeywordMain.groovy:64)
	at com.kms.katalon.core.webui.keyword.internal.WebUIKeywordMain.runKeyword(WebUIKeywordMain.groovy:26)
	at com.kms.katalon.core.webui.keyword.builtin.GetTextKeyword.getText(GetTextKeyword.groovy:88)
	at com.kms.katalon.core.webui.keyword.builtin.GetTextKeyword.execute(GetTextKeyword.groovy:67)
	at com.kms.katalon.core.keyword.internal.KeywordExecutor.executeKeywordForPlatform(KeywordExecutor.groovy:74)
	at com.kms.katalon.core.webui.keyword.WebUiBuiltInKeywords.getText(WebUiBuiltInKeywords.groovy:918)
	at com.kms.katalon.core.webui.keyword.WebUiBuiltInKeywords$getText$6.call(Unknown Source)
	at functions.I.VerifyMatchText(I.groovy:428)
	at functions.I$VerifyMatchText$0.call(Unknown Source)
	at 204.01 TestStarpack - Out of OfficeAdd_ErrorMsg User Management 204.02 P1.run(204.01 TestStarpack - Out of OfficeAdd_ErrorMsg User Management 204.02 P1:91)
	at com.kms.katalon.core.main.ScriptEngine.run(ScriptEngine.java:194)
	at com.kms.katalon.core.main.ScriptEngine.runScriptAsRawText(ScriptEngine.java:119)
	at com.kms.katalon.core.main.TestCaseExecutor.runScript(TestCaseExecutor.java:445)
	at com.kms.katalon.core.main.TestCaseExecutor.doExecute(TestCaseExecutor.java:436)
	at com.kms.katalon.core.main.TestCaseExecutor.processExecutionPhase(TestCaseExecutor.java:415)
	at com.kms.katalon.core.main.TestCaseExecutor.accessMainPhase(TestCaseExecutor.java:407)
	at com.kms.katalon.core.main.TestCaseExecutor.execute(TestCaseExecutor.java:284)
	at com.kms.katalon.core.common.CommonExecutor.accessTestCaseMainPhase(CommonExecutor.java:65)
	at com.kms.katalon.core.main.TestSuiteExecutor.accessTestSuiteMainPhase(TestSuiteExecutor.java:144)
	at com.kms.katalon.core.main.TestSuiteExecutor.execute(TestSuiteExecutor.java:106)
	at com.kms.katalon.core.main.TestCaseMain.startTestSuite(TestCaseMain.java:185)
	at com.kms.katalon.core.main.TestCaseMain$startTestSuite$0.call(Unknown Source)
	at TempTestSuite1655482333873.run(TempTestSuite1655482333873.groovy:36)
Caused by: com.kms.katalon.core.webui.exception.WebElementNotFoundException: Web element with id: 'Object Repository/1. Constant/xpath' located by '//*[@id=&quot;UpdateDelegations&quot;]/div[1]/h5' not found
	at com.kms.katalon.core.webui.common.WebUiCommonHelper.findWebElement(WebUiCommonHelper.java:1370)
	at com.kms.katalon.core.webui.keyword.internal.WebUIAbstractKeyword.findWebElement(WebUIAbstractKeyword.groovy:27)
	at com.kms.katalon.core.webui.keyword.internal.WebUIAbstractKeyword.findWebElement(WebUIAbstractKeyword.groovy:26)
	at com.kms.katalon.core.webui.keyword.builtin.GetTextKeyword$_getText_closure1.doCall(GetTextKeyword.groovy:78)
	at com.kms.katalon.core.webui.keyword.builtin.GetTextKeyword$_getText_closure1.call(GetTextKeyword.groovy)
	at com.kms.katalon.core.webui.keyword.internal.WebUIKeywordMain.runKeyword(WebUIKeywordMain.groovy:20)
	... 21 more
"/>
         <system-out><![CDATA[2022-06-17 19:19:25 - [TEST_CASE][FAILED] - Test Cases/204. TestStarPack Out of Office (OOO)/204.01 TestStarpack - Out of OfficeAdd_ErrorMsg User Management 204.02 P1: Test Cases/204. TestStarPack Out of Office (OOO)/204.01 TestStarpack - Out of OfficeAdd_ErrorMsg User Management 204.02 P1 FAILED.
Reason:
com.kms.katalon.core.exception.StepFailedException: Unable to get text of object 'Object Repository/1. Constant/xpath'
	at com.kms.katalon.core.webui.keyword.internal.WebUIKeywordMain.stepFailed(WebUIKeywordMain.groovy:64)
	at com.kms.katalon.core.webui.keyword.internal.WebUIKeywordMain.runKeyword(WebUIKeywordMain.groovy:26)
	at com.kms.katalon.core.webui.keyword.builtin.GetTextKeyword.getText(GetTextKeyword.groovy:88)
	at com.kms.katalon.core.webui.keyword.builtin.GetTextKeyword.execute(GetTextKeyword.groovy:67)
	at com.kms.katalon.core.keyword.internal.KeywordExecutor.executeKeywordForPlatform(KeywordExecutor.groovy:74)
	at com.kms.katalon.core.webui.keyword.WebUiBuiltInKeywords.getText(WebUiBuiltInKeywords.groovy:918)
	at com.kms.katalon.core.webui.keyword.WebUiBuiltInKeywords$getText$6.call(Unknown Source)
	at functions.I.VerifyMatchText(I.groovy:428)
	at functions.I$VerifyMatchText$0.call(Unknown Source)
	at 204.01 TestStarpack - Out of OfficeAdd_ErrorMsg User Management 204.02 P1.run(204.01 TestStarpack - Out of OfficeAdd_ErrorMsg User Management 204.02 P1:91)
	at com.kms.katalon.core.main.ScriptEngine.run(ScriptEngine.java:194)
	at com.kms.katalon.core.main.ScriptEngine.runScriptAsRawText(ScriptEngine.java:119)
	at com.kms.katalon.core.main.TestCaseExecutor.runScript(TestCaseExecutor.java:445)
	at com.kms.katalon.core.main.TestCaseExecutor.doExecute(TestCaseExecutor.java:436)
	at com.kms.katalon.core.main.TestCaseExecutor.processExecutionPhase(TestCaseExecutor.java:415)
	at com.kms.katalon.core.main.TestCaseExecutor.accessMainPhase(TestCaseExecutor.java:407)
	at com.kms.katalon.core.main.TestCaseExecutor.execute(TestCaseExecutor.java:284)
	at com.kms.katalon.core.common.CommonExecutor.accessTestCaseMainPhase(CommonExecutor.java:65)
	at com.kms.katalon.core.main.TestSuiteExecutor.accessTestSuiteMainPhase(TestSuiteExecutor.java:144)
	at com.kms.katalon.core.main.TestSuiteExecutor.execute(TestSuiteExecutor.java:106)
	at com.kms.katalon.core.main.TestCaseMain.startTestSuite(TestCaseMain.java:185)
	at com.kms.katalon.core.main.TestCaseMain$startTestSuite$0.call(Unknown Source)
	at TempTestSuite1655482333873.run(TempTestSuite1655482333873.groovy:36)
Caused by: com.kms.katalon.core.webui.exception.WebElementNotFoundException: Web element with id: 'Object Repository/1. Constant/xpath' located by '//*[@id="UpdateDelegations"]/div[1]/h5' not found
	at com.kms.katalon.core.webui.common.WebUiCommonHelper.findWebElement(WebUiCommonHelper.java:1370)
	at com.kms.katalon.core.webui.keyword.internal.WebUIAbstractKeyword.findWebElement(WebUIAbstractKeyword.groovy:27)
	at com.kms.katalon.core.webui.keyword.internal.WebUIAbstractKeyword.findWebElement(WebUIAbstractKeyword.groovy:26)
	at com.kms.katalon.core.webui.keyword.builtin.GetTextKeyword$_getText_closure1.doCall(GetTextKeyword.groovy:78)
	at com.kms.katalon.core.webui.keyword.builtin.GetTextKeyword$_getText_closure1.call(GetTextKeyword.groovy)
	at com.kms.katalon.core.webui.keyword.internal.WebUIKeywordMain.runKeyword(WebUIKeywordMain.groovy:20)
	... 21 more


2022-06-17 19:19:26 - [TEST_STEP][PASSED] - data = findTestData("Data Files/Username_Password/Test_Starpack"): null

2022-06-17 19:19:26 - [TEST_STEP][PASSED] - password_suser = data.getValue(2, 1): null

2022-06-17 19:19:26 - [TEST_STEP][PASSED] - password_aherms = data.getValue(2, 2): null

2022-06-17 19:19:26 - [TEST_STEP][PASSED] - password_agluszczynska = data.getValue(2, 3): null

2022-06-17 19:19:26 - [TEST_STEP][PASSED] - password_jmaciaszczyk = data.getValue(2, 4): null

2022-06-17 19:19:26 - [TEST_STEP][PASSED] - password_aterreshernandez = data.getValue(2, 5): null

2022-06-17 19:19:26 - [TEST_STEP][PASSED] - password_amartin_arbol = data.getValue(2, 6): null

2022-06-17 19:19:26 - [TEST_STEP][PASSED] - password_adelamatanieves = data.getValue(2, 7): null

2022-06-17 19:19:26 - [TEST_STEP][PASSED] - password_kcannoosamy_dia = data.getValue(2, 8): null

2022-06-17 19:19:26 - [TEST_STEP][PASSED] - data_urlTestAUTO = findTestData("Data Files/URL/URL_testauto"): null

2022-06-17 19:19:26 - [TEST_STEP][PASSED] - Url_Starpack = data_urlTestAUTO.getValue(2, 2): null

2022-06-17 19:19:26 - [TEST_STEP][PASSED] - openBrowser(Url_Starpack): Browser is opened with url: 'https://mdb-v3-test.diadeis.com/MediaboxIndependence/?MBI_datasource=RELTEST_STARPACK'

2022-06-17 19:19:26 - [MESSAGE][INFO] - Starting 'Chrome (headless)' driver

2022-06-17 19:19:26 - [MESSAGE][INFO] - User set preference: ['args', '[--window-size=1920,1080, --headless]']

2022-06-17 19:19:26 - [MESSAGE][INFO] - Action delay is set to 0 milliseconds

2022-06-17 19:19:31 - [MESSAGE][PASSED] - Browser is opened with url: 'https://mdb-v3-test.diadeis.com/MediaboxIndependence/?MBI_datasource=RELTEST_STARPACK'

2022-06-17 19:19:31 - [TEST_STEP][PASSED] - maximizeWindow(): Current window maximized

2022-06-17 19:19:32 - [MESSAGE][PASSED] - Current window maximized

2022-06-17 19:19:32 - [TEST_STEP][PASSED] - takeScreenshot(): Taking screenshot successfully

2022-06-17 19:19:32 - [MESSAGE][PASSED] - Taking screenshot successfully
[[ATTACHMENT|D:\\Projet Test Auto\\Mediabox Test Automation [Test]\\Reports\\20220617_181206\\z01. Test Suites\\204. TestStarPack Out of Office (OOO)\\20220617_181213\\1655486372309.png]]

2022-06-17 19:19:32 - [TEST_STEP][PASSED] - I.Login_password("suser", password_suser): Object: 'Object Repository/1. Constant/xpath' is clicked on

2022-06-17 19:19:33 - [MESSAGE][PASSED] - Text 'suser' is set on object 'Object Repository/1. Constant/xpath'

2022-06-17 19:19:34 - [MESSAGE][PASSED] - Delayed 1 second(s)

2022-06-17 19:19:34 - [MESSAGE][PASSED] - Text 'diadeis' is set on object 'Object Repository/1. Constant/xpath'

2022-06-17 19:19:35 - [MESSAGE][PASSED] - Delayed 1 second(s)

2022-06-17 19:19:39 - [MESSAGE][PASSED] - Object: 'Object Repository/1. Constant/xpath' is clicked on

2022-06-17 19:19:39 - [TEST_STEP][PASSED] - takeScreenshot(): Taking screenshot successfully

2022-06-17 19:19:39 - [MESSAGE][PASSED] - Taking screenshot successfully
[[ATTACHMENT|D:\\Projet Test Auto\\Mediabox Test Automation [Test]\\Reports\\20220617_181206\\z01. Test Suites\\204. TestStarPack Out of Office (OOO)\\20220617_181213\\1655486379327.png]]

2022-06-17 19:19:39 - [TEST_STEP][PASSED] - click(findTestObject("xxx Todelete/1.0 R_Menu_Settings id_kt_aside_menu_ul_li11aspan2")): Object: 'Object Repository/xxx Todelete/1.0 R_Menu_Settings id_kt_aside_menu_ul_li11aspan2' is clicked on

2022-06-17 19:19:39 - [MESSAGE][PASSED] - Object: 'Object Repository/xxx Todelete/1.0 R_Menu_Settings id_kt_aside_menu_ul_li11aspan2' is clicked on

2022-06-17 19:19:39 - [TEST_STEP][PASSED] - takeScreenshot(): Taking screenshot successfully

2022-06-17 19:19:40 - [MESSAGE][PASSED] - Taking screenshot successfully
[[ATTACHMENT|D:\\Projet Test Auto\\Mediabox Test Automation [Test]\\Reports\\20220617_181206\\z01. Test Suites\\204. TestStarPack Out of Office (OOO)\\20220617_181213\\1655486380015.png]]

2022-06-17 19:19:40 - [TEST_STEP][PASSED] - delay(3): Delayed 3 second(s)

2022-06-17 19:19:43 - [MESSAGE][PASSED] - Delayed 3 second(s)

2022-06-17 19:19:43 - [TEST_STEP][PASSED] - click(findTestObject("xxx Todelete/1.01_Menu_Usermanagement id_kt_aside_menu_ul_li11div_ul_li2aspan")): Object: 'Object Repository/xxx Todelete/1.01_Menu_Usermanagement id_kt_aside_menu_ul_li11div_ul_li2aspan' is clicked on

2022-06-17 19:19:52 - [MESSAGE][PASSED] - Object: 'Object Repository/xxx Todelete/1.01_Menu_Usermanagement id_kt_aside_menu_ul_li11div_ul_li2aspan' is clicked on

2022-06-17 19:19:52 - [TEST_STEP][PASSED] - setText(findTestObject("1. Constant/xpath", ["xpath":"//*[@id="users_table_filter"]/label/input"]), "mediabox.outofoffice1@gmail.com"): Text 'mediabox.outofoffice1@gmail.com' is set on object 'Object Repository/1. Constant/xpath'

2022-06-17 19:19:53 - [MESSAGE][PASSED] - Text 'mediabox.outofoffice1@gmail.com' is set on object 'Object Repository/1. Constant/xpath'

2022-06-17 19:19:53 - [TEST_STEP][PASSED] - delay(1): Delayed 1 second(s)

2022-06-17 19:19:54 - [MESSAGE][PASSED] - Delayed 1 second(s)

2022-06-17 19:19:54 - [TEST_STEP][PASSED] - click(findTestObject("1. Constant/xpath", ["xpath":"//*[@id="selectAllUser"]"])): Object: 'Object Repository/1. Constant/xpath' is clicked on

2022-06-17 19:19:54 - [MESSAGE][PASSED] - Object: 'Object Repository/1. Constant/xpath' is clicked on

2022-06-17 19:19:54 - [TEST_STEP][PASSED] - delay(1): Delayed 1 second(s)

2022-06-17 19:19:55 - [MESSAGE][PASSED] - Delayed 1 second(s)

2022-06-17 19:19:55 - [TEST_STEP][PASSED] - selectOptionByValue(findTestObject("1. Constant/xpath", ["xpath":"//*[@id="select2_grouped_actions"]"]), "setdelegation", false): All options with value 'setdelegation' are selected in object 'Object Repository/1. Constant/xpath' 

2022-06-17 19:19:56 - [MESSAGE][PASSED] - All options with value 'setdelegation' are selected in object 'Object Repository/1. Constant/xpath' 

2022-06-17 19:19:56 - [TEST_STEP][PASSED] - delay(1): Delayed 1 second(s)

2022-06-17 19:19:57 - [MESSAGE][PASSED] - Delayed 1 second(s)

2022-06-17 19:19:57 - [TEST_STEP][PASSED] - takeScreenshot(): Taking screenshot successfully

2022-06-17 19:19:57 - [MESSAGE][PASSED] - Taking screenshot successfully
[[ATTACHMENT|D:\\Projet Test Auto\\Mediabox Test Automation [Test]\\Reports\\20220617_181206\\z01. Test Suites\\204. TestStarPack Out of Office (OOO)\\20220617_181213\\1655486397174.png]]

2022-06-17 19:19:57 - [TEST_STEP][PASSED] - click(findTestObject("1. Constant/xpath", ["xpath":"//*[@id="send_action_grouped"]"])): Object: 'Object Repository/1. Constant/xpath' is clicked on

2022-06-17 19:19:57 - [MESSAGE][PASSED] - Object: 'Object Repository/1. Constant/xpath' is clicked on

2022-06-17 19:19:57 - [TEST_STEP][FAILED] - I.VerifyMatchText("//*[@id="UpdateDelegations"]/div[1]/h5", "Arthur FRON's active delegations"): Unable to get text of object 'Object Repository/1. Constant/xpath' (Root cause: com.kms.katalon.core.exception.StepFailedException: Unable to get text of object 'Object Repository/1. Constant/xpath'
	at com.kms.katalon.core.webui.keyword.internal.WebUIKeywordMain.stepFailed(WebUIKeywordMain.groovy:64)
	at com.kms.katalon.core.webui.keyword.internal.WebUIKeywordMain.runKeyword(WebUIKeywordMain.groovy:26)
	at com.kms.katalon.core.webui.keyword.builtin.GetTextKeyword.getText(GetTextKeyword.groovy:88)
	at com.kms.katalon.core.webui.keyword.builtin.GetTextKeyword.execute(GetTextKeyword.groovy:67)
	at com.kms.katalon.core.keyword.internal.KeywordExecutor.executeKeywordForPlatform(KeywordExecutor.groovy:74)
	at com.kms.katalon.core.webui.keyword.WebUiBuiltInKeywords.getText(WebUiBuiltInKeywords.groovy:918)
	at com.kms.katalon.core.webui.keyword.WebUiBuiltInKeywords$getText$6.call(Unknown Source)
	at functions.I.VerifyMatchText(I.groovy:428)
	at functions.I$VerifyMatchText$0.call(Unknown Source)
	at 204.01 TestStarpack - Out of OfficeAdd_ErrorMsg User Management 204.02 P1.run(204.01 TestStarpack - Out of OfficeAdd_ErrorMsg User Management 204.02 P1:91)
	at com.kms.katalon.core.main.ScriptEngine.run(ScriptEngine.java:194)
	at com.kms.katalon.core.main.ScriptEngine.runScriptAsRawText(ScriptEngine.java:119)
	at com.kms.katalon.core.main.TestCaseExecutor.runScript(TestCaseExecutor.java:445)
	at com.kms.katalon.core.main.TestCaseExecutor.doExecute(TestCaseExecutor.java:436)
	at com.kms.katalon.core.main.TestCaseExecutor.processExecutionPhase(TestCaseExecutor.java:415)
	at com.kms.katalon.core.main.TestCaseExecutor.accessMainPhase(TestCaseExecutor.java:407)
	at com.kms.katalon.core.main.TestCaseExecutor.execute(TestCaseExecutor.java:284)
	at com.kms.katalon.core.common.CommonExecutor.accessTestCaseMainPhase(CommonExecutor.java:65)
	at com.kms.katalon.core.main.TestSuiteExecutor.accessTestSuiteMainPhase(TestSuiteExecutor.java:144)
	at com.kms.katalon.core.main.TestSuiteExecutor.execute(TestSuiteExecutor.java:106)
	at com.kms.katalon.core.main.TestCaseMain.startTestSuite(TestCaseMain.java:185)
	at com.kms.katalon.core.main.TestCaseMain$startTestSuite$0.call(Unknown Source)
	at TempTestSuite1655482333873.run(TempTestSuite1655482333873.groovy:36)
Caused by: com.kms.katalon.core.webui.exception.WebElementNotFoundException: Web element with id: 'Object Repository/1. Constant/xpath' located by '//*[@id="UpdateDelegations"]/div[1]/h5' not found
	at com.kms.katalon.core.webui.common.WebUiCommonHelper.findWebElement(WebUiCommonHelper.java:1370)
	at com.kms.katalon.core.webui.keyword.internal.WebUIAbstractKeyword.findWebElement(WebUIAbstractKeyword.groovy:27)
	at com.kms.katalon.core.webui.keyword.internal.WebUIAbstractKeyword.findWebElement(WebUIAbstractKeyword.groovy:26)
	at com.kms.katalon.core.webui.keyword.builtin.GetTextKeyword$_getText_closure1.doCall(GetTextKeyword.groovy:78)
	at com.kms.katalon.core.webui.keyword.builtin.GetTextKeyword$_getText_closure1.call(GetTextKeyword.groovy)
	at com.kms.katalon.core.webui.keyword.internal.WebUIKeywordMain.runKeyword(WebUIKeywordMain.groovy:20)
	at com.kms.katalon.core.webui.keyword.builtin.GetTextKeyword.getText(GetTextKeyword.groovy:88)
	at com.kms.katalon.core.webui.keyword.builtin.GetTextKeyword.execute(GetTextKeyword.groovy:67)
	at com.kms.katalon.core.keyword.internal.KeywordExecutor.executeKeywordForPlatform(KeywordExecutor.groovy:74)
	at com.kms.katalon.core.webui.keyword.WebUiBuiltInKeywords.getText(WebUiBuiltInKeywords.groovy:918)
	at com.kms.katalon.core.webui.keyword.WebUiBuiltInKeywords$getText$6.call(Unknown Source)
	at functions.I.VerifyMatchText(I.groovy:428)
	at functions.I$VerifyMatchText$0.call(Unknown Source)
	at Script1655480950486.run(Script1655480950486.groovy:91)
	... 13 more
)

2022-06-17 19:20:28 - [MESSAGE][INFO] - Unable to find the element located by 'By.xpath: //*[@id="UpdateDelegations"]/div[1]/h5'. Please recheck the objects properties to make sure the desired element is located. 

2022-06-17 19:20:29 - [MESSAGE][FAILED] - Unable to get text of object 'Object Repository/1. Constant/xpath' (Root cause: com.kms.katalon.core.exception.StepFailedException: Unable to get text of object 'Object Repository/1. Constant/xpath'
	at com.kms.katalon.core.webui.keyword.internal.WebUIKeywordMain.stepFailed(WebUIKeywordMain.groovy:64)
	at com.kms.katalon.core.webui.keyword.internal.WebUIKeywordMain.runKeyword(WebUIKeywordMain.groovy:26)
	at com.kms.katalon.core.webui.keyword.builtin.GetTextKeyword.getText(GetTextKeyword.groovy:88)
	at com.kms.katalon.core.webui.keyword.builtin.GetTextKeyword.execute(GetTextKeyword.groovy:67)
	at com.kms.katalon.core.keyword.internal.KeywordExecutor.executeKeywordForPlatform(KeywordExecutor.groovy:74)
	at com.kms.katalon.core.webui.keyword.WebUiBuiltInKeywords.getText(WebUiBuiltInKeywords.groovy:918)
	at com.kms.katalon.core.webui.keyword.WebUiBuiltInKeywords$getText$6.call(Unknown Source)
	at functions.I.VerifyMatchText(I.groovy:428)
	at functions.I$VerifyMatchText$0.call(Unknown Source)
	at 204.01 TestStarpack - Out of OfficeAdd_ErrorMsg User Management 204.02 P1.run(204.01 TestStarpack - Out of OfficeAdd_ErrorMsg User Management 204.02 P1:91)
	at com.kms.katalon.core.main.ScriptEngine.run(ScriptEngine.java:194)
	at com.kms.katalon.core.main.ScriptEngine.runScriptAsRawText(ScriptEngine.java:119)
	at com.kms.katalon.core.main.TestCaseExecutor.runScript(TestCaseExecutor.java:445)
	at com.kms.katalon.core.main.TestCaseExecutor.doExecute(TestCaseExecutor.java:436)
	at com.kms.katalon.core.main.TestCaseExecutor.processExecutionPhase(TestCaseExecutor.java:415)
	at com.kms.katalon.core.main.TestCaseExecutor.accessMainPhase(TestCaseExecutor.java:407)
	at com.kms.katalon.core.main.TestCaseExecutor.execute(TestCaseExecutor.java:284)
	at com.kms.katalon.core.common.CommonExecutor.accessTestCaseMainPhase(CommonExecutor.java:65)
	at com.kms.katalon.core.main.TestSuiteExecutor.accessTestSuiteMainPhase(TestSuiteExecutor.java:144)
	at com.kms.katalon.core.main.TestSuiteExecutor.execute(TestSuiteExecutor.java:106)
	at com.kms.katalon.core.main.TestCaseMain.startTestSuite(TestCaseMain.java:185)
	at com.kms.katalon.core.main.TestCaseMain$startTestSuite$0.call(Unknown Source)
	at TempTestSuite1655482333873.run(TempTestSuite1655482333873.groovy:36)
Caused by: com.kms.katalon.core.webui.exception.WebElementNotFoundException: Web element with id: 'Object Repository/1. Constant/xpath' located by '//*[@id="UpdateDelegations"]/div[1]/h5' not found
	at com.kms.katalon.core.webui.common.WebUiCommonHelper.findWebElement(WebUiCommonHelper.java:1370)
	at com.kms.katalon.core.webui.keyword.internal.WebUIAbstractKeyword.findWebElement(WebUIAbstractKeyword.groovy:27)
	at com.kms.katalon.core.webui.keyword.internal.WebUIAbstractKeyword.findWebElement(WebUIAbstractKeyword.groovy:26)
	at com.kms.katalon.core.webui.keyword.builtin.GetTextKeyword$_getText_closure1.doCall(GetTextKeyword.groovy:78)
	at com.kms.katalon.core.webui.keyword.builtin.GetTextKeyword$_getText_closure1.call(GetTextKeyword.groovy)
	at com.kms.katalon.core.webui.keyword.internal.WebUIKeywordMain.runKeyword(WebUIKeywordMain.groovy:20)
	at com.kms.katalon.core.webui.keyword.builtin.GetTextKeyword.getText(GetTextKeyword.groovy:88)
	at com.kms.katalon.core.webui.keyword.builtin.GetTextKeyword.execute(GetTextKeyword.groovy:67)
	at com.kms.katalon.core.keyword.internal.KeywordExecutor.executeKeywordForPlatform(KeywordExecutor.groovy:74)
	at com.kms.katalon.core.webui.keyword.WebUiBuiltInKeywords.getText(WebUiBuiltInKeywords.groovy:918)
	at com.kms.katalon.core.webui.keyword.WebUiBuiltInKeywords$getText$6.call(Unknown Source)
	at functions.I.VerifyMatchText(I.groovy:428)
	at functions.I$VerifyMatchText$0.call(Unknown Source)
	at Script1655480950486.run(Script1655480950486.groovy:91)
	... 13 more
)
[[ATTACHMENT|D:\\Projet Test Auto\\Mediabox Test Automation [Test]\\Reports\\20220617_181206\\z01. Test Suites\\204. TestStarPack Out of Office (OOO)\\20220617_181213\\1655486428905.png]]

2022-06-17 19:20:29 - [TEST_STEP][PASSED] - Start listener action : sampleAfterTestCase: null]]></system-out>
         <system-err><![CDATA[2022-06-17 19:19:25 - [TEST_CASE][FAILED] - Test Cases/204. TestStarPack Out of Office (OOO)/204.01 TestStarpack - Out of OfficeAdd_ErrorMsg User Management 204.02 P1: Test Cases/204. TestStarPack Out of Office (OOO)/204.01 TestStarpack - Out of OfficeAdd_ErrorMsg User Management 204.02 P1 FAILED.
Reason:
com.kms.katalon.core.exception.StepFailedException: Unable to get text of object 'Object Repository/1. Constant/xpath'
	at com.kms.katalon.core.webui.keyword.internal.WebUIKeywordMain.stepFailed(WebUIKeywordMain.groovy:64)
	at com.kms.katalon.core.webui.keyword.internal.WebUIKeywordMain.runKeyword(WebUIKeywordMain.groovy:26)
	at com.kms.katalon.core.webui.keyword.builtin.GetTextKeyword.getText(GetTextKeyword.groovy:88)
	at com.kms.katalon.core.webui.keyword.builtin.GetTextKeyword.execute(GetTextKeyword.groovy:67)
	at com.kms.katalon.core.keyword.internal.KeywordExecutor.executeKeywordForPlatform(KeywordExecutor.groovy:74)
	at com.kms.katalon.core.webui.keyword.WebUiBuiltInKeywords.getText(WebUiBuiltInKeywords.groovy:918)
	at com.kms.katalon.core.webui.keyword.WebUiBuiltInKeywords$getText$6.call(Unknown Source)
	at functions.I.VerifyMatchText(I.groovy:428)
	at functions.I$VerifyMatchText$0.call(Unknown Source)
	at 204.01 TestStarpack - Out of OfficeAdd_ErrorMsg User Management 204.02 P1.run(204.01 TestStarpack - Out of OfficeAdd_ErrorMsg User Management 204.02 P1:91)
	at com.kms.katalon.core.main.ScriptEngine.run(ScriptEngine.java:194)
	at com.kms.katalon.core.main.ScriptEngine.runScriptAsRawText(ScriptEngine.java:119)
	at com.kms.katalon.core.main.TestCaseExecutor.runScript(TestCaseExecutor.java:445)
	at com.kms.katalon.core.main.TestCaseExecutor.doExecute(TestCaseExecutor.java:436)
	at com.kms.katalon.core.main.TestCaseExecutor.processExecutionPhase(TestCaseExecutor.java:415)
	at com.kms.katalon.core.main.TestCaseExecutor.accessMainPhase(TestCaseExecutor.java:407)
	at com.kms.katalon.core.main.TestCaseExecutor.execute(TestCaseExecutor.java:284)
	at com.kms.katalon.core.common.CommonExecutor.accessTestCaseMainPhase(CommonExecutor.java:65)
	at com.kms.katalon.core.main.TestSuiteExecutor.accessTestSuiteMainPhase(TestSuiteExecutor.java:144)
	at com.kms.katalon.core.main.TestSuiteExecutor.execute(TestSuiteExecutor.java:106)
	at com.kms.katalon.core.main.TestCaseMain.startTestSuite(TestCaseMain.java:185)
	at com.kms.katalon.core.main.TestCaseMain$startTestSuite$0.call(Unknown Source)
	at TempTestSuite1655482333873.run(TempTestSuite1655482333873.groovy:36)
Caused by: com.kms.katalon.core.webui.exception.WebElementNotFoundException: Web element with id: 'Object Repository/1. Constant/xpath' located by '//*[@id="UpdateDelegations"]/div[1]/h5' not found
	at com.kms.katalon.core.webui.common.WebUiCommonHelper.findWebElement(WebUiCommonHelper.java:1370)
	at com.kms.katalon.core.webui.keyword.internal.WebUIAbstractKeyword.findWebElement(WebUIAbstractKeyword.groovy:27)
	at com.kms.katalon.core.webui.keyword.internal.WebUIAbstractKeyword.findWebElement(WebUIAbstractKeyword.groovy:26)
	at com.kms.katalon.core.webui.keyword.builtin.GetTextKeyword$_getText_closure1.doCall(GetTextKeyword.groovy:78)
	at com.kms.katalon.core.webui.keyword.builtin.GetTextKeyword$_getText_closure1.call(GetTextKeyword.groovy)
	at com.kms.katalon.core.webui.keyword.internal.WebUIKeywordMain.runKeyword(WebUIKeywordMain.groovy:20)
	... 21 more]]></system-err>
      </testcase>
      <testcase name="Test Cases/204. TestStarPack Out of Office (OOO)/204.02 TestStarpack Out of Office DElete delegate User Management 204.01 P2" time="34.751" classname="Test Cases/204. TestStarPack Out of Office (OOO)/204.02 TestStarpack Out of Office DElete delegate User Management 204.01 P2" status="FAILED">
         <failure type="FAILED" message="Test Cases/204. TestStarPack Out of Office (OOO)/204.02 TestStarpack Out of Office DElete delegate User Management 204.01 P2 FAILED.
Reason:
com.kms.katalon.core.exception.StepFailedException: Actual text '' and expected text 'Cuentas delegadas a mí' are not matched
	at com.kms.katalon.core.keyword.builtin.VerifyMatchKeyword$_verifyMatch_closure1.doCall(VerifyMatchKeyword.groovy:57)
	at com.kms.katalon.core.keyword.builtin.VerifyMatchKeyword$_verifyMatch_closure1.call(VerifyMatchKeyword.groovy)
	at com.kms.katalon.core.keyword.internal.KeywordMain.runKeyword(KeywordMain.groovy:74)
	at com.kms.katalon.core.keyword.builtin.VerifyMatchKeyword.verifyMatch(VerifyMatchKeyword.groovy:60)
	at com.kms.katalon.core.keyword.builtin.VerifyMatchKeyword.execute(VerifyMatchKeyword.groovy:45)
	at com.kms.katalon.core.keyword.internal.KeywordExecutor.executeKeywordForPlatform(KeywordExecutor.groovy:74)
	at com.kms.katalon.core.keyword.BuiltinKeywords.verifyMatch(BuiltinKeywords.groovy:73)
	at functions.I.VerifyMatchText(I.groovy:434)
	at functions.I$VerifyMatchText$0.call(Unknown Source)
	at 204.02 TestStarpack Out of Office DElete delegate User Management 204.01 P2.run(204.02 TestStarpack Out of Office DElete delegate User Management 204.01 P2:64)
	at com.kms.katalon.core.main.ScriptEngine.run(ScriptEngine.java:194)
	at com.kms.katalon.core.main.ScriptEngine.runScriptAsRawText(ScriptEngine.java:119)
	at com.kms.katalon.core.main.TestCaseExecutor.runScript(TestCaseExecutor.java:445)
	at com.kms.katalon.core.main.TestCaseExecutor.doExecute(TestCaseExecutor.java:436)
	at com.kms.katalon.core.main.TestCaseExecutor.processExecutionPhase(TestCaseExecutor.java:415)
	at com.kms.katalon.core.main.TestCaseExecutor.accessMainPhase(TestCaseExecutor.java:407)
	at com.kms.katalon.core.main.TestCaseExecutor.execute(TestCaseExecutor.java:284)
	at com.kms.katalon.core.common.CommonExecutor.accessTestCaseMainPhase(CommonExecutor.java:65)
	at com.kms.katalon.core.main.TestSuiteExecutor.accessTestSuiteMainPhase(TestSuiteExecutor.java:144)
	at com.kms.katalon.core.main.TestSuiteExecutor.execute(TestSuiteExecutor.java:106)
	at com.kms.katalon.core.main.TestCaseMain.startTestSuite(TestCaseMain.java:185)
	at com.kms.katalon.core.main.TestCaseMain$startTestSuite$0.call(Unknown Source)
	at TempTestSuite1655482333873.run(TempTestSuite1655482333873.groovy:36)
"/>
         <system-out><![CDATA[2022-06-17 19:20:29 - [TEST_CASE][FAILED] - Test Cases/204. TestStarPack Out of Office (OOO)/204.02 TestStarpack Out of Office DElete delegate User Management 204.01 P2: Test Cases/204. TestStarPack Out of Office (OOO)/204.02 TestStarpack Out of Office DElete delegate User Management 204.01 P2 FAILED.
Reason:
com.kms.katalon.core.exception.StepFailedException: Actual text '' and expected text 'Cuentas delegadas a mí' are not matched
	at com.kms.katalon.core.keyword.builtin.VerifyMatchKeyword$_verifyMatch_closure1.doCall(VerifyMatchKeyword.groovy:57)
	at com.kms.katalon.core.keyword.builtin.VerifyMatchKeyword$_verifyMatch_closure1.call(VerifyMatchKeyword.groovy)
	at com.kms.katalon.core.keyword.internal.KeywordMain.runKeyword(KeywordMain.groovy:74)
	at com.kms.katalon.core.keyword.builtin.VerifyMatchKeyword.verifyMatch(VerifyMatchKeyword.groovy:60)
	at com.kms.katalon.core.keyword.builtin.VerifyMatchKeyword.execute(VerifyMatchKeyword.groovy:45)
	at com.kms.katalon.core.keyword.internal.KeywordExecutor.executeKeywordForPlatform(KeywordExecutor.groovy:74)
	at com.kms.katalon.core.keyword.BuiltinKeywords.verifyMatch(BuiltinKeywords.groovy:73)
	at functions.I.VerifyMatchText(I.groovy:434)
	at functions.I$VerifyMatchText$0.call(Unknown Source)
	at 204.02 TestStarpack Out of Office DElete delegate User Management 204.01 P2.run(204.02 TestStarpack Out of Office DElete delegate User Management 204.01 P2:64)
	at com.kms.katalon.core.main.ScriptEngine.run(ScriptEngine.java:194)
	at com.kms.katalon.core.main.ScriptEngine.runScriptAsRawText(ScriptEngine.java:119)
	at com.kms.katalon.core.main.TestCaseExecutor.runScript(TestCaseExecutor.java:445)
	at com.kms.katalon.core.main.TestCaseExecutor.doExecute(TestCaseExecutor.java:436)
	at com.kms.katalon.core.main.TestCaseExecutor.processExecutionPhase(TestCaseExecutor.java:415)
	at com.kms.katalon.core.main.TestCaseExecutor.accessMainPhase(TestCaseExecutor.java:407)
	at com.kms.katalon.core.main.TestCaseExecutor.execute(TestCaseExecutor.java:284)
	at com.kms.katalon.core.common.CommonExecutor.accessTestCaseMainPhase(CommonExecutor.java:65)
	at com.kms.katalon.core.main.TestSuiteExecutor.accessTestSuiteMainPhase(TestSuiteExecutor.java:144)
	at com.kms.katalon.core.main.TestSuiteExecutor.execute(TestSuiteExecutor.java:106)
	at com.kms.katalon.core.main.TestCaseMain.startTestSuite(TestCaseMain.java:185)
	at com.kms.katalon.core.main.TestCaseMain$startTestSuite$0.call(Unknown Source)
	at TempTestSuite1655482333873.run(TempTestSuite1655482333873.groovy:36)


2022-06-17 19:20:29 - [TEST_STEP][PASSED] - data = findTestData("Data Files/Username_Password/Test_Starpack"): null

2022-06-17 19:20:29 - [TEST_STEP][PASSED] - password_suser = data.getValue(2, 1): null

2022-06-17 19:20:29 - [TEST_STEP][PASSED] - password_aherms = data.getValue(2, 2): null

2022-06-17 19:20:29 - [TEST_STEP][PASSED] - password_agluszczynska = data.getValue(2, 3): null

2022-06-17 19:20:29 - [TEST_STEP][PASSED] - password_jmaciaszczyk = data.getValue(2, 4): null

2022-06-17 19:20:29 - [TEST_STEP][PASSED] - password_aterreshernandez = data.getValue(2, 5): null

2022-06-17 19:20:29 - [TEST_STEP][PASSED] - password_amartin_arbol = data.getValue(2, 6): null

2022-06-17 19:20:29 - [TEST_STEP][PASSED] - password_adelamatanieves = data.getValue(2, 7): null

2022-06-17 19:20:29 - [TEST_STEP][PASSED] - password_kcannoosamy_dia = data.getValue(2, 8): null

2022-06-17 19:20:29 - [TEST_STEP][PASSED] - password_jmarest = data.getValue(2, 9): null

2022-06-17 19:20:29 - [TEST_STEP][PASSED] - password_jmartinez_almarza = data.getValue(2, 10): null

2022-06-17 19:20:29 - [TEST_STEP][PASSED] - data_urlTestAUTO = findTestData("Data Files/URL/URL_testauto"): null

2022-06-17 19:20:29 - [TEST_STEP][PASSED] - Url_Starpack = data_urlTestAUTO.getValue(2, 2): null

2022-06-17 19:20:29 - [TEST_STEP][PASSED] - openBrowser(Url_Starpack): Browser is opened with url: 'https://mdb-v3-test.diadeis.com/MediaboxIndependence/?MBI_datasource=RELTEST_STARPACK'

2022-06-17 19:20:29 - [MESSAGE][WARNING] - A browser is already opened. Closing browser and opening a new one

2022-06-17 19:20:40 - [MESSAGE][INFO] - Starting 'Chrome (headless)' driver

2022-06-17 19:20:40 - [MESSAGE][INFO] - User set preference: ['args', '[--window-size=1920,1080, --headless]']

2022-06-17 19:20:40 - [MESSAGE][INFO] - Action delay is set to 0 milliseconds

2022-06-17 19:20:51 - [MESSAGE][PASSED] - Browser is opened with url: 'https://mdb-v3-test.diadeis.com/MediaboxIndependence/?MBI_datasource=RELTEST_STARPACK'

2022-06-17 19:20:51 - [TEST_STEP][PASSED] - maximizeWindow(): Current window maximized

2022-06-17 19:20:51 - [MESSAGE][PASSED] - Current window maximized

2022-06-17 19:20:51 - [TEST_STEP][PASSED] - I.Login_password("jmartinez_almarza", password_jmartinez_almarza): Object: 'Object Repository/1. Constant/xpath' is clicked on

2022-06-17 19:20:52 - [MESSAGE][PASSED] - Text 'jmartinez_almarza' is set on object 'Object Repository/1. Constant/xpath'

2022-06-17 19:20:53 - [MESSAGE][PASSED] - Delayed 1 second(s)

2022-06-17 19:20:54 - [MESSAGE][PASSED] - Text 'diadeis' is set on object 'Object Repository/1. Constant/xpath'

2022-06-17 19:20:55 - [MESSAGE][PASSED] - Delayed 1 second(s)

2022-06-17 19:21:01 - [MESSAGE][PASSED] - Object: 'Object Repository/1. Constant/xpath' is clicked on

2022-06-17 19:21:01 - [TEST_STEP][PASSED] - delay(1): Delayed 1 second(s)

2022-06-17 19:21:02 - [MESSAGE][PASSED] - Delayed 1 second(s)

2022-06-17 19:21:02 - [TEST_STEP][PASSED] - takeScreenshot(): Taking screenshot successfully

2022-06-17 19:21:02 - [MESSAGE][PASSED] - Taking screenshot successfully
[[ATTACHMENT|D:\\Projet Test Auto\\Mediabox Test Automation [Test]\\Reports\\20220617_181206\\z01. Test Suites\\204. TestStarPack Out of Office (OOO)\\20220617_181213\\1655486462161.png]]

2022-06-17 19:21:02 - [TEST_STEP][FAILED] - I.VerifyMatchText("//*[@id="modal_delegations"]/div/div/div[1]/h3", "Cuentas delegadas a mí"): Unable to verify match between actual text '' and expected text 'Cuentas delegadas a mí' (Root cause: com.kms.katalon.core.exception.StepFailedException: Actual text '' and expected text 'Cuentas delegadas a mí' are not matched
	at com.kms.katalon.core.keyword.builtin.VerifyMatchKeyword$_verifyMatch_closure1.doCall(VerifyMatchKeyword.groovy:57)
	at com.kms.katalon.core.keyword.builtin.VerifyMatchKeyword$_verifyMatch_closure1.call(VerifyMatchKeyword.groovy)
	at com.kms.katalon.core.keyword.internal.KeywordMain.runKeyword(KeywordMain.groovy:74)
	at com.kms.katalon.core.keyword.builtin.VerifyMatchKeyword.verifyMatch(VerifyMatchKeyword.groovy:60)
	at com.kms.katalon.core.keyword.builtin.VerifyMatchKeyword.execute(VerifyMatchKeyword.groovy:45)
	at com.kms.katalon.core.keyword.internal.KeywordExecutor.executeKeywordForPlatform(KeywordExecutor.groovy:74)
	at com.kms.katalon.core.keyword.BuiltinKeywords.verifyMatch(BuiltinKeywords.groovy:73)
	at functions.I.VerifyMatchText(I.groovy:434)
	at functions.I$VerifyMatchText$0.call(Unknown Source)
	at 204.02 TestStarpack Out of Office DElete delegate User Management 204.01 P2.run(204.02 TestStarpack Out of Office DElete delegate User Management 204.01 P2:64)
	at com.kms.katalon.core.main.ScriptEngine.run(ScriptEngine.java:194)
	at com.kms.katalon.core.main.ScriptEngine.runScriptAsRawText(ScriptEngine.java:119)
	at com.kms.katalon.core.main.TestCaseExecutor.runScript(TestCaseExecutor.java:445)
	at com.kms.katalon.core.main.TestCaseExecutor.doExecute(TestCaseExecutor.java:436)
	at com.kms.katalon.core.main.TestCaseExecutor.processExecutionPhase(TestCaseExecutor.java:415)
	at com.kms.katalon.core.main.TestCaseExecutor.accessMainPhase(TestCaseExecutor.java:407)
	at com.kms.katalon.core.main.TestCaseExecutor.execute(TestCaseExecutor.java:284)
	at com.kms.katalon.core.common.CommonExecutor.accessTestCaseMainPhase(CommonExecutor.java:65)
	at com.kms.katalon.core.main.TestSuiteExecutor.accessTestSuiteMainPhase(TestSuiteExecutor.java:144)
	at com.kms.katalon.core.main.TestSuiteExecutor.execute(TestSuiteExecutor.java:106)
	at com.kms.katalon.core.main.TestCaseMain.startTestSuite(TestCaseMain.java:185)
	at com.kms.katalon.core.main.TestCaseMain$startTestSuite$0.call(Unknown Source)
	at TempTestSuite1655482333873.run(TempTestSuite1655482333873.groovy:36)
)

2022-06-17 19:21:02 - [MESSAGE][PASSED] - Text of object 'Object Repository/1. Constant/xpath' is: ''

2022-06-17 19:21:03 - [MESSAGE][PASSED] - Delayed 1 second(s)

2022-06-17 19:21:03 - [MESSAGE][FAILED] - Unable to verify match between actual text '' and expected text 'Cuentas delegadas a mí' (Root cause: com.kms.katalon.core.exception.StepFailedException: Actual text '' and expected text 'Cuentas delegadas a mí' are not matched
	at com.kms.katalon.core.keyword.builtin.VerifyMatchKeyword$_verifyMatch_closure1.doCall(VerifyMatchKeyword.groovy:57)
	at com.kms.katalon.core.keyword.builtin.VerifyMatchKeyword$_verifyMatch_closure1.call(VerifyMatchKeyword.groovy)
	at com.kms.katalon.core.keyword.internal.KeywordMain.runKeyword(KeywordMain.groovy:74)
	at com.kms.katalon.core.keyword.builtin.VerifyMatchKeyword.verifyMatch(VerifyMatchKeyword.groovy:60)
	at com.kms.katalon.core.keyword.builtin.VerifyMatchKeyword.execute(VerifyMatchKeyword.groovy:45)
	at com.kms.katalon.core.keyword.internal.KeywordExecutor.executeKeywordForPlatform(KeywordExecutor.groovy:74)
	at com.kms.katalon.core.keyword.BuiltinKeywords.verifyMatch(BuiltinKeywords.groovy:73)
	at functions.I.VerifyMatchText(I.groovy:434)
	at functions.I$VerifyMatchText$0.call(Unknown Source)
	at 204.02 TestStarpack Out of Office DElete delegate User Management 204.01 P2.run(204.02 TestStarpack Out of Office DElete delegate User Management 204.01 P2:64)
	at com.kms.katalon.core.main.ScriptEngine.run(ScriptEngine.java:194)
	at com.kms.katalon.core.main.ScriptEngine.runScriptAsRawText(ScriptEngine.java:119)
	at com.kms.katalon.core.main.TestCaseExecutor.runScript(TestCaseExecutor.java:445)
	at com.kms.katalon.core.main.TestCaseExecutor.doExecute(TestCaseExecutor.java:436)
	at com.kms.katalon.core.main.TestCaseExecutor.processExecutionPhase(TestCaseExecutor.java:415)
	at com.kms.katalon.core.main.TestCaseExecutor.accessMainPhase(TestCaseExecutor.java:407)
	at com.kms.katalon.core.main.TestCaseExecutor.execute(TestCaseExecutor.java:284)
	at com.kms.katalon.core.common.CommonExecutor.accessTestCaseMainPhase(CommonExecutor.java:65)
	at com.kms.katalon.core.main.TestSuiteExecutor.accessTestSuiteMainPhase(TestSuiteExecutor.java:144)
	at com.kms.katalon.core.main.TestSuiteExecutor.execute(TestSuiteExecutor.java:106)
	at com.kms.katalon.core.main.TestCaseMain.startTestSuite(TestCaseMain.java:185)
	at com.kms.katalon.core.main.TestCaseMain$startTestSuite$0.call(Unknown Source)
	at TempTestSuite1655482333873.run(TempTestSuite1655482333873.groovy:36)
)

2022-06-17 19:21:03 - [TEST_STEP][PASSED] - Start listener action : sampleAfterTestCase: null]]></system-out>
         <system-err><![CDATA[2022-06-17 19:20:29 - [TEST_CASE][FAILED] - Test Cases/204. TestStarPack Out of Office (OOO)/204.02 TestStarpack Out of Office DElete delegate User Management 204.01 P2: Test Cases/204. TestStarPack Out of Office (OOO)/204.02 TestStarpack Out of Office DElete delegate User Management 204.01 P2 FAILED.
Reason:
com.kms.katalon.core.exception.StepFailedException: Actual text '' and expected text 'Cuentas delegadas a mí' are not matched
	at com.kms.katalon.core.keyword.builtin.VerifyMatchKeyword$_verifyMatch_closure1.doCall(VerifyMatchKeyword.groovy:57)
	at com.kms.katalon.core.keyword.builtin.VerifyMatchKeyword$_verifyMatch_closure1.call(VerifyMatchKeyword.groovy)
	at com.kms.katalon.core.keyword.internal.KeywordMain.runKeyword(KeywordMain.groovy:74)
	at com.kms.katalon.core.keyword.builtin.VerifyMatchKeyword.verifyMatch(VerifyMatchKeyword.groovy:60)
	at com.kms.katalon.core.keyword.builtin.VerifyMatchKeyword.execute(VerifyMatchKeyword.groovy:45)
	at com.kms.katalon.core.keyword.internal.KeywordExecutor.executeKeywordForPlatform(KeywordExecutor.groovy:74)
	at com.kms.katalon.core.keyword.BuiltinKeywords.verifyMatch(BuiltinKeywords.groovy:73)
	at functions.I.VerifyMatchText(I.groovy:434)
	at functions.I$VerifyMatchText$0.call(Unknown Source)
	at 204.02 TestStarpack Out of Office DElete delegate User Management 204.01 P2.run(204.02 TestStarpack Out of Office DElete delegate User Management 204.01 P2:64)
	at com.kms.katalon.core.main.ScriptEngine.run(ScriptEngine.java:194)
	at com.kms.katalon.core.main.ScriptEngine.runScriptAsRawText(ScriptEngine.java:119)
	at com.kms.katalon.core.main.TestCaseExecutor.runScript(TestCaseExecutor.java:445)
	at com.kms.katalon.core.main.TestCaseExecutor.doExecute(TestCaseExecutor.java:436)
	at com.kms.katalon.core.main.TestCaseExecutor.processExecutionPhase(TestCaseExecutor.java:415)
	at com.kms.katalon.core.main.TestCaseExecutor.accessMainPhase(TestCaseExecutor.java:407)
	at com.kms.katalon.core.main.TestCaseExecutor.execute(TestCaseExecutor.java:284)
	at com.kms.katalon.core.common.CommonExecutor.accessTestCaseMainPhase(CommonExecutor.java:65)
	at com.kms.katalon.core.main.TestSuiteExecutor.accessTestSuiteMainPhase(TestSuiteExecutor.java:144)
	at com.kms.katalon.core.main.TestSuiteExecutor.execute(TestSuiteExecutor.java:106)
	at com.kms.katalon.core.main.TestCaseMain.startTestSuite(TestCaseMain.java:185)
	at com.kms.katalon.core.main.TestCaseMain$startTestSuite$0.call(Unknown Source)
	at TempTestSuite1655482333873.run(TempTestSuite1655482333873.groovy:36)]]></system-err>
      </testcase>
      <testcase name="Test Cases/204. TestStarPack Out of Office (OOO)/204.03 TestStarpack Add A delegate _ accounts delegated to me check" time="214.551" classname="Test Cases/204. TestStarPack Out of Office (OOO)/204.03 TestStarpack Add A delegate _ accounts delegated to me check" status="PASSED">
         <system-out><![CDATA[2022-06-17 19:21:03 - [TEST_CASE][PASSED] - Test Cases/204. TestStarPack Out of Office (OOO)/204.03 TestStarpack Add A delegate _ accounts delegated to me check: Test Cases/204. TestStarPack Out of Office (OOO)/204.03 TestStarpack Add A delegate _ accounts delegated to me check

2022-06-17 19:21:04 - [TEST_STEP][PASSED] - data = findTestData("Data Files/Username_Password/Test_Starpack"): null

2022-06-17 19:21:04 - [TEST_STEP][PASSED] - password_suser = data.getValue(2, 1): null

2022-06-17 19:21:04 - [TEST_STEP][PASSED] - password_aherms = data.getValue(2, 2): null

2022-06-17 19:21:04 - [TEST_STEP][PASSED] - password_agluszczynska = data.getValue(2, 3): null

2022-06-17 19:21:04 - [TEST_STEP][PASSED] - password_jmaciaszczyk = data.getValue(2, 4): null

2022-06-17 19:21:04 - [TEST_STEP][PASSED] - password_aterreshernandez = data.getValue(2, 5): null

2022-06-17 19:21:04 - [TEST_STEP][PASSED] - password_amartin_arbol = data.getValue(2, 6): null

2022-06-17 19:21:04 - [TEST_STEP][PASSED] - password_adelamatanieves = data.getValue(2, 7): null

2022-06-17 19:21:04 - [TEST_STEP][PASSED] - password_kcannoosamy_dia = data.getValue(2, 8): null

2022-06-17 19:21:04 - [TEST_STEP][PASSED] - password_jmarest = data.getValue(2, 9): null

2022-06-17 19:21:04 - [TEST_STEP][PASSED] - password_jmartinez_almarza = data.getValue(2, 10): null

2022-06-17 19:21:04 - [TEST_STEP][PASSED] - password_dcrow = data.getValue(2, 11): null

2022-06-17 19:21:04 - [TEST_STEP][PASSED] - password_ncurnier = data.getValue(2, 12): null

2022-06-17 19:21:04 - [TEST_STEP][PASSED] - password_mdelrio = data.getValue(2, 13): null

2022-06-17 19:21:04 - [TEST_STEP][PASSED] - password_1packaging2 = data.getValue(2, 14): null

2022-06-17 19:21:04 - [TEST_STEP][PASSED] - data_urlTestAUTO = findTestData("Data Files/URL/URL_testauto"): null

2022-06-17 19:21:04 - [TEST_STEP][PASSED] - Url_Starpack = data_urlTestAUTO.getValue(2, 2): null

2022-06-17 19:21:04 - [TEST_STEP][PASSED] - openBrowser(Url_Starpack): Browser is opened with url: 'https://mdb-v3-test.diadeis.com/MediaboxIndependence/?MBI_datasource=RELTEST_STARPACK'

2022-06-17 19:21:04 - [MESSAGE][WARNING] - A browser is already opened. Closing browser and opening a new one

2022-06-17 19:21:18 - [MESSAGE][INFO] - Starting 'Chrome (headless)' driver

2022-06-17 19:21:18 - [MESSAGE][INFO] - User set preference: ['args', '[--window-size=1920,1080, --headless]']

2022-06-17 19:21:18 - [MESSAGE][INFO] - Action delay is set to 0 milliseconds

2022-06-17 19:21:33 - [MESSAGE][PASSED] - Browser is opened with url: 'https://mdb-v3-test.diadeis.com/MediaboxIndependence/?MBI_datasource=RELTEST_STARPACK'

2022-06-17 19:21:33 - [TEST_STEP][PASSED] - maximizeWindow(): Current window maximized

2022-06-17 19:21:33 - [MESSAGE][PASSED] - Current window maximized

2022-06-17 19:21:33 - [TEST_STEP][PASSED] - I.Login_password("mdelrio", password_mdelrio): Object: 'Object Repository/1. Constant/xpath' is clicked on

2022-06-17 19:21:34 - [MESSAGE][PASSED] - Text 'mdelrio' is set on object 'Object Repository/1. Constant/xpath'

2022-06-17 19:21:35 - [MESSAGE][PASSED] - Delayed 1 second(s)

2022-06-17 19:21:36 - [MESSAGE][PASSED] - Text 'diadeis' is set on object 'Object Repository/1. Constant/xpath'

2022-06-17 19:21:37 - [MESSAGE][PASSED] - Delayed 1 second(s)

2022-06-17 19:21:44 - [MESSAGE][PASSED] - Object: 'Object Repository/1. Constant/xpath' is clicked on

2022-06-17 19:21:44 - [TEST_STEP][PASSED] - I.Go_to_MyProfile(): Delayed 1 second(s)

2022-06-17 19:21:44 - [MESSAGE][PASSED] - Object: 'Object Repository/1. Constant/xpath' is clicked on

2022-06-17 19:21:45 - [MESSAGE][PASSED] - Delayed 1 second(s)

2022-06-17 19:21:52 - [MESSAGE][PASSED] - Object: 'Object Repository/1. Constant/xpath' is clicked on

2022-06-17 19:21:53 - [MESSAGE][PASSED] - Delayed 1 second(s)

2022-06-17 19:21:53 - [TEST_STEP][PASSED] - click(findTestObject("1. Constant/xpath", ["xpath":"//*[@id="btn_add_delegation"]"])): Object: 'Object Repository/1. Constant/xpath' is clicked on

2022-06-17 19:21:53 - [MESSAGE][PASSED] - Object: 'Object Repository/1. Constant/xpath' is clicked on

2022-06-17 19:21:53 - [TEST_STEP][PASSED] - delay(3): Delayed 3 second(s)

2022-06-17 19:21:56 - [MESSAGE][PASSED] - Delayed 3 second(s)

2022-06-17 19:21:56 - [TEST_STEP][PASSED] - I.Delegate_Select_date_PreviousMonth("//*[@id="delegation_start_date_new1"]"): Object: 'Object Repository/1. Constant/xpath' is clicked on

2022-06-17 19:21:57 - [MESSAGE][PASSED] - Object: 'Object Repository/1. Constant/xpath' is clicked on

2022-06-17 19:21:59 - [MESSAGE][PASSED] - Delayed 2 second(s)

2022-06-17 19:21:59 - [MESSAGE][PASSED] - Object: 'Object Repository/1. Constant/xpath' is clicked on

2022-06-17 19:22:00 - [MESSAGE][PASSED] - Delayed 1 second(s)

2022-06-17 19:22:01 - [MESSAGE][PASSED] - Object: 'Object Repository/1. Constant/xpath' is clicked on

2022-06-17 19:22:01 - [TEST_STEP][PASSED] - delay(3): Delayed 3 second(s)

2022-06-17 19:22:04 - [MESSAGE][PASSED] - Delayed 3 second(s)

2022-06-17 19:22:04 - [TEST_STEP][PASSED] - I.Delegate_Select_date_NextMonth("//*[@id="delegation_end_date_new1"]"): Object: 'Object Repository/1. Constant/xpath' is clicked on

2022-06-17 19:22:04 - [MESSAGE][PASSED] - Object: 'Object Repository/1. Constant/xpath' is clicked on

2022-06-17 19:22:06 - [MESSAGE][PASSED] - Delayed 2 second(s)

2022-06-17 19:22:06 - [MESSAGE][PASSED] - Object: 'Object Repository/1. Constant/xpath' is clicked on

2022-06-17 19:22:07 - [MESSAGE][PASSED] - Delayed 1 second(s)

2022-06-17 19:22:07 - [MESSAGE][PASSED] - Object: 'Object Repository/1. Constant/xpath' is clicked on

2022-06-17 19:22:07 - [TEST_STEP][PASSED] - delay(3): Delayed 3 second(s)

2022-06-17 19:22:10 - [MESSAGE][PASSED] - Delayed 3 second(s)

2022-06-17 19:22:10 - [TEST_STEP][PASSED] - selectOptionByValue(findTestObject("1. Constant/xpath", ["xpath":"//*[@id="delegation_select_user_new1"]"]), "1packaging2", false, STOP_ON_FAILURE): All options with value '1packaging2' are selected in object 'Object Repository/1. Constant/xpath' 

2022-06-17 19:22:10 - [MESSAGE][PASSED] - All options with value '1packaging2' are selected in object 'Object Repository/1. Constant/xpath' 

2022-06-17 19:22:10 - [TEST_STEP][PASSED] - delay(3): Delayed 3 second(s)

2022-06-17 19:22:13 - [MESSAGE][PASSED] - Delayed 3 second(s)

2022-06-17 19:22:13 - [TEST_STEP][PASSED] - I.click_button_javascript(findTestObject("1. Constant/xpath", ["xpath":"//*[@id="ModifierUser"]/div[3]/div/button"])): Execute JavaScript 'arguments[0].click()' successfully

2022-06-17 19:22:15 - [MESSAGE][PASSED] - Execute JavaScript 'arguments[0].click()' successfully

2022-06-17 19:22:15 - [TEST_STEP][PASSED] - I.Logout(): Delayed 3 second(s)

2022-06-17 19:22:18 - [MESSAGE][PASSED] - Delayed 3 second(s)

2022-06-17 19:22:19 - [MESSAGE][PASSED] - Object: 'Object Repository/1. Constant/xpath' is clicked on

2022-06-17 19:22:22 - [MESSAGE][PASSED] - Delayed 3 second(s)

2022-06-17 19:22:24 - [MESSAGE][PASSED] - Object: 'Object Repository/1. Constant/xpath' is clicked on

2022-06-17 19:22:27 - [MESSAGE][PASSED] - Delayed 3 second(s)

2022-06-17 19:22:27 - [TEST_STEP][PASSED] - I.Login_password("1packaging2", password_1packaging2): Object: 'Object Repository/1. Constant/xpath' is clicked on

2022-06-17 19:22:27 - [MESSAGE][PASSED] - Text '1packaging2' is set on object 'Object Repository/1. Constant/xpath'

2022-06-17 19:22:28 - [MESSAGE][PASSED] - Delayed 1 second(s)

2022-06-17 19:22:29 - [MESSAGE][PASSED] - Text 'diadeis' is set on object 'Object Repository/1. Constant/xpath'

2022-06-17 19:22:30 - [MESSAGE][PASSED] - Delayed 1 second(s)

2022-06-17 19:22:32 - [MESSAGE][PASSED] - Object: 'Object Repository/1. Constant/xpath' is clicked on

2022-06-17 19:22:32 - [TEST_STEP][PASSED] - takeScreenshot(): Taking screenshot successfully

2022-06-17 19:22:33 - [MESSAGE][PASSED] - Taking screenshot successfully
[[ATTACHMENT|D:\\Projet Test Auto\\Mediabox Test Automation [Test]\\Reports\\20220617_181206\\z01. Test Suites\\204. TestStarPack Out of Office (OOO)\\20220617_181213\\1655486553558.png]]

2022-06-17 19:22:33 - [TEST_STEP][PASSED] - delay(1): Delayed 1 second(s)

2022-06-17 19:22:34 - [MESSAGE][PASSED] - Delayed 1 second(s)

2022-06-17 19:22:34 - [TEST_STEP][PASSED] - click(findTestObject("1. Constant/xpath", ["xpath":"//*[@id="modal_delegations"]/div/div/div[3]/button"])): Object: 'Object Repository/1. Constant/xpath' is clicked on

2022-06-17 19:22:35 - [MESSAGE][PASSED] - Object: 'Object Repository/1. Constant/xpath' is clicked on

2022-06-17 19:22:35 - [TEST_STEP][PASSED] - click(findTestObject("1. Constant/xpath", ["xpath":"//*[@id="kt_header"]/div/div[2]/div[2]/div[1]/div/span/img"])): Object: 'Object Repository/1. Constant/xpath' is clicked on

2022-06-17 19:22:35 - [MESSAGE][PASSED] - Object: 'Object Repository/1. Constant/xpath' is clicked on

2022-06-17 19:22:35 - [TEST_STEP][PASSED] - delay(1): Delayed 1 second(s)

2022-06-17 19:22:36 - [MESSAGE][PASSED] - Delayed 1 second(s)

2022-06-17 19:22:36 - [TEST_STEP][PASSED] - click(findTestObject("1. Constant/xpath", ["xpath":"//*[@id="kt_header"]/div/div[2]/div[2]/div[2]/a[2]"])): Object: 'Object Repository/1. Constant/xpath' is clicked on

2022-06-17 19:22:39 - [MESSAGE][PASSED] - Object: 'Object Repository/1. Constant/xpath' is clicked on

2022-06-17 19:22:39 - [TEST_STEP][PASSED] - delay(1): Delayed 1 second(s)

2022-06-17 19:22:40 - [MESSAGE][PASSED] - Delayed 1 second(s)

2022-06-17 19:22:40 - [TEST_STEP][PASSED] - I.Pagedown(): Execute JavaScript 'window.scrollTo(0, document.body.scrollHeight)' successfully

2022-06-17 19:22:40 - [MESSAGE][PASSED] - Execute JavaScript 'window.scrollTo(0, document.body.scrollHeight)' successfully

2022-06-17 19:22:40 - [TEST_STEP][PASSED] - delay(1): Delayed 1 second(s)

2022-06-17 19:22:41 - [MESSAGE][PASSED] - Delayed 1 second(s)

2022-06-17 19:22:41 - [TEST_STEP][PASSED] - click(findTestObject("1. Constant/xpath", ["xpath":"/html/body/div[1]/div[2]/div[4]/div[3]/div/div/div/form/div[2]/div[2]/div[2]/div[4]/table/tbody/tr/td[3]/label"])): Object: 'Object Repository/1. Constant/xpath' is clicked on

2022-06-17 19:22:42 - [MESSAGE][PASSED] - Object: 'Object Repository/1. Constant/xpath' is clicked on

2022-06-17 19:22:42 - [TEST_STEP][PASSED] - delay(1): Delayed 1 second(s)

2022-06-17 19:22:43 - [MESSAGE][PASSED] - Delayed 1 second(s)

2022-06-17 19:22:43 - [TEST_STEP][PASSED] - I.click_button_javascript(findTestObject("1. Constant/xpath", ["xpath":"//*[@id="ModifierUser"]/div[3]/div/button"])): Execute JavaScript 'arguments[0].click()' successfully

2022-06-17 19:22:44 - [MESSAGE][PASSED] - Execute JavaScript 'arguments[0].click()' successfully

2022-06-17 19:22:44 - [TEST_STEP][PASSED] - I.Logout_xpath("//*[@id="kt_header"]/div/div[2]/div[2]/div[1]/div/span/img", "//*[@id="kt_header"]/div/div[2]/div[2]/div[2]/a[4]"): Wait for page load successfully

2022-06-17 19:22:45 - [MESSAGE][PASSED] - Object: 'Object Repository/1. Constant/xpath' is clicked on

2022-06-17 19:22:46 - [MESSAGE][PASSED] - Delayed 1 second(s)

2022-06-17 19:22:47 - [MESSAGE][PASSED] - Object: 'Object Repository/1. Constant/xpath' is clicked on

2022-06-17 19:22:48 - [MESSAGE][PASSED] - Delayed 1 second(s)

2022-06-17 19:22:48 - [MESSAGE][PASSED] - Wait for page load successfully

2022-06-17 19:22:48 - [TEST_STEP][PASSED] - I.Login_password("adelamatanieves", password_adelamatanieves): Object: 'Object Repository/1. Constant/xpath' is clicked on

2022-06-17 19:22:48 - [MESSAGE][PASSED] - Text 'adelamatanieves' is set on object 'Object Repository/1. Constant/xpath'

2022-06-17 19:22:49 - [MESSAGE][PASSED] - Delayed 1 second(s)

2022-06-17 19:22:50 - [MESSAGE][PASSED] - Text 'diadeis' is set on object 'Object Repository/1. Constant/xpath'

2022-06-17 19:22:51 - [MESSAGE][PASSED] - Delayed 1 second(s)

2022-06-17 19:22:54 - [MESSAGE][PASSED] - Object: 'Object Repository/1. Constant/xpath' is clicked on

2022-06-17 19:22:54 - [TEST_STEP][PASSED] - takeScreenshot(): Taking screenshot successfully

2022-06-17 19:22:54 - [MESSAGE][PASSED] - Taking screenshot successfully
[[ATTACHMENT|D:\\Projet Test Auto\\Mediabox Test Automation [Test]\\Reports\\20220617_181206\\z01. Test Suites\\204. TestStarPack Out of Office (OOO)\\20220617_181213\\1655486574182.png]]

2022-06-17 19:22:54 - [TEST_STEP][PASSED] - click(findTestObject("1. Constant/02_LHSMenu_Projects")): Object: 'Object Repository/1. Constant/02_LHSMenu_Projects' is clicked on

2022-06-17 19:22:57 - [MESSAGE][PASSED] - Object: 'Object Repository/1. Constant/02_LHSMenu_Projects' is clicked on

2022-06-17 19:22:57 - [TEST_STEP][PASSED] - click(findTestObject("xxx Todelete/3 ProjectListPage_Create_Project_Button")): Object: 'Object Repository/xxx Todelete/3 ProjectListPage_Create_Project_Button' is clicked on

2022-06-17 19:22:58 - [MESSAGE][PASSED] - Object: 'Object Repository/xxx Todelete/3 ProjectListPage_Create_Project_Button' is clicked on

2022-06-17 19:22:58 - [TEST_STEP][PASSED] - takeScreenshot(): Taking screenshot successfully

2022-06-17 19:22:59 - [MESSAGE][PASSED] - Taking screenshot successfully
[[ATTACHMENT|D:\\Projet Test Auto\\Mediabox Test Automation [Test]\\Reports\\20220617_181206\\z01. Test Suites\\204. TestStarPack Out of Office (OOO)\\20220617_181213\\1655486578815.png]]

2022-06-17 19:22:59 - [TEST_STEP][PASSED] - project_name0 = "AutoTest_Chrome_Starpack_OutOfOffice" + RandomStringUtils.randomAlphanumeric(10) + "_" + I.gettimedate(): null

2022-06-17 19:22:59 - [TEST_STEP][PASSED] - setText(findTestObject("HL Full Lifecycle/4 CreateProjPage_inputProjectname"), project_name0): Text 'AutoTest_Chrome_Starpack_OutOfOfficepIr96S4xeL_juin172022_192259' is set on object 'Object Repository/HL Full Lifecycle/4 CreateProjPage_inputProjectname'

2022-06-17 19:22:59 - [MESSAGE][PASSED] - Text 'AutoTest_Chrome_Starpack_OutOfOfficepIr96S4xeL_juin172022_192259' is set on object 'Object Repository/HL Full Lifecycle/4 CreateProjPage_inputProjectname'

2022-06-17 19:22:59 - [TEST_STEP][PASSED] - click(findTestObject("HL Full Lifecycle/4 CreateProjPage_Create Project_Bluebutton")): Object: 'Object Repository/HL Full Lifecycle/4 CreateProjPage_Create Project_Bluebutton' is clicked on

2022-06-17 19:23:03 - [MESSAGE][PASSED] - Object: 'Object Repository/HL Full Lifecycle/4 CreateProjPage_Create Project_Bluebutton' is clicked on

2022-06-17 19:23:03 - [TEST_STEP][PASSED] - delay(1): Delayed 1 second(s)

2022-06-17 19:23:04 - [MESSAGE][PASSED] - Delayed 1 second(s)

2022-06-17 19:23:04 - [TEST_STEP][PASSED] - takeScreenshot(): Taking screenshot successfully

2022-06-17 19:23:04 - [MESSAGE][PASSED] - Taking screenshot successfully
[[ATTACHMENT|D:\\Projet Test Auto\\Mediabox Test Automation [Test]\\Reports\\20220617_181206\\z01. Test Suites\\204. TestStarPack Out of Office (OOO)\\20220617_181213\\1655486584089.png]]

2022-06-17 19:23:04 - [TEST_STEP][PASSED] - selectOptionByValue(findTestObject("1. Constant/01_id_field_id", ["field_id":"var_98"]), "122", false): All options with value '122' are selected in object 'Object Repository/1. Constant/01_id_field_id' 

2022-06-17 19:23:04 - [MESSAGE][PASSED] - All options with value '122' are selected in object 'Object Repository/1. Constant/01_id_field_id' 

2022-06-17 19:23:04 - [TEST_STEP][PASSED] - delay(2): Delayed 2 second(s)

2022-06-17 19:23:06 - [MESSAGE][PASSED] - Delayed 2 second(s)

2022-06-17 19:23:06 - [TEST_STEP][PASSED] - selectOptionByValue(findTestObject("1. Constant/01_id_field_id", ["field_id":"var_9"]), "amartin_arbol", false): All options with value 'amartin_arbol' are selected in object 'Object Repository/1. Constant/01_id_field_id' 

2022-06-17 19:23:06 - [MESSAGE][PASSED] - All options with value 'amartin_arbol' are selected in object 'Object Repository/1. Constant/01_id_field_id' 

2022-06-17 19:23:06 - [TEST_STEP][PASSED] - delay(1): Delayed 1 second(s)

2022-06-17 19:23:07 - [MESSAGE][PASSED] - Delayed 1 second(s)

2022-06-17 19:23:07 - [TEST_STEP][PASSED] - selectOptionByValue(findTestObject("1. Constant/01_id_field_id", ["field_id":"var_10"]), "aterreshernandez", false): All options with value 'aterreshernandez' are selected in object 'Object Repository/1. Constant/01_id_field_id' 

2022-06-17 19:23:08 - [MESSAGE][PASSED] - All options with value 'aterreshernandez' are selected in object 'Object Repository/1. Constant/01_id_field_id' 

2022-06-17 19:23:08 - [TEST_STEP][PASSED] - delay(1): Delayed 1 second(s)

2022-06-17 19:23:09 - [MESSAGE][PASSED] - Delayed 1 second(s)

2022-06-17 19:23:09 - [TEST_STEP][PASSED] - selectOptionByValue(findTestObject("Object Repository/xxx Todelete/1.4 ModifyProPage_MF(IDP)"), "nalonsobermejo", true): All options with value 'nalonsobermejo' are selected in object 'Object Repository/xxx Todelete/1.4 ModifyProPage_MF(IDP)'  using regular expression

2022-06-17 19:23:09 - [MESSAGE][PASSED] - All options with value 'nalonsobermejo' are selected in object 'Object Repository/xxx Todelete/1.4 ModifyProPage_MF(IDP)'  using regular expression

2022-06-17 19:23:09 - [TEST_STEP][PASSED] - delay(1): Delayed 1 second(s)

2022-06-17 19:23:10 - [MESSAGE][PASSED] - Delayed 1 second(s)

2022-06-17 19:23:10 - [TEST_STEP][PASSED] - click(findTestObject("Object Repository/xxx Todelete/1.41 ModifyProPage_AddMF")): Object: 'Object Repository/xxx Todelete/1.41 ModifyProPage_AddMF' is clicked on

2022-06-17 19:23:10 - [MESSAGE][PASSED] - Object: 'Object Repository/xxx Todelete/1.41 ModifyProPage_AddMF' is clicked on

2022-06-17 19:23:10 - [TEST_STEP][PASSED] - delay(1): Delayed 1 second(s)

2022-06-17 19:23:11 - [MESSAGE][PASSED] - Delayed 1 second(s)

2022-06-17 19:23:11 - [TEST_STEP][PASSED] - selectOptionByValue(findTestObject("1. Constant/01_id_field_id", ["field_id":"var_15"]), "292", false): All options with value '292' are selected in object 'Object Repository/1. Constant/01_id_field_id' 

2022-06-17 19:23:12 - [MESSAGE][PASSED] - All options with value '292' are selected in object 'Object Repository/1. Constant/01_id_field_id' 

2022-06-17 19:23:12 - [TEST_STEP][PASSED] - delay(1): Delayed 1 second(s)

2022-06-17 19:23:13 - [MESSAGE][PASSED] - Delayed 1 second(s)

2022-06-17 19:23:13 - [TEST_STEP][PASSED] - selectOptionByValue(findTestObject("1. Constant/01_id_field_id", ["field_id":"var_26"]), "94", false): All options with value '94' are selected in object 'Object Repository/1. Constant/01_id_field_id' 

2022-06-17 19:23:13 - [MESSAGE][PASSED] - All options with value '94' are selected in object 'Object Repository/1. Constant/01_id_field_id' 

2022-06-17 19:23:13 - [TEST_STEP][PASSED] - delay(1): Delayed 1 second(s)

2022-06-17 19:23:14 - [MESSAGE][PASSED] - Delayed 1 second(s)

2022-06-17 19:23:14 - [TEST_STEP][PASSED] - selectOptionByValue(findTestObject("1. Constant/01_id_field_id", ["field_id":"var_12"]), "94", false): All options with value '94' are selected in object 'Object Repository/1. Constant/01_id_field_id' 

2022-06-17 19:23:14 - [MESSAGE][PASSED] - All options with value '94' are selected in object 'Object Repository/1. Constant/01_id_field_id' 

2022-06-17 19:23:14 - [TEST_STEP][PASSED] - delay(1): Delayed 1 second(s)

2022-06-17 19:23:15 - [MESSAGE][PASSED] - Delayed 1 second(s)

2022-06-17 19:23:15 - [TEST_STEP][PASSED] - selectOptionByValue(findTestObject("1. Constant/01_id_field_id", ["field_id":"var_27"]), "734", false): All options with value '734' are selected in object 'Object Repository/1. Constant/01_id_field_id' 

2022-06-17 19:23:16 - [MESSAGE][PASSED] - All options with value '734' are selected in object 'Object Repository/1. Constant/01_id_field_id' 

2022-06-17 19:23:16 - [TEST_STEP][PASSED] - delay(1): Delayed 1 second(s)

2022-06-17 19:23:17 - [MESSAGE][PASSED] - Delayed 1 second(s)

2022-06-17 19:23:17 - [TEST_STEP][PASSED] - selectOptionByValue(findTestObject("1. Constant/01_id_field_id", ["field_id":"var_71"]), "efood", false): All options with value 'efood' are selected in object 'Object Repository/1. Constant/01_id_field_id' 

2022-06-17 19:23:17 - [MESSAGE][PASSED] - All options with value 'efood' are selected in object 'Object Repository/1. Constant/01_id_field_id' 

2022-06-17 19:23:17 - [TEST_STEP][PASSED] - delay(1): Delayed 1 second(s)

2022-06-17 19:23:18 - [MESSAGE][PASSED] - Delayed 1 second(s)

2022-06-17 19:23:18 - [TEST_STEP][PASSED] - takeScreenshot(): Taking screenshot successfully

2022-06-17 19:23:18 - [MESSAGE][PASSED] - Taking screenshot successfully
[[ATTACHMENT|D:\\Projet Test Auto\\Mediabox Test Automation [Test]\\Reports\\20220617_181206\\z01. Test Suites\\204. TestStarPack Out of Office (OOO)\\20220617_181213\\1655486598249.png]]

2022-06-17 19:23:18 - [TEST_STEP][PASSED] - delay(5): Delayed 5 second(s)

2022-06-17 19:23:23 - [MESSAGE][PASSED] - Delayed 5 second(s)

2022-06-17 19:23:23 - [TEST_STEP][PASSED] - click(findTestObject("HL Full Lifecycle/5 ModifyProjPage_button_Update")): Object: 'Object Repository/HL Full Lifecycle/5 ModifyProjPage_button_Update' is clicked on

2022-06-17 19:23:28 - [MESSAGE][PASSED] - Object: 'Object Repository/HL Full Lifecycle/5 ModifyProjPage_button_Update' is clicked on

2022-06-17 19:23:28 - [TEST_STEP][PASSED] - delay(2): Delayed 2 second(s)

2022-06-17 19:23:30 - [MESSAGE][PASSED] - Delayed 2 second(s)

2022-06-17 19:23:30 - [TEST_STEP][PASSED] - Project_No = I.ProjectNo(): Current window's url is: 'https://mdb-v3-test.diadeis.com/MediaboxIndependence/Base/ExecAction?IDSession=MBI%21RELTEST_STARPACK%21UPXOIRKQBLITRQ4N9ULF5U3OQM7EH6AARYACF725&default_action=AfficheFichesProjet&id_project=MI000941'

2022-06-17 19:23:35 - [MESSAGE][PASSED] - Delayed 5 second(s)

2022-06-17 19:23:35 - [MESSAGE][PASSED] - Current window's url is: 'https://mdb-v3-test.diadeis.com/MediaboxIndependence/Base/ExecAction?IDSession=MBI%21RELTEST_STARPACK%21UPXOIRKQBLITRQ4N9ULF5U3OQM7EH6AARYACF725&default_action=AfficheFichesProjet&id_project=MI000941'

2022-06-17 19:23:35 - [TEST_STEP][PASSED] - click(findTestObject("HL Full Lifecycle/6 ReferenceListPage_createrefbutton")): Object: 'Object Repository/HL Full Lifecycle/6 ReferenceListPage_createrefbutton' is clicked on

2022-06-17 19:23:35 - [MESSAGE][PASSED] - Object: 'Object Repository/HL Full Lifecycle/6 ReferenceListPage_createrefbutton' is clicked on

2022-06-17 19:23:35 - [TEST_STEP][PASSED] - click(findTestObject("HL Full Lifecycle/6 ReferenceListPaga_Create a component_button")): Object: 'Object Repository/HL Full Lifecycle/6 ReferenceListPaga_Create a component_button' is clicked on

2022-06-17 19:23:37 - [MESSAGE][PASSED] - Object: 'Object Repository/HL Full Lifecycle/6 ReferenceListPaga_Create a component_button' is clicked on

2022-06-17 19:23:37 - [TEST_STEP][PASSED] - waitForPageLoad(10): Wait for page load successfully

2022-06-17 19:23:37 - [MESSAGE][PASSED] - Wait for page load successfully

2022-06-17 19:23:37 - [TEST_STEP][PASSED] - takeScreenshot(): Taking screenshot successfully

2022-06-17 19:23:37 - [MESSAGE][PASSED] - Taking screenshot successfully
[[ATTACHMENT|D:\\Projet Test Auto\\Mediabox Test Automation [Test]\\Reports\\20220617_181206\\z01. Test Suites\\204. TestStarPack Out of Office (OOO)\\20220617_181213\\1655486617270.png]]

2022-06-17 19:23:37 - [TEST_STEP][PASSED] - selectOptionByValue(findTestObject("1. Constant/01_id_field_id", ["field_id":"ref_type"]), "6", false): All options with value '6' are selected in object 'Object Repository/1. Constant/01_id_field_id' 

2022-06-17 19:23:39 - [MESSAGE][PASSED] - All options with value '6' are selected in object 'Object Repository/1. Constant/01_id_field_id' 

2022-06-17 19:23:39 - [TEST_STEP][PASSED] - delay(2): Delayed 2 second(s)

2022-06-17 19:23:41 - [MESSAGE][PASSED] - Delayed 2 second(s)

2022-06-17 19:23:41 - [TEST_STEP][PASSED] - click(findTestObject("HL Full Lifecycle/6 ReferencePg_Create a component_bluebutton")): Object: 'Object Repository/HL Full Lifecycle/6 ReferencePg_Create a component_bluebutton' is clicked on

2022-06-17 19:23:46 - [MESSAGE][PASSED] - Object: 'Object Repository/HL Full Lifecycle/6 ReferencePg_Create a component_bluebutton' is clicked on

2022-06-17 19:23:46 - [TEST_STEP][PASSED] - delay(2): Delayed 2 second(s)

2022-06-17 19:23:48 - [MESSAGE][PASSED] - Delayed 2 second(s)

2022-06-17 19:23:48 - [TEST_STEP][PASSED] - refID = I.RefID(): Current window's url is: 'https://mdb-v3-test.diadeis.com/MediaboxIndependence/Base/ExecAction?IDSession=MBI%21RELTEST_STARPACK%21UPXOIRKQBLITRQ4N9ULF5U3OQM7EH6AARYACF725&default_action=ModifierRef&id_project=MI000941&id_ref=5888&action_from=create_ref'

2022-06-17 19:23:53 - [MESSAGE][PASSED] - Delayed 5 second(s)

2022-06-17 19:23:53 - [MESSAGE][PASSED] - Current window's url is: 'https://mdb-v3-test.diadeis.com/MediaboxIndependence/Base/ExecAction?IDSession=MBI%21RELTEST_STARPACK%21UPXOIRKQBLITRQ4N9ULF5U3OQM7EH6AARYACF725&default_action=ModifierRef&id_project=MI000941&id_ref=5888&action_from=create_ref'

2022-06-17 19:23:53 - [TEST_STEP][PASSED] - takeScreenshot(): Taking screenshot successfully

2022-06-17 19:23:54 - [MESSAGE][PASSED] - Taking screenshot successfully
[[ATTACHMENT|D:\\Projet Test Auto\\Mediabox Test Automation [Test]\\Reports\\20220617_181206\\z01. Test Suites\\204. TestStarPack Out of Office (OOO)\\20220617_181213\\1655486633785.png]]

2022-06-17 19:23:54 - [TEST_STEP][PASSED] - sendKeys(findTestObject("1. Constant/01_id_field_id", ["field_id":"var_28"]), "209293"): Keys '209293' sent to object: 'Object Repository/1. Constant/01_id_field_id'

2022-06-17 19:23:54 - [MESSAGE][PASSED] - Keys '209293' sent to object: 'Object Repository/1. Constant/01_id_field_id'

2022-06-17 19:23:54 - [TEST_STEP][PASSED] - sendKeys(findTestObject("1. Constant/01_id_field_id", ["field_id":"var_30"]), "test Submarca"): Keys 'test Submarca' sent to object: 'Object Repository/1. Constant/01_id_field_id'

2022-06-17 19:23:54 - [MESSAGE][PASSED] - Keys 'test Submarca' sent to object: 'Object Repository/1. Constant/01_id_field_id'

2022-06-17 19:23:54 - [TEST_STEP][PASSED] - sendKeys(findTestObject("1. Constant/01_id_field_id", ["field_id":"var_31"]), "test Submarca Vínculo con bulto: test Submarca"): Keys 'test Submarca Vínculo con bulto: test Submarca' sent to object: 'Object Repository/1. Constant/01_id_field_id'

2022-06-17 19:23:55 - [MESSAGE][PASSED] - Keys 'test Submarca Vínculo con bulto: test Submarca' sent to object: 'Object Repository/1. Constant/01_id_field_id'

2022-06-17 19:23:55 - [TEST_STEP][PASSED] - selectOptionByValue(findTestObject("1. Constant/01_id_field_id", ["field_id":"var_38"]), "24", false): All options with value '24' are selected in object 'Object Repository/1. Constant/01_id_field_id' 

2022-06-17 19:23:55 - [MESSAGE][PASSED] - All options with value '24' are selected in object 'Object Repository/1. Constant/01_id_field_id' 

2022-06-17 19:23:55 - [TEST_STEP][PASSED] - sendKeys(findTestObject("1. Constant/01_id_field_id", ["field_id":"var_39"]), "8480017155061"): Keys '8480017155061' sent to object: 'Object Repository/1. Constant/01_id_field_id'

2022-06-17 19:23:55 - [MESSAGE][PASSED] - Keys '8480017155061' sent to object: 'Object Repository/1. Constant/01_id_field_id'

2022-06-17 19:23:55 - [TEST_STEP][PASSED] - selectOptionByValue(findTestObject("1. Constant/01_id_field_id", ["field_id":"selSource_19"]), "22", false): All options with value '22' are selected in object 'Object Repository/1. Constant/01_id_field_id' 

2022-06-17 19:23:56 - [MESSAGE][PASSED] - All options with value '22' are selected in object 'Object Repository/1. Constant/01_id_field_id' 

2022-06-17 19:23:56 - [TEST_STEP][PASSED] - click(findTestObject("Object Repository/xxx Todelete/2.01 ModifyRef_Pais")): Object: 'Object Repository/xxx Todelete/2.01 ModifyRef_Pais' is clicked on

2022-06-17 19:23:56 - [MESSAGE][PASSED] - Object: 'Object Repository/xxx Todelete/2.01 ModifyRef_Pais' is clicked on

2022-06-17 19:23:56 - [TEST_STEP][PASSED] - selectOptionByValue(findTestObject("1. Constant/01_id_field_id", ["field_id":"var_75"]), "26", false): All options with value '26' are selected in object 'Object Repository/1. Constant/01_id_field_id' 

2022-06-17 19:23:56 - [MESSAGE][PASSED] - All options with value '26' are selected in object 'Object Repository/1. Constant/01_id_field_id' 

2022-06-17 19:23:56 - [TEST_STEP][PASSED] - click(findTestObject("HL Full Lifecycle/7 ModifyRefPage_button_Save")): Object: 'Object Repository/HL Full Lifecycle/7 ModifyRefPage_button_Save' is clicked on

2022-06-17 19:24:01 - [MESSAGE][PASSED] - Object: 'Object Repository/HL Full Lifecycle/7 ModifyRefPage_button_Save' is clicked on

2022-06-17 19:24:01 - [TEST_STEP][PASSED] - click(findTestObject("1. Constant/xpath", ["xpath":"/html/body/div[1]/div[2]/div[4]/div[3]/div/div[2]/div[2]/div[1]/table/tbody/tr[2]/td[4]/a"])): Object: 'Object Repository/1. Constant/xpath' is clicked on

2022-06-17 19:24:04 - [MESSAGE][PASSED] - Object: 'Object Repository/1. Constant/xpath' is clicked on

2022-06-17 19:24:04 - [TEST_STEP][PASSED] - delay(1): Delayed 1 second(s)

2022-06-17 19:24:05 - [MESSAGE][PASSED] - Delayed 1 second(s)

2022-06-17 19:24:05 - [TEST_STEP][PASSED] - click(findTestObject("1. Constant/xpath", ["xpath":"//*[@id="kt_content"]/div[3]/div/ul/li[3]/a"])): Object: 'Object Repository/1. Constant/xpath' is clicked on

2022-06-17 19:24:08 - [MESSAGE][PASSED] - Object: 'Object Repository/1. Constant/xpath' is clicked on

2022-06-17 19:24:08 - [TEST_STEP][PASSED] - I.Pagedown(): Execute JavaScript 'window.scrollTo(0, document.body.scrollHeight)' successfully

2022-06-17 19:24:08 - [MESSAGE][PASSED] - Execute JavaScript 'window.scrollTo(0, document.body.scrollHeight)' successfully

2022-06-17 19:24:08 - [TEST_STEP][PASSED] - delay(2): Delayed 2 second(s)

2022-06-17 19:24:10 - [MESSAGE][PASSED] - Delayed 2 second(s)

2022-06-17 19:24:10 - [TEST_STEP][PASSED] - i = 1: null

2022-06-17 19:24:10 - [TEST_STEP][PASSED] - while (i <= 8): null

2022-06-17 19:24:10 - [TEST_STEP][PASSED] - name = getText(findTestObject("1. Constant/xpath", ["xpath":"/html/body/div[1]/div[2]/div[8]/div[3]/div/div[3]/div[3]/div/div/div[1]/div/div[1]/div/div[2]/div[2]/div[" + i + "]/div/div[3]"])): Text of object 'Object Repository/1. Constant/xpath' is: 'packaging1 Dia 1'

2022-06-17 19:24:10 - [MESSAGE][PASSED] - Text of object 'Object Repository/1. Constant/xpath' is: 'packaging1 Dia 1'

2022-06-17 19:24:10 - [TEST_STEP][PASSED] - if (name == "Mónica DelRio"): null

2022-06-17 19:24:10 - [TEST_STEP][PASSED] - else: null

2022-06-17 19:24:10 - [TEST_STEP][PASSED] - i = i + 1: null

2022-06-17 19:24:10 - [TEST_STEP][PASSED] - name = getText(findTestObject("1. Constant/xpath", ["xpath":"/html/body/div[1]/div[2]/div[8]/div[3]/div/div[3]/div[3]/div/div/div[1]/div/div[1]/div/div[2]/div[2]/div[" + i + "]/div/div[3]"])): Text of object 'Object Repository/1. Constant/xpath' is: 'ANA DELAMATANIEVES'

2022-06-17 19:24:10 - [MESSAGE][PASSED] - Text of object 'Object Repository/1. Constant/xpath' is: 'ANA DELAMATANIEVES'

2022-06-17 19:24:10 - [TEST_STEP][PASSED] - if (name == "Mónica DelRio"): null

2022-06-17 19:24:10 - [TEST_STEP][PASSED] - else: null

2022-06-17 19:24:10 - [TEST_STEP][PASSED] - i = i + 1: null

2022-06-17 19:24:10 - [TEST_STEP][PASSED] - name = getText(findTestObject("1. Constant/xpath", ["xpath":"/html/body/div[1]/div[2]/div[8]/div[3]/div/div[3]/div[3]/div/div/div[1]/div/div[1]/div/div[2]/div[2]/div[" + i + "]/div/div[3]"])): Text of object 'Object Repository/1. Constant/xpath' is: 'YOLANDA SANZMONEDERO'

2022-06-17 19:24:10 - [MESSAGE][PASSED] - Text of object 'Object Repository/1. Constant/xpath' is: 'YOLANDA SANZMONEDERO'

2022-06-17 19:24:10 - [TEST_STEP][PASSED] - if (name == "Mónica DelRio"): null

2022-06-17 19:24:10 - [TEST_STEP][PASSED] - else: null

2022-06-17 19:24:10 - [TEST_STEP][PASSED] - i = i + 1: null

2022-06-17 19:24:10 - [TEST_STEP][PASSED] - name = getText(findTestObject("1. Constant/xpath", ["xpath":"/html/body/div[1]/div[2]/div[8]/div[3]/div/div[3]/div[3]/div/div/div[1]/div/div[1]/div/div[2]/div[2]/div[" + i + "]/div/div[3]"])): Text of object 'Object Repository/1. Constant/xpath' is: 'Adela GarciaSanchez'

2022-06-17 19:24:11 - [MESSAGE][PASSED] - Text of object 'Object Repository/1. Constant/xpath' is: 'Adela GarciaSanchez'

2022-06-17 19:24:11 - [TEST_STEP][PASSED] - if (name == "Mónica DelRio"): null

2022-06-17 19:24:11 - [TEST_STEP][PASSED] - else: null

2022-06-17 19:24:11 - [TEST_STEP][PASSED] - i = i + 1: null

2022-06-17 19:24:11 - [TEST_STEP][PASSED] - name = getText(findTestObject("1. Constant/xpath", ["xpath":"/html/body/div[1]/div[2]/div[8]/div[3]/div/div[3]/div[3]/div/div/div[1]/div/div[1]/div/div[2]/div[2]/div[" + i + "]/div/div[3]"])): Text of object 'Object Repository/1. Constant/xpath' is: 'BEATRIZ SOLLETBRAVO'

2022-06-17 19:24:11 - [MESSAGE][PASSED] - Text of object 'Object Repository/1. Constant/xpath' is: 'BEATRIZ SOLLETBRAVO'

2022-06-17 19:24:11 - [TEST_STEP][PASSED] - if (name == "Mónica DelRio"): null

2022-06-17 19:24:11 - [TEST_STEP][PASSED] - else: null

2022-06-17 19:24:11 - [TEST_STEP][PASSED] - i = i + 1: null

2022-06-17 19:24:11 - [TEST_STEP][PASSED] - name = getText(findTestObject("1. Constant/xpath", ["xpath":"/html/body/div[1]/div[2]/div[8]/div[3]/div/div[3]/div[3]/div/div/div[1]/div/div[1]/div/div[2]/div[2]/div[" + i + "]/div/div[3]"])): Text of object 'Object Repository/1. Constant/xpath' is: 'Raquel CL Alvarez Gonzalez'

2022-06-17 19:24:11 - [MESSAGE][PASSED] - Text of object 'Object Repository/1. Constant/xpath' is: 'Raquel CL Alvarez Gonzalez'

2022-06-17 19:24:11 - [TEST_STEP][PASSED] - if (name == "Mónica DelRio"): null

2022-06-17 19:24:11 - [TEST_STEP][PASSED] - else: null

2022-06-17 19:24:11 - [TEST_STEP][PASSED] - i = i + 1: null

2022-06-17 19:24:11 - [TEST_STEP][PASSED] - name = getText(findTestObject("1. Constant/xpath", ["xpath":"/html/body/div[1]/div[2]/div[8]/div[3]/div/div[3]/div[3]/div/div/div[1]/div/div[1]/div/div[2]/div[2]/div[" + i + "]/div/div[3]"])): Text of object 'Object Repository/1. Constant/xpath' is: 'Packaging1 Dia Test'

2022-06-17 19:24:11 - [MESSAGE][PASSED] - Text of object 'Object Repository/1. Constant/xpath' is: 'Packaging1 Dia Test'

2022-06-17 19:24:11 - [TEST_STEP][PASSED] - if (name == "Mónica DelRio"): null

2022-06-17 19:24:11 - [TEST_STEP][PASSED] - else: null

2022-06-17 19:24:11 - [TEST_STEP][PASSED] - i = i + 1: null

2022-06-17 19:24:11 - [TEST_STEP][PASSED] - name = getText(findTestObject("1. Constant/xpath", ["xpath":"/html/body/div[1]/div[2]/div[8]/div[3]/div/div[3]/div[3]/div/div/div[1]/div/div[1]/div/div[2]/div[2]/div[" + i + "]/div/div[3]"])): Text of object 'Object Repository/1. Constant/xpath' is: 'Mónica DelRio'

2022-06-17 19:24:11 - [MESSAGE][PASSED] - Text of object 'Object Repository/1. Constant/xpath' is: 'Mónica DelRio'

2022-06-17 19:24:11 - [TEST_STEP][PASSED] - if (name == "Mónica DelRio"): null

2022-06-17 19:24:11 - [TEST_STEP][PASSED] - verifyElementVisible(findTestObject("1. Constant/xpath", ["xpath":"/html/body/div[1]/div[2]/div[8]/div[3]/div/div[3]/div[3]/div/div/div[1]/div/div[1]/div/div[2]/div[2]/div[" + i + "]/div/div[1]/div/i"])): Object 'Object Repository/1. Constant/xpath' is visible

2022-06-17 19:24:11 - [MESSAGE][PASSED] - Object 'Object Repository/1. Constant/xpath' is visible

2022-06-17 19:24:11 - [TEST_STEP][PASSED] - mouseOver(findTestObject("1. Constant/xpath", ["xpath":"/html/body/div[1]/div[2]/div[8]/div[3]/div/div[3]/div[3]/div/div/div[1]/div/div[1]/div/div[2]/div[2]/div[" + i + "]/div/div[1]/div/i"])): Object: 'Object Repository/1. Constant/xpath' is hovered

2022-06-17 19:24:11 - [MESSAGE][PASSED] - Object: 'Object Repository/1. Constant/xpath' is hovered

2022-06-17 19:24:11 - [TEST_STEP][PASSED] - delay(1): Delayed 1 second(s)

2022-06-17 19:24:12 - [MESSAGE][PASSED] - Delayed 1 second(s)

2022-06-17 19:24:12 - [TEST_STEP][PASSED] - tooltip1 = getText(findTestObject("1. Constant/xpath", ["xpath":"/html/body/div[1]/div[2]/div[8]/div[3]/div/div[3]/div[3]/div/div/div[1]/div/div[1]/div/div[2]/div[2]/div[" + i + "]/div/div[1]/div/div"])): Text of object 'Object Repository/1. Constant/xpath' is: 'Ausente de oficina

Tareas delegadas a : 1packaging2'

2022-06-17 19:24:13 - [MESSAGE][PASSED] - Text of object 'Object Repository/1. Constant/xpath' is: 'Ausente de oficina

Tareas delegadas a : 1packaging2'

2022-06-17 19:24:13 - [TEST_STEP][PASSED] - I.print(tooltip1): null

2022-06-17 19:24:13 - [TEST_STEP][PASSED] - verifyMatch(tooltip1, "Ausente de oficina" + "

" + "Tareas delegadas a : 1packaging2", false): Actual text 'Ausente de oficina

Tareas delegadas a : 1packaging2' and expected text 'Ausente de oficina

Tareas delegadas a : 1packaging2' are matched 

2022-06-17 19:24:13 - [MESSAGE][PASSED] - Actual text 'Ausente de oficina

Tareas delegadas a : 1packaging2' and expected text 'Ausente de oficina

Tareas delegadas a : 1packaging2' are matched 

2022-06-17 19:24:13 - [TEST_STEP][PASSED] - i = 9: null

2022-06-17 19:24:13 - [TEST_STEP][PASSED] - I.Logout(): Delayed 3 second(s)

2022-06-17 19:24:16 - [MESSAGE][PASSED] - Delayed 3 second(s)

2022-06-17 19:24:16 - [MESSAGE][PASSED] - Object: 'Object Repository/1. Constant/xpath' is clicked on

2022-06-17 19:24:19 - [MESSAGE][PASSED] - Delayed 3 second(s)

2022-06-17 19:24:20 - [MESSAGE][PASSED] - Object: 'Object Repository/1. Constant/xpath' is clicked on

2022-06-17 19:24:23 - [MESSAGE][PASSED] - Delayed 3 second(s)

2022-06-17 19:24:23 - [TEST_STEP][PASSED] - I.Login_password("mdelrio", password_mdelrio): Object: 'Object Repository/1. Constant/xpath' is clicked on

2022-06-17 19:24:24 - [MESSAGE][PASSED] - Text 'mdelrio' is set on object 'Object Repository/1. Constant/xpath'

2022-06-17 19:24:25 - [MESSAGE][PASSED] - Delayed 1 second(s)

2022-06-17 19:24:25 - [MESSAGE][PASSED] - Text 'diadeis' is set on object 'Object Repository/1. Constant/xpath'

2022-06-17 19:24:26 - [MESSAGE][PASSED] - Delayed 1 second(s)

2022-06-17 19:24:28 - [MESSAGE][PASSED] - Object: 'Object Repository/1. Constant/xpath' is clicked on

2022-06-17 19:24:28 - [TEST_STEP][PASSED] - takeScreenshot(): Taking screenshot successfully

2022-06-17 19:24:29 - [MESSAGE][PASSED] - Taking screenshot successfully
[[ATTACHMENT|D:\\Projet Test Auto\\Mediabox Test Automation [Test]\\Reports\\20220617_181206\\z01. Test Suites\\204. TestStarPack Out of Office (OOO)\\20220617_181213\\1655486668829.png]]

2022-06-17 19:24:29 - [TEST_STEP][PASSED] - I.Go_to_MyProfile(): Delayed 1 second(s)

2022-06-17 19:24:29 - [MESSAGE][PASSED] - Object: 'Object Repository/1. Constant/xpath' is clicked on

2022-06-17 19:24:30 - [MESSAGE][PASSED] - Delayed 1 second(s)

2022-06-17 19:24:32 - [MESSAGE][PASSED] - Object: 'Object Repository/1. Constant/xpath' is clicked on

2022-06-17 19:24:33 - [MESSAGE][PASSED] - Delayed 1 second(s)

2022-06-17 19:24:33 - [TEST_STEP][PASSED] - I.Pagedown(): Execute JavaScript 'window.scrollTo(0, document.body.scrollHeight)' successfully

2022-06-17 19:24:33 - [MESSAGE][PASSED] - Execute JavaScript 'window.scrollTo(0, document.body.scrollHeight)' successfully

2022-06-17 19:24:33 - [TEST_STEP][PASSED] - I.click_button_javascriptS("/html/body/div[1]/div[2]/div[4]/div[3]/div/div/div/form/div[2]/div[2]/div[2]/div[2]/table/tbody/tr/td[6]/button[1]"): Execute JavaScript 'arguments[0].click()' successfully

2022-06-17 19:24:33 - [MESSAGE][PASSED] - Execute JavaScript 'arguments[0].click()' successfully

2022-06-17 19:24:33 - [TEST_STEP][PASSED] - delay(1): Delayed 1 second(s)

2022-06-17 19:24:34 - [MESSAGE][PASSED] - Delayed 1 second(s)

2022-06-17 19:24:34 - [TEST_STEP][PASSED] - click(findTestObject("1. Constant/xpath", ["xpath":"//*[@id="ModifierUser"]/div[3]/div/button"])): Object: 'Object Repository/1. Constant/xpath' is clicked on

2022-06-17 19:24:36 - [MESSAGE][PASSED] - Object: 'Object Repository/1. Constant/xpath' is clicked on

2022-06-17 19:24:36 - [TEST_STEP][PASSED] - delay(1): Delayed 1 second(s)

2022-06-17 19:24:37 - [MESSAGE][PASSED] - Delayed 1 second(s)

2022-06-17 19:24:37 - [TEST_STEP][PASSED] - closeBrowser(): Browser is closed

2022-06-17 19:24:38 - [MESSAGE][PASSED] - Browser is closed

2022-06-17 19:24:38 - [TEST_STEP][PASSED] - Start listener action : sampleAfterTestCase: null]]></system-out>
         <system-err><![CDATA[]]></system-err>
      </testcase>
      <system-out><![CDATA[2022-06-17 19:19:25 - [TEST_SUITE][FAILED] - 204. TestStarPack Out of Office (OOO): Test Cases/204. TestStarPack Out of Office (OOO)/204.01 TestStarpack - Out of OfficeAdd_ErrorMsg User Management 204.02 P1 FAILED.
Reason:
com.kms.katalon.core.exception.StepFailedException: Unable to get text of object 'Object Repository/1. Constant/xpath'
	at com.kms.katalon.core.webui.keyword.internal.WebUIKeywordMain.stepFailed(WebUIKeywordMain.groovy:64)
	at com.kms.katalon.core.webui.keyword.internal.WebUIKeywordMain.runKeyword(WebUIKeywordMain.groovy:26)
	at com.kms.katalon.core.webui.keyword.builtin.GetTextKeyword.getText(GetTextKeyword.groovy:88)
	at com.kms.katalon.core.webui.keyword.builtin.GetTextKeyword.execute(GetTextKeyword.groovy:67)
	at com.kms.katalon.core.keyword.internal.KeywordExecutor.executeKeywordForPlatform(KeywordExecutor.groovy:74)
	at com.kms.katalon.core.webui.keyword.WebUiBuiltInKeywords.getText(WebUiBuiltInKeywords.groovy:918)
	at com.kms.katalon.core.webui.keyword.WebUiBuiltInKeywords$getText$6.call(Unknown Source)
	at functions.I.VerifyMatchText(I.groovy:428)
	at functions.I$VerifyMatchText$0.call(Unknown Source)
	at 204.01 TestStarpack - Out of OfficeAdd_ErrorMsg User Management 204.02 P1.run(204.01 TestStarpack - Out of OfficeAdd_ErrorMsg User Management 204.02 P1:91)
	at com.kms.katalon.core.main.ScriptEngine.run(ScriptEngine.java:194)
	at com.kms.katalon.core.main.ScriptEngine.runScriptAsRawText(ScriptEngine.java:119)
	at com.kms.katalon.core.main.TestCaseExecutor.runScript(TestCaseExecutor.java:445)
	at com.kms.katalon.core.main.TestCaseExecutor.doExecute(TestCaseExecutor.java:436)
	at com.kms.katalon.core.main.TestCaseExecutor.processExecutionPhase(TestCaseExecutor.java:415)
	at com.kms.katalon.core.main.TestCaseExecutor.accessMainPhase(TestCaseExecutor.java:407)
	at com.kms.katalon.core.main.TestCaseExecutor.execute(TestCaseExecutor.java:284)
	at com.kms.katalon.core.common.CommonExecutor.accessTestCaseMainPhase(CommonExecutor.java:65)
	at com.kms.katalon.core.main.TestSuiteExecutor.accessTestSuiteMainPhase(TestSuiteExecutor.java:144)
	at com.kms.katalon.core.main.TestSuiteExecutor.execute(TestSuiteExecutor.java:106)
	at com.kms.katalon.core.main.TestCaseMain.startTestSuite(TestCaseMain.java:185)
	at com.kms.katalon.core.main.TestCaseMain$startTestSuite$0.call(Unknown Source)
	at TempTestSuite1655482333873.run(TempTestSuite1655482333873.groovy:36)
Caused by: com.kms.katalon.core.webui.exception.WebElementNotFoundException: Web element with id: 'Object Repository/1. Constant/xpath' located by '//*[@id="UpdateDelegations"]/div[1]/h5' not found
	at com.kms.katalon.core.webui.common.WebUiCommonHelper.findWebElement(WebUiCommonHelper.java:1370)
	at com.kms.katalon.core.webui.keyword.internal.WebUIAbstractKeyword.findWebElement(WebUIAbstractKeyword.groovy:27)
	at com.kms.katalon.core.webui.keyword.internal.WebUIAbstractKeyword.findWebElement(WebUIAbstractKeyword.groovy:26)
	at com.kms.katalon.core.webui.keyword.builtin.GetTextKeyword$_getText_closure1.doCall(GetTextKeyword.groovy:78)
	at com.kms.katalon.core.webui.keyword.builtin.GetTextKeyword$_getText_closure1.call(GetTextKeyword.groovy)
	at com.kms.katalon.core.webui.keyword.internal.WebUIKeywordMain.runKeyword(WebUIKeywordMain.groovy:20)
	... 21 more]]></system-out>
      <system-err><![CDATA[2022-06-17 19:19:25 - [TEST_SUITE][FAILED] - 204. TestStarPack Out of Office (OOO): Test Cases/204. TestStarPack Out of Office (OOO)/204.01 TestStarpack - Out of OfficeAdd_ErrorMsg User Management 204.02 P1 FAILED.
Reason:
com.kms.katalon.core.exception.StepFailedException: Unable to get text of object 'Object Repository/1. Constant/xpath'
	at com.kms.katalon.core.webui.keyword.internal.WebUIKeywordMain.stepFailed(WebUIKeywordMain.groovy:64)
	at com.kms.katalon.core.webui.keyword.internal.WebUIKeywordMain.runKeyword(WebUIKeywordMain.groovy:26)
	at com.kms.katalon.core.webui.keyword.builtin.GetTextKeyword.getText(GetTextKeyword.groovy:88)
	at com.kms.katalon.core.webui.keyword.builtin.GetTextKeyword.execute(GetTextKeyword.groovy:67)
	at com.kms.katalon.core.keyword.internal.KeywordExecutor.executeKeywordForPlatform(KeywordExecutor.groovy:74)
	at com.kms.katalon.core.webui.keyword.WebUiBuiltInKeywords.getText(WebUiBuiltInKeywords.groovy:918)
	at com.kms.katalon.core.webui.keyword.WebUiBuiltInKeywords$getText$6.call(Unknown Source)
	at functions.I.VerifyMatchText(I.groovy:428)
	at functions.I$VerifyMatchText$0.call(Unknown Source)
	at 204.01 TestStarpack - Out of OfficeAdd_ErrorMsg User Management 204.02 P1.run(204.01 TestStarpack - Out of OfficeAdd_ErrorMsg User Management 204.02 P1:91)
	at com.kms.katalon.core.main.ScriptEngine.run(ScriptEngine.java:194)
	at com.kms.katalon.core.main.ScriptEngine.runScriptAsRawText(ScriptEngine.java:119)
	at com.kms.katalon.core.main.TestCaseExecutor.runScript(TestCaseExecutor.java:445)
	at com.kms.katalon.core.main.TestCaseExecutor.doExecute(TestCaseExecutor.java:436)
	at com.kms.katalon.core.main.TestCaseExecutor.processExecutionPhase(TestCaseExecutor.java:415)
	at com.kms.katalon.core.main.TestCaseExecutor.accessMainPhase(TestCaseExecutor.java:407)
	at com.kms.katalon.core.main.TestCaseExecutor.execute(TestCaseExecutor.java:284)
	at com.kms.katalon.core.common.CommonExecutor.accessTestCaseMainPhase(CommonExecutor.java:65)
	at com.kms.katalon.core.main.TestSuiteExecutor.accessTestSuiteMainPhase(TestSuiteExecutor.java:144)
	at com.kms.katalon.core.main.TestSuiteExecutor.execute(TestSuiteExecutor.java:106)
	at com.kms.katalon.core.main.TestCaseMain.startTestSuite(TestCaseMain.java:185)
	at com.kms.katalon.core.main.TestCaseMain$startTestSuite$0.call(Unknown Source)
	at TempTestSuite1655482333873.run(TempTestSuite1655482333873.groovy:36)
Caused by: com.kms.katalon.core.webui.exception.WebElementNotFoundException: Web element with id: 'Object Repository/1. Constant/xpath' located by '//*[@id="UpdateDelegations"]/div[1]/h5' not found
	at com.kms.katalon.core.webui.common.WebUiCommonHelper.findWebElement(WebUiCommonHelper.java:1370)
	at com.kms.katalon.core.webui.keyword.internal.WebUIAbstractKeyword.findWebElement(WebUIAbstractKeyword.groovy:27)
	at com.kms.katalon.core.webui.keyword.internal.WebUIAbstractKeyword.findWebElement(WebUIAbstractKeyword.groovy:26)
	at com.kms.katalon.core.webui.keyword.builtin.GetTextKeyword$_getText_closure1.doCall(GetTextKeyword.groovy:78)
	at com.kms.katalon.core.webui.keyword.builtin.GetTextKeyword$_getText_closure1.call(GetTextKeyword.groovy)
	at com.kms.katalon.core.webui.keyword.internal.WebUIKeywordMain.runKeyword(WebUIKeywordMain.groovy:20)
	... 21 more]]></system-err>
   </testsuite>
</testsuites>
