<?xml version="1.0" encoding="UTF-8"?>
<testsuites name="201. TestStarPack_Login_Logout_Email" time="412.964" tests="5" failures="1" errors="0">
   <testsuite name="201. TestStarPack_Login_Logout_Email" tests="5" failures="1" errors="0" time="412.964" skipped="0" timestamp="2022-06-20 10:03:10" hostname="lamhe - DPF-MBI-VERIF.ad.sgsco.int" id="Test Suites/z01. Test Suites/201. TestStarPack_Login_Logout_Email">
      <properties>
         <property name="deviceName" value=""/>
         <property name="devicePlatform" value=""/>
         <property name="logFolder" value="D:\\Projet Test Auto\\Mediabox Test Automation [Test]\\Reports\\20220620_095748\\z01. Test Suites\\201. TestStarPack_Login_Logout_Email\\20220620_095751"/>
         <property name="logFiles" value="D:\\Projet Test Auto\\Mediabox Test Automation [Test]\\Reports\\20220620_095748\\z01. Test Suites\\201. TestStarPack_Login_Logout_Email\\20220620_095751\\execution0.log"/>
         <property name="attachments" value="D:\\Projet Test Auto\\Mediabox Test Automation [Test]\\Reports\\20220620_095748\\z01. Test Suites\\201. TestStarPack_Login_Logout_Email\\20220620_095751\\1655712223449.png, D:\\Projet Test Auto\\Mediabox Test Automation [Test]\\Reports\\20220620_095748\\z01. Test Suites\\201. TestStarPack_Login_Logout_Email\\20220620_095751\\1655712223919.png, D:\\Projet Test Auto\\Mediabox Test Automation [Test]\\Reports\\20220620_095748\\z01. Test Suites\\201. TestStarPack_Login_Logout_Email\\20220620_095751\\1655712224333.png, D:\\Projet Test Auto\\Mediabox Test Automation [Test]\\Reports\\20220620_095748\\z01. Test Suites\\201. TestStarPack_Login_Logout_Email\\20220620_095751\\1655712224772.png, D:\\Projet Test Auto\\Mediabox Test Automation [Test]\\Reports\\20220620_095748\\z01. Test Suites\\201. TestStarPack_Login_Logout_Email\\20220620_095751\\1655712225207.png, D:\\Projet Test Auto\\Mediabox Test Automation [Test]\\Reports\\20220620_095748\\z01. Test Suites\\201. TestStarPack_Login_Logout_Email\\20220620_095751\\1655712225832.png, D:\\Projet Test Auto\\Mediabox Test Automation [Test]\\Reports\\20220620_095748\\z01. Test Suites\\201. TestStarPack_Login_Logout_Email\\20220620_095751\\1655712226390.png, D:\\Projet Test Auto\\Mediabox Test Automation [Test]\\Reports\\20220620_095748\\z01. Test Suites\\201. TestStarPack_Login_Logout_Email\\20220620_095751\\1655712227590.png, D:\\Projet Test Auto\\Mediabox Test Automation [Test]\\Reports\\20220620_095748\\z01. Test Suites\\201. TestStarPack_Login_Logout_Email\\20220620_095751\\1655712236120.png, D:\\Projet Test Auto\\Mediabox Test Automation [Test]\\Reports\\20220620_095748\\z01. Test Suites\\201. TestStarPack_Login_Logout_Email\\20220620_095751\\1655712242688.png, D:\\Projet Test Auto\\Mediabox Test Automation [Test]\\Reports\\20220620_095748\\z01. Test Suites\\201. TestStarPack_Login_Logout_Email\\20220620_095751\\1655712248654.png, D:\\Projet Test Auto\\Mediabox Test Automation [Test]\\Reports\\20220620_095748\\z01. Test Suites\\201. TestStarPack_Login_Logout_Email\\20220620_095751\\1655712268607.png, D:\\Projet Test Auto\\Mediabox Test Automation [Test]\\Reports\\20220620_095748\\z01. Test Suites\\201. TestStarPack_Login_Logout_Email\\20220620_095751\\1655712270177.png, D:\\Projet Test Auto\\Mediabox Test Automation [Test]\\Reports\\20220620_095748\\z01. Test Suites\\201. TestStarPack_Login_Logout_Email\\20220620_095751\\1655712274889.png, D:\\Projet Test Auto\\Mediabox Test Automation [Test]\\Reports\\20220620_095748\\z01. Test Suites\\201. TestStarPack_Login_Logout_Email\\20220620_095751\\1655712279853.png, D:\\Projet Test Auto\\Mediabox Test Automation [Test]\\Reports\\20220620_095748\\z01. Test Suites\\201. TestStarPack_Login_Logout_Email\\20220620_095751\\1655712286184.png, D:\\Projet Test Auto\\Mediabox Test Automation [Test]\\Reports\\20220620_095748\\z01. Test Suites\\201. TestStarPack_Login_Logout_Email\\20220620_095751\\1655712299940.png, D:\\Projet Test Auto\\Mediabox Test Automation [Test]\\Reports\\20220620_095748\\z01. Test Suites\\201. TestStarPack_Login_Logout_Email\\20220620_095751\\1655712300652.png, D:\\Projet Test Auto\\Mediabox Test Automation [Test]\\Reports\\20220620_095748\\z01. Test Suites\\201. TestStarPack_Login_Logout_Email\\20220620_095751\\1655712316212.png, D:\\Projet Test Auto\\Mediabox Test Automation [Test]\\Reports\\20220620_095748\\z01. Test Suites\\201. TestStarPack_Login_Logout_Email\\20220620_095751\\1655712317766.png, D:\\Projet Test Auto\\Mediabox Test Automation [Test]\\Reports\\20220620_095748\\z01. Test Suites\\201. TestStarPack_Login_Logout_Email\\20220620_095751\\1655712331163.png, D:\\Projet Test Auto\\Mediabox Test Automation [Test]\\Reports\\20220620_095748\\z01. Test Suites\\201. TestStarPack_Login_Logout_Email\\20220620_095751\\1655712331887.png, D:\\Projet Test Auto\\Mediabox Test Automation [Test]\\Reports\\20220620_095748\\z01. Test Suites\\201. TestStarPack_Login_Logout_Email\\20220620_095751\\1655712346555.png, D:\\Projet Test Auto\\Mediabox Test Automation [Test]\\Reports\\20220620_095748\\z01. Test Suites\\201. TestStarPack_Login_Logout_Email\\20220620_095751\\1655712365818.png, D:\\Projet Test Auto\\Mediabox Test Automation [Test]\\Reports\\20220620_095748\\z01. Test Suites\\201. TestStarPack_Login_Logout_Email\\20220620_095751\\1655712392241.png, D:\\Projet Test Auto\\Mediabox Test Automation [Test]\\Reports\\20220620_095748\\z01. Test Suites\\201. TestStarPack_Login_Logout_Email\\20220620_095751\\1655712392906.png, D:\\Projet Test Auto\\Mediabox Test Automation [Test]\\Reports\\20220620_095748\\z01. Test Suites\\201. TestStarPack_Login_Logout_Email\\20220620_095751\\1655712408703.png, D:\\Projet Test Auto\\Mediabox Test Automation [Test]\\Reports\\20220620_095748\\z01. Test Suites\\201. TestStarPack_Login_Logout_Email\\20220620_095751\\1655712483028.png, D:\\Projet Test Auto\\Mediabox Test Automation [Test]\\Reports\\20220620_095748\\z01. Test Suites\\201. TestStarPack_Login_Logout_Email\\20220620_095751\\1655712522456.png, D:\\Projet Test Auto\\Mediabox Test Automation [Test]\\Reports\\20220620_095748\\z01. Test Suites\\201. TestStarPack_Login_Logout_Email\\20220620_095751\\1655712529291.png, D:\\Projet Test Auto\\Mediabox Test Automation [Test]\\Reports\\20220620_095748\\z01. Test Suites\\201. TestStarPack_Login_Logout_Email\\20220620_095751\\1655712530053.png, D:\\Projet Test Auto\\Mediabox Test Automation [Test]\\Reports\\20220620_095748\\z01. Test Suites\\201. TestStarPack_Login_Logout_Email\\20220620_095751\\1655712544974.png, D:\\Projet Test Auto\\Mediabox Test Automation [Test]\\Reports\\20220620_095748\\z01. Test Suites\\201. TestStarPack_Login_Logout_Email\\20220620_095751\\1655712592476.png"/>
         <property name="hostName" value="lamhe - DPF-MBI-VERIF.ad.sgsco.int"/>
         <property name="os" value="Windows 10 64bit"/>
         <property name="katalonVersion" value="8.3.0.208"/>
         <property name="browser" value="Chrome 102.0.5005.115"/>
         <property name="hostAddress" value="10.15.10.53"/>
         <property name="sessionId" value="2cc2dbef82dbcfb0c34c664caaaa9441"/>
         <property name="seleniumVersion" value="3.141.59"/>
         <property name="proxyInformation" value="ProxyInformation { proxyOption=NO_PROXY, proxyServerType=HTTP, username=, password=********, proxyServerAddress=, proxyServerPort=0, executionList=&quot;&quot;, isApplyToDesiredCapabilities=true }"/>
         <property name="platform" value="Windows 10"/>
      </properties>
      <testcase name="Test Cases/201. TestStarPack_Login_Logout_Email/201.04 TestStarpack Création de compte (Validation des champs obligatoires)" time="95.802" classname="Test Cases/201. TestStarPack_Login_Logout_Email/201.04 TestStarpack Création de compte (Validation des champs obligatoires)" status="FAILED">
         <failure type="FAILED" message="Test Cases/201. TestStarPack_Login_Logout_Email/201.04 TestStarpack Création de compte (Validation des champs obligatoires) FAILED.
Reason:
Assertion failed: 

assert false


	at functions.I.verifyErrormsg_toastr(I.groovy:1095)
	at functions.I$verifyErrormsg_toastr$3.call(Unknown Source)
	at 201.04 TestStarpack Création de compte (Validation des champs obligatoires).run(201.04 TestStarpack Création de compte (Validation des champs obligatoires):381)
	at com.kms.katalon.core.main.ScriptEngine.run(ScriptEngine.java:194)
	at com.kms.katalon.core.main.ScriptEngine.runScriptAsRawText(ScriptEngine.java:119)
	at com.kms.katalon.core.main.TestCaseExecutor.runScript(TestCaseExecutor.java:445)
	at com.kms.katalon.core.main.TestCaseExecutor.doExecute(TestCaseExecutor.java:436)
	at com.kms.katalon.core.main.TestCaseExecutor.processExecutionPhase(TestCaseExecutor.java:415)
	at com.kms.katalon.core.main.TestCaseExecutor.accessMainPhase(TestCaseExecutor.java:407)
	at com.kms.katalon.core.main.TestCaseExecutor.execute(TestCaseExecutor.java:284)
	at com.kms.katalon.core.common.CommonExecutor.accessTestCaseMainPhase(CommonExecutor.java:65)
	at com.kms.katalon.core.main.TestSuiteExecutor.accessTestSuiteMainPhase(TestSuiteExecutor.java:144)
	at com.kms.katalon.core.main.TestSuiteExecutor.execute(TestSuiteExecutor.java:106)
	at com.kms.katalon.core.main.TestCaseMain.startTestSuite(TestCaseMain.java:185)
	at com.kms.katalon.core.main.TestCaseMain$startTestSuite$0.call(Unknown Source)
	at TempTestSuite1655711871206.run(TempTestSuite1655711871206.groovy:36)
"/>
         <system-out><![CDATA[2022-06-20 10:03:11 - [TEST_CASE][FAILED] - Test Cases/201. TestStarPack_Login_Logout_Email/201.04 TestStarpack Création de compte (Validation des champs obligatoires): Test Cases/201. TestStarPack_Login_Logout_Email/201.04 TestStarpack Création de compte (Validation des champs obligatoires) FAILED.
Reason:
Assertion failed: 

assert false


	at functions.I.verifyErrormsg_toastr(I.groovy:1095)
	at functions.I$verifyErrormsg_toastr$3.call(Unknown Source)
	at 201.04 TestStarpack Création de compte (Validation des champs obligatoires).run(201.04 TestStarpack Création de compte (Validation des champs obligatoires):381)
	at com.kms.katalon.core.main.ScriptEngine.run(ScriptEngine.java:194)
	at com.kms.katalon.core.main.ScriptEngine.runScriptAsRawText(ScriptEngine.java:119)
	at com.kms.katalon.core.main.TestCaseExecutor.runScript(TestCaseExecutor.java:445)
	at com.kms.katalon.core.main.TestCaseExecutor.doExecute(TestCaseExecutor.java:436)
	at com.kms.katalon.core.main.TestCaseExecutor.processExecutionPhase(TestCaseExecutor.java:415)
	at com.kms.katalon.core.main.TestCaseExecutor.accessMainPhase(TestCaseExecutor.java:407)
	at com.kms.katalon.core.main.TestCaseExecutor.execute(TestCaseExecutor.java:284)
	at com.kms.katalon.core.common.CommonExecutor.accessTestCaseMainPhase(CommonExecutor.java:65)
	at com.kms.katalon.core.main.TestSuiteExecutor.accessTestSuiteMainPhase(TestSuiteExecutor.java:144)
	at com.kms.katalon.core.main.TestSuiteExecutor.execute(TestSuiteExecutor.java:106)
	at com.kms.katalon.core.main.TestCaseMain.startTestSuite(TestCaseMain.java:185)
	at com.kms.katalon.core.main.TestCaseMain$startTestSuite$0.call(Unknown Source)
	at TempTestSuite1655711871206.run(TempTestSuite1655711871206.groovy:36)


2022-06-20 10:03:12 - [TEST_STEP][PASSED] - data = findTestData("Data Files/Username_Password/Test_Starpack"): null

2022-06-20 10:03:12 - [TEST_STEP][PASSED] - password_suser = data.getValue(2, 1): null

2022-06-20 10:03:12 - [TEST_STEP][PASSED] - password_aherms = data.getValue(2, 2): null

2022-06-20 10:03:12 - [TEST_STEP][PASSED] - password_agluszczynska = data.getValue(2, 3): null

2022-06-20 10:03:12 - [TEST_STEP][PASSED] - password_jmaciaszczyk = data.getValue(2, 4): null

2022-06-20 10:03:12 - [TEST_STEP][PASSED] - password_aterreshernandez = data.getValue(2, 5): null

2022-06-20 10:03:12 - [TEST_STEP][PASSED] - password_amartin_arbol = data.getValue(2, 6): null

2022-06-20 10:03:12 - [TEST_STEP][PASSED] - password_adelamatanieves = data.getValue(2, 7): null

2022-06-20 10:03:12 - [TEST_STEP][PASSED] - password_kcannoosamy_dia = data.getValue(2, 8): null

2022-06-20 10:03:12 - [TEST_STEP][PASSED] - data_urlTestAUTO = findTestData("Data Files/URL/URL_testauto"): null

2022-06-20 10:03:12 - [TEST_STEP][PASSED] - Url_Starpack = data_urlTestAUTO.getValue(2, 2): null

2022-06-20 10:03:12 - [TEST_STEP][PASSED] - log = new com.kms.katalon.core.logging.KeywordLogger(): null

2022-06-20 10:03:12 - [TEST_STEP][PASSED] - openBrowser(Url_Starpack): Browser is opened with url: 'https://mdb-v3-test.diadeis.com/MediaboxIndependence/?MBI_datasource=RELTEST_STARPACK'

2022-06-20 10:03:12 - [MESSAGE][INFO] - Starting 'Chrome (headless)' driver

2022-06-20 10:03:12 - [MESSAGE][INFO] - User set preference: ['args', '[--window-size=1920,1080, --headless]']

2022-06-20 10:03:12 - [MESSAGE][INFO] - Action delay is set to 0 milliseconds

2022-06-20 10:03:19 - [MESSAGE][PASSED] - Browser is opened with url: 'https://mdb-v3-test.diadeis.com/MediaboxIndependence/?MBI_datasource=RELTEST_STARPACK'

2022-06-20 10:03:19 - [TEST_STEP][PASSED] - maximizeWindow(): Current window maximized

2022-06-20 10:03:19 - [MESSAGE][PASSED] - Current window maximized

2022-06-20 10:03:19 - [TEST_STEP][PASSED] - waitForPageLoad(30): Wait for page load successfully

2022-06-20 10:03:19 - [MESSAGE][PASSED] - Wait for page load successfully

2022-06-20 10:03:19 - [TEST_STEP][PASSED] - today = new java.util.Date(): null

2022-06-20 10:03:19 - [TEST_STEP][PASSED] - Lastname = "LN" + RandomStringUtils.randomAlphanumeric(3) + today.format("HHmmss"): null

2022-06-20 10:03:19 - [TEST_STEP][PASSED] - FirstName = "FN" + RandomStringUtils.randomAlphanumeric(3): null

2022-06-20 10:03:19 - [TEST_STEP][PASSED] - "SCENARIO 1 : ALL REQUIRED FIELDS ARE EMPTY": null

2022-06-20 10:03:19 - [TEST_STEP][PASSED] - I.Login_password("suser", password_suser): Object: 'Object Repository/1. Constant/xpath' is clicked on

2022-06-20 10:03:20 - [MESSAGE][PASSED] - Text 'suser' is set on object 'Object Repository/1. Constant/xpath'

2022-06-20 10:03:21 - [MESSAGE][PASSED] - Delayed 1 second(s)

2022-06-20 10:03:21 - [MESSAGE][PASSED] - Text 'diadeis' is set on object 'Object Repository/1. Constant/xpath'

2022-06-20 10:03:22 - [MESSAGE][PASSED] - Delayed 1 second(s)

2022-06-20 10:03:26 - [MESSAGE][PASSED] - Object: 'Object Repository/1. Constant/xpath' is clicked on

2022-06-20 10:03:26 - [TEST_STEP][PASSED] - I.GoToUserManagement(): Wait for page load successfully

2022-06-20 10:03:27 - [MESSAGE][PASSED] - Object: 'Object Repository/1. Constant/xpath' is clicked on

2022-06-20 10:03:29 - [MESSAGE][PASSED] - Delayed 2 second(s)

2022-06-20 10:03:42 - [MESSAGE][PASSED] - Object: 'Object Repository/1. Constant/xpath' is clicked on

2022-06-20 10:03:42 - [MESSAGE][PASSED] - Wait for page load successfully

2022-06-20 10:03:42 - [TEST_STEP][PASSED] - click(findTestObject("1. Constant/xpath", ["xpath":"//*[@id="kt_content"]/div[3]/div/div/div/div[1]/div/a[3]"])): Object: 'Object Repository/1. Constant/xpath' is clicked on

2022-06-20 10:03:43 - [MESSAGE][PASSED] - Object: 'Object Repository/1. Constant/xpath' is clicked on

2022-06-20 10:03:43 - [TEST_STEP][PASSED] - "Verify if star is displayed on": null

2022-06-20 10:03:43 - [TEST_STEP][PASSED] - I.verifystar("Last name", findTestObject("1. Constant/xpath", ["xpath":"//*[@id="userDetails"]/div[2]/div[1]/label/img"]), log): Taking screenshot successfully

2022-06-20 10:03:43 - [MESSAGE][PASSED] - Object 'Object Repository/1. Constant/xpath' is visible

2022-06-20 10:03:43 - [MESSAGE][PASSED] - Taking screenshot successfully
[[ATTACHMENT|D:\\Projet Test Auto\\Mediabox Test Automation [Test]\\Reports\\20220620_095748\\z01. Test Suites\\201. TestStarPack_Login_Logout_Email\\20220620_095751\\1655712223449.png]]

2022-06-20 10:03:43 - [TEST_STEP][PASSED] - I.verifystar("First Name", findTestObject("1. Constant/xpath", ["xpath":"//*[@id="userDetails"]/div[2]/div[2]/label/img"]), log): Taking screenshot successfully

2022-06-20 10:03:43 - [MESSAGE][PASSED] - Object 'Object Repository/1. Constant/xpath' is visible

2022-06-20 10:03:44 - [MESSAGE][PASSED] - Taking screenshot successfully
[[ATTACHMENT|D:\\Projet Test Auto\\Mediabox Test Automation [Test]\\Reports\\20220620_095748\\z01. Test Suites\\201. TestStarPack_Login_Logout_Email\\20220620_095751\\1655712223919.png]]

2022-06-20 10:03:44 - [TEST_STEP][PASSED] - I.verifystar("Login", findTestObject("1. Constant/xpath", ["xpath":"//*[@id="userDetails"]/div[2]/div[3]/label/img"]), log): Taking screenshot successfully

2022-06-20 10:03:44 - [MESSAGE][PASSED] - Object 'Object Repository/1. Constant/xpath' is visible

2022-06-20 10:03:44 - [MESSAGE][PASSED] - Taking screenshot successfully
[[ATTACHMENT|D:\\Projet Test Auto\\Mediabox Test Automation [Test]\\Reports\\20220620_095748\\z01. Test Suites\\201. TestStarPack_Login_Logout_Email\\20220620_095751\\1655712224333.png]]

2022-06-20 10:03:44 - [TEST_STEP][PASSED] - I.verifystar("Login", findTestObject("1. Constant/xpath", ["xpath":"//*[@id="userDetails"]/div[2]/div[4]/label/img"]), log): Taking screenshot successfully

2022-06-20 10:03:44 - [MESSAGE][PASSED] - Object 'Object Repository/1. Constant/xpath' is visible

2022-06-20 10:03:45 - [MESSAGE][PASSED] - Taking screenshot successfully
[[ATTACHMENT|D:\\Projet Test Auto\\Mediabox Test Automation [Test]\\Reports\\20220620_095748\\z01. Test Suites\\201. TestStarPack_Login_Logout_Email\\20220620_095751\\1655712224772.png]]

2022-06-20 10:03:45 - [TEST_STEP][PASSED] - I.verifystar("Company", findTestObject("1. Constant/xpath", ["xpath":"//*[@id="userDetails"]/div[2]/div[5]/label/img"]), log): Taking screenshot successfully

2022-06-20 10:03:45 - [MESSAGE][PASSED] - Object 'Object Repository/1. Constant/xpath' is visible

2022-06-20 10:03:45 - [MESSAGE][PASSED] - Taking screenshot successfully
[[ATTACHMENT|D:\\Projet Test Auto\\Mediabox Test Automation [Test]\\Reports\\20220620_095748\\z01. Test Suites\\201. TestStarPack_Login_Logout_Email\\20220620_095751\\1655712225207.png]]

2022-06-20 10:03:45 - [TEST_STEP][PASSED] - I.verifystar("Expiration date", findTestObject("1. Constant/xpath", ["xpath":"//*[@id="userDetails"]/div[2]/div[8]/label/img"]), log): Taking screenshot successfully

2022-06-20 10:03:45 - [MESSAGE][PASSED] - Object 'Object Repository/1. Constant/xpath' is visible

2022-06-20 10:03:46 - [MESSAGE][PASSED] - Taking screenshot successfully
[[ATTACHMENT|D:\\Projet Test Auto\\Mediabox Test Automation [Test]\\Reports\\20220620_095748\\z01. Test Suites\\201. TestStarPack_Login_Logout_Email\\20220620_095751\\1655712225832.png]]

2022-06-20 10:03:46 - [TEST_STEP][PASSED] - I.verifystar("User Role", findTestObject("1. Constant/xpath", ["xpath":"//*[@id="userDetails"]/div[2]/div[9]/label/img"]), log): Taking screenshot successfully

2022-06-20 10:03:46 - [MESSAGE][PASSED] - Object 'Object Repository/1. Constant/xpath' is visible

2022-06-20 10:03:46 - [MESSAGE][PASSED] - Taking screenshot successfully
[[ATTACHMENT|D:\\Projet Test Auto\\Mediabox Test Automation [Test]\\Reports\\20220620_095748\\z01. Test Suites\\201. TestStarPack_Login_Logout_Email\\20220620_095751\\1655712226390.png]]

2022-06-20 10:03:46 - [TEST_STEP][PASSED] - click(findTestObject("1. Constant/xpath", ["xpath":"//*[@id="CreateUser"]/div[3]/div/button[2]"])): Object: 'Object Repository/1. Constant/xpath' is clicked on

2022-06-20 10:03:47 - [MESSAGE][PASSED] - Object: 'Object Repository/1. Constant/xpath' is clicked on

2022-06-20 10:03:47 - [TEST_STEP][PASSED] - takeScreenshot(): Taking screenshot successfully

2022-06-20 10:03:47 - [MESSAGE][PASSED] - Taking screenshot successfully
[[ATTACHMENT|D:\\Projet Test Auto\\Mediabox Test Automation [Test]\\Reports\\20220620_095748\\z01. Test Suites\\201. TestStarPack_Login_Logout_Email\\20220620_095751\\1655712227590.png]]

2022-06-20 10:03:47 - [TEST_STEP][PASSED] - verifyElementVisible(findTestObject("1. Constant/xpath", ["xpath":"//*[@id="toast-container"]/div"])): Object 'Object Repository/1. Constant/xpath' is visible

2022-06-20 10:03:48 - [MESSAGE][PASSED] - Object 'Object Repository/1. Constant/xpath' is visible

2022-06-20 10:03:48 - [TEST_STEP][PASSED] - delay(3): Delayed 3 second(s)

2022-06-20 10:03:51 - [MESSAGE][PASSED] - Delayed 3 second(s)

2022-06-20 10:03:51 - [TEST_STEP][PASSED] - "SCENARIO 2: COMPANY BLANK": null

2022-06-20 10:03:51 - [TEST_STEP][PASSED] - setText(findTestObject("1. Constant/01_id_field_id", ["field_id":"userName"]), Lastname): Text 'LNDIM100319' is set on object 'Object Repository/1. Constant/01_id_field_id'

2022-06-20 10:03:51 - [MESSAGE][PASSED] - Text 'LNDIM100319' is set on object 'Object Repository/1. Constant/01_id_field_id'

2022-06-20 10:03:51 - [TEST_STEP][PASSED] - setText(findTestObject("1. Constant/01_id_field_id", ["field_id":"userFirstName"]), FirstName): Text 'FNkpF' is set on object 'Object Repository/1. Constant/01_id_field_id'

2022-06-20 10:03:51 - [MESSAGE][PASSED] - Text 'FNkpF' is set on object 'Object Repository/1. Constant/01_id_field_id'

2022-06-20 10:03:51 - [TEST_STEP][PASSED] - setText(findTestObject("1. Constant/xpath", ["xpath":"//*[@id="userDetails"]/div[2]/div[4]/div/input"]), "TEST@TEST.com"): Text 'TEST@TEST.com' is set on object 'Object Repository/1. Constant/xpath'

2022-06-20 10:03:52 - [MESSAGE][PASSED] - Text 'TEST@TEST.com' is set on object 'Object Repository/1. Constant/xpath'

2022-06-20 10:03:52 - [TEST_STEP][PASSED] - selectOptionByValue(findTestObject("1. Constant/01_id_field_id", ["field_id":"userRole"]), "admin", true): All options with value 'admin' are selected in object 'Object Repository/1. Constant/01_id_field_id'  using regular expression

2022-06-20 10:03:52 - [MESSAGE][PASSED] - All options with value 'admin' are selected in object 'Object Repository/1. Constant/01_id_field_id'  using regular expression

2022-06-20 10:03:52 - [TEST_STEP][PASSED] - delay(1): Delayed 1 second(s)

2022-06-20 10:03:53 - [MESSAGE][PASSED] - Delayed 1 second(s)

2022-06-20 10:03:53 - [TEST_STEP][PASSED] - I.Pagedown(): Execute JavaScript 'window.scrollTo(0, document.body.scrollHeight)' successfully

2022-06-20 10:03:54 - [MESSAGE][PASSED] - Execute JavaScript 'window.scrollTo(0, document.body.scrollHeight)' successfully

2022-06-20 10:03:54 - [TEST_STEP][PASSED] - click(findTestObject("1. Constant/xpath", ["xpath":"//*[@id="CreateUser"]/div[3]/div/button[2]"])): Object: 'Object Repository/1. Constant/xpath' is clicked on

2022-06-20 10:03:54 - [MESSAGE][PASSED] - Object: 'Object Repository/1. Constant/xpath' is clicked on

2022-06-20 10:03:54 - [TEST_STEP][PASSED] - delay(1): Delayed 1 second(s)

2022-06-20 10:03:55 - [MESSAGE][PASSED] - Delayed 1 second(s)

2022-06-20 10:03:55 - [TEST_STEP][PASSED] - takeScreenshot(): Taking screenshot successfully

2022-06-20 10:03:56 - [MESSAGE][PASSED] - Taking screenshot successfully
[[ATTACHMENT|D:\\Projet Test Auto\\Mediabox Test Automation [Test]\\Reports\\20220620_095748\\z01. Test Suites\\201. TestStarPack_Login_Logout_Email\\20220620_095751\\1655712236120.png]]

2022-06-20 10:03:56 - [TEST_STEP][PASSED] - I.verifyErrormsg_toastr("Company", findTestObject("1. Constant/xpath", ["xpath":"//*[@id="toast-container"]/div/div[2]"]), "Company missing", log): Text of object 'Object Repository/1. Constant/xpath' is: 'Company missing'

2022-06-20 10:03:56 - [MESSAGE][PASSED] - Object 'Object Repository/1. Constant/xpath' is visible

2022-06-20 10:03:56 - [MESSAGE][PASSED] - Text of object 'Object Repository/1. Constant/xpath' is: 'Company missing'

2022-06-20 10:03:56 - [TEST_STEP][PASSED] - "SCENARIO 3: Last Name blank": null

2022-06-20 10:03:56 - [TEST_STEP][PASSED] - clearText(findTestObject("1. Constant/01_id_field_id", ["field_id":"userName"]), STOP_ON_FAILURE): Text of object 'Object Repository/1. Constant/01_id_field_id' is cleared

2022-06-20 10:03:56 - [MESSAGE][PASSED] - Text of object 'Object Repository/1. Constant/01_id_field_id' is cleared

2022-06-20 10:03:56 - [TEST_STEP][PASSED] - selectOptionByValue(findTestObject("1. Constant/01_id_field_id", ["field_id":"userCompany"]), "1", true): All options with value '1' are selected in object 'Object Repository/1. Constant/01_id_field_id'  using regular expression

2022-06-20 10:03:57 - [MESSAGE][PASSED] - All options with value '1' are selected in object 'Object Repository/1. Constant/01_id_field_id'  using regular expression

2022-06-20 10:03:57 - [TEST_STEP][PASSED] - delay(1): Delayed 1 second(s)

2022-06-20 10:03:58 - [MESSAGE][PASSED] - Delayed 1 second(s)

2022-06-20 10:03:58 - [TEST_STEP][PASSED] - I.Pagedown(): Execute JavaScript 'window.scrollTo(0, document.body.scrollHeight)' successfully

2022-06-20 10:03:58 - [MESSAGE][PASSED] - Execute JavaScript 'window.scrollTo(0, document.body.scrollHeight)' successfully

2022-06-20 10:03:58 - [TEST_STEP][PASSED] - click(findTestObject("1. Constant/xpath", ["xpath":"//*[@id="CreateUser"]/div[3]/div/button[2]"])): Object: 'Object Repository/1. Constant/xpath' is clicked on

2022-06-20 10:03:59 - [MESSAGE][PASSED] - Object: 'Object Repository/1. Constant/xpath' is clicked on

2022-06-20 10:03:59 - [TEST_STEP][PASSED] - delay(3): Delayed 3 second(s)

2022-06-20 10:04:02 - [MESSAGE][PASSED] - Delayed 3 second(s)

2022-06-20 10:04:02 - [TEST_STEP][PASSED] - takeScreenshot(): Taking screenshot successfully

2022-06-20 10:04:03 - [MESSAGE][PASSED] - Taking screenshot successfully
[[ATTACHMENT|D:\\Projet Test Auto\\Mediabox Test Automation [Test]\\Reports\\20220620_095748\\z01. Test Suites\\201. TestStarPack_Login_Logout_Email\\20220620_095751\\1655712242688.png]]

2022-06-20 10:04:03 - [TEST_STEP][PASSED] - I.verifyErrormsg_toastr("Company", findTestObject("1. Constant/xpath", ["xpath":"//*[@id="toast-container"]/div/div[2]"]), "Name missing", log): Text of object 'Object Repository/1. Constant/xpath' is: 'Name missing'

2022-06-20 10:04:03 - [MESSAGE][PASSED] - Object 'Object Repository/1. Constant/xpath' is visible

2022-06-20 10:04:03 - [MESSAGE][PASSED] - Text of object 'Object Repository/1. Constant/xpath' is: 'Name missing'

2022-06-20 10:04:03 - [TEST_STEP][PASSED] - "SCENARIO 4: First name blank": null

2022-06-20 10:04:03 - [TEST_STEP][PASSED] - clearText(findTestObject("1. Constant/01_id_field_id", ["field_id":"userFirstName"]), STOP_ON_FAILURE): Text of object 'Object Repository/1. Constant/01_id_field_id' is cleared

2022-06-20 10:04:03 - [MESSAGE][PASSED] - Text of object 'Object Repository/1. Constant/01_id_field_id' is cleared

2022-06-20 10:04:03 - [TEST_STEP][PASSED] - setText(findTestObject("1. Constant/01_id_field_id", ["field_id":"userName"]), Lastname): Text 'LNDIM100319' is set on object 'Object Repository/1. Constant/01_id_field_id'

2022-06-20 10:04:04 - [MESSAGE][PASSED] - Text 'LNDIM100319' is set on object 'Object Repository/1. Constant/01_id_field_id'

2022-06-20 10:04:04 - [TEST_STEP][PASSED] - delay(1): Delayed 1 second(s)

2022-06-20 10:04:05 - [MESSAGE][PASSED] - Delayed 1 second(s)

2022-06-20 10:04:05 - [TEST_STEP][PASSED] - I.Pagedown(): Execute JavaScript 'window.scrollTo(0, document.body.scrollHeight)' successfully

2022-06-20 10:04:05 - [MESSAGE][PASSED] - Execute JavaScript 'window.scrollTo(0, document.body.scrollHeight)' successfully

2022-06-20 10:04:05 - [TEST_STEP][PASSED] - click(findTestObject("1. Constant/xpath", ["xpath":"//*[@id="CreateUser"]/div[3]/div/button[2]"])): Object: 'Object Repository/1. Constant/xpath' is clicked on

2022-06-20 10:04:05 - [MESSAGE][PASSED] - Object: 'Object Repository/1. Constant/xpath' is clicked on

2022-06-20 10:04:05 - [TEST_STEP][PASSED] - delay(3): Delayed 3 second(s)

2022-06-20 10:04:08 - [MESSAGE][PASSED] - Delayed 3 second(s)

2022-06-20 10:04:08 - [TEST_STEP][PASSED] - takeScreenshot(): Taking screenshot successfully

2022-06-20 10:04:08 - [MESSAGE][PASSED] - Taking screenshot successfully
[[ATTACHMENT|D:\\Projet Test Auto\\Mediabox Test Automation [Test]\\Reports\\20220620_095748\\z01. Test Suites\\201. TestStarPack_Login_Logout_Email\\20220620_095751\\1655712248654.png]]

2022-06-20 10:04:08 - [TEST_STEP][PASSED] - I.verifyErrormsg_toastr("Company", findTestObject("1. Constant/xpath", ["xpath":"//*[@id="toast-container"]/div/div[2]"]), "First Name missing", log): Text of object 'Object Repository/1. Constant/xpath' is: 'First Name missing'

2022-06-20 10:04:09 - [MESSAGE][PASSED] - Object 'Object Repository/1. Constant/xpath' is visible

2022-06-20 10:04:09 - [MESSAGE][PASSED] - Text of object 'Object Repository/1. Constant/xpath' is: 'First Name missing'

2022-06-20 10:04:09 - [TEST_STEP][PASSED] - "SCENARIO 5A: Login blank": null

2022-06-20 10:04:09 - [TEST_STEP][PASSED] - click(findTestObject("1. Constant/xpath", ["xpath":"//*[@id="CreateUser"]/div[3]/div/a"])): Object: 'Object Repository/1. Constant/xpath' is clicked on

2022-06-20 10:04:18 - [MESSAGE][PASSED] - Object: 'Object Repository/1. Constant/xpath' is clicked on

2022-06-20 10:04:18 - [TEST_STEP][PASSED] - click(findTestObject("1. Constant/xpath", ["xpath":"//*[@id="kt_content"]/div[3]/div/div/div/div[1]/div/a[3]"])): Object: 'Object Repository/1. Constant/xpath' is clicked on

2022-06-20 10:04:20 - [MESSAGE][PASSED] - Object: 'Object Repository/1. Constant/xpath' is clicked on

2022-06-20 10:04:20 - [TEST_STEP][PASSED] - setText(findTestObject("1. Constant/01_id_field_id", ["field_id":"userName"]), Lastname): Text 'LNDIM100319' is set on object 'Object Repository/1. Constant/01_id_field_id'

2022-06-20 10:04:20 - [MESSAGE][PASSED] - Text 'LNDIM100319' is set on object 'Object Repository/1. Constant/01_id_field_id'

2022-06-20 10:04:20 - [TEST_STEP][PASSED] - setText(findTestObject("1. Constant/01_id_field_id", ["field_id":"userFirstName"]), FirstName): Text 'FNkpF' is set on object 'Object Repository/1. Constant/01_id_field_id'

2022-06-20 10:04:21 - [MESSAGE][PASSED] - Text 'FNkpF' is set on object 'Object Repository/1. Constant/01_id_field_id'

2022-06-20 10:04:21 - [TEST_STEP][PASSED] - setText(findTestObject("1. Constant/xpath", ["xpath":"//*[@id="userDetails"]/div[2]/div[4]/div/input"]), "TEST@TEST.com"): Text 'TEST@TEST.com' is set on object 'Object Repository/1. Constant/xpath'

2022-06-20 10:04:21 - [MESSAGE][PASSED] - Text 'TEST@TEST.com' is set on object 'Object Repository/1. Constant/xpath'

2022-06-20 10:04:21 - [TEST_STEP][PASSED] - selectOptionByValue(findTestObject("1. Constant/01_id_field_id", ["field_id":"userCompany"]), "1", true): All options with value '1' are selected in object 'Object Repository/1. Constant/01_id_field_id'  using regular expression

2022-06-20 10:04:21 - [MESSAGE][PASSED] - All options with value '1' are selected in object 'Object Repository/1. Constant/01_id_field_id'  using regular expression

2022-06-20 10:04:21 - [TEST_STEP][PASSED] - selectOptionByValue(findTestObject("1. Constant/01_id_field_id", ["field_id":"userRole"]), "admin", true): All options with value 'admin' are selected in object 'Object Repository/1. Constant/01_id_field_id'  using regular expression

2022-06-20 10:04:23 - [MESSAGE][PASSED] - All options with value 'admin' are selected in object 'Object Repository/1. Constant/01_id_field_id'  using regular expression

2022-06-20 10:04:23 - [TEST_STEP][PASSED] - clearText(findTestObject("1. Constant/01_id_field_id", ["field_id":"userLogin"]), STOP_ON_FAILURE): Text of object 'Object Repository/1. Constant/01_id_field_id' is cleared

2022-06-20 10:04:23 - [MESSAGE][PASSED] - Text of object 'Object Repository/1. Constant/01_id_field_id' is cleared

2022-06-20 10:04:23 - [TEST_STEP][PASSED] - delay(1): Delayed 1 second(s)

2022-06-20 10:04:24 - [MESSAGE][PASSED] - Delayed 1 second(s)

2022-06-20 10:04:24 - [TEST_STEP][PASSED] - I.Pagedown(): Execute JavaScript 'window.scrollTo(0, document.body.scrollHeight)' successfully

2022-06-20 10:04:24 - [MESSAGE][PASSED] - Execute JavaScript 'window.scrollTo(0, document.body.scrollHeight)' successfully

2022-06-20 10:04:24 - [TEST_STEP][PASSED] - click(findTestObject("1. Constant/xpath", ["xpath":"//*[@id="CreateUser"]/div[3]/div/button[2]"])): Object: 'Object Repository/1. Constant/xpath' is clicked on

2022-06-20 10:04:25 - [MESSAGE][PASSED] - Object: 'Object Repository/1. Constant/xpath' is clicked on

2022-06-20 10:04:25 - [TEST_STEP][PASSED] - delay(3): Delayed 3 second(s)

2022-06-20 10:04:28 - [MESSAGE][PASSED] - Delayed 3 second(s)

2022-06-20 10:04:28 - [TEST_STEP][PASSED] - takeScreenshot(): Taking screenshot successfully

2022-06-20 10:04:28 - [MESSAGE][PASSED] - Taking screenshot successfully
[[ATTACHMENT|D:\\Projet Test Auto\\Mediabox Test Automation [Test]\\Reports\\20220620_095748\\z01. Test Suites\\201. TestStarPack_Login_Logout_Email\\20220620_095751\\1655712268607.png]]

2022-06-20 10:04:28 - [TEST_STEP][PASSED] - I.verifyErrormsg_toastr("Login", findTestObject("1. Constant/xpath", ["xpath":"//*[@id="toast-container"]/div/div[2]"]), "This login must contain beetween 4 and 18 characters", log): Text of object 'Object Repository/1. Constant/xpath' is: 'Login error : This login must contain beetween 4 and 18 characters'

2022-06-20 10:04:29 - [MESSAGE][PASSED] - Object 'Object Repository/1. Constant/xpath' is visible

2022-06-20 10:04:29 - [MESSAGE][PASSED] - Text of object 'Object Repository/1. Constant/xpath' is: 'Login error : This login must contain beetween 4 and 18 characters'

2022-06-20 10:04:29 - [TEST_STEP][PASSED] - setText(findTestObject("1. Constant/01_id_field_id", ["field_id":"userLogin"]), "ter"): Text 'ter' is set on object 'Object Repository/1. Constant/01_id_field_id'

2022-06-20 10:04:29 - [MESSAGE][PASSED] - Text 'ter' is set on object 'Object Repository/1. Constant/01_id_field_id'

2022-06-20 10:04:29 - [TEST_STEP][PASSED] - click(findTestObject("1. Constant/xpath", ["xpath":"//*[@id="CreateUser"]/div[3]/div/button[2]"])): Object: 'Object Repository/1. Constant/xpath' is clicked on

2022-06-20 10:04:30 - [MESSAGE][PASSED] - Object: 'Object Repository/1. Constant/xpath' is clicked on

2022-06-20 10:04:30 - [TEST_STEP][PASSED] - takeScreenshot(): Taking screenshot successfully

2022-06-20 10:04:30 - [MESSAGE][PASSED] - Taking screenshot successfully
[[ATTACHMENT|D:\\Projet Test Auto\\Mediabox Test Automation [Test]\\Reports\\20220620_095748\\z01. Test Suites\\201. TestStarPack_Login_Logout_Email\\20220620_095751\\1655712270177.png]]

2022-06-20 10:04:30 - [TEST_STEP][PASSED] - I.verifyErrormsg_toastr("Login", findTestObject("1. Constant/xpath", ["xpath":"//*[@id="toast-container"]/div/div[2]"]), "This login must contain beetween 4 and 18 characters", log): Text of object 'Object Repository/1. Constant/xpath' is: 'Login error : This login must contain beetween 4 and 18 characters'

2022-06-20 10:04:30 - [MESSAGE][PASSED] - Object 'Object Repository/1. Constant/xpath' is visible

2022-06-20 10:04:30 - [MESSAGE][PASSED] - Text of object 'Object Repository/1. Constant/xpath' is: 'Login error : This login must contain beetween 4 and 18 characters'

2022-06-20 10:04:30 - [TEST_STEP][PASSED] - "SCENARIO 6A: EMAIL blank": null

2022-06-20 10:04:30 - [TEST_STEP][PASSED] - clearText(findTestObject("1. Constant/xpath", ["xpath":"//*[@id="userDetails"]/div[2]/div[4]/div/input"])): Text of object 'Object Repository/1. Constant/xpath' is cleared

2022-06-20 10:04:30 - [MESSAGE][PASSED] - Text of object 'Object Repository/1. Constant/xpath' is cleared

2022-06-20 10:04:30 - [TEST_STEP][PASSED] - setText(findTestObject("1. Constant/01_id_field_id", ["field_id":"userLogin"]), "ter12"): Text 'ter12' is set on object 'Object Repository/1. Constant/01_id_field_id'

2022-06-20 10:04:31 - [MESSAGE][PASSED] - Text 'ter12' is set on object 'Object Repository/1. Constant/01_id_field_id'

2022-06-20 10:04:31 - [TEST_STEP][PASSED] - click(findTestObject("1. Constant/xpath", ["xpath":"//*[@id="CreateUser"]/div[3]/div/button[2]"])): Object: 'Object Repository/1. Constant/xpath' is clicked on

2022-06-20 10:04:31 - [MESSAGE][PASSED] - Object: 'Object Repository/1. Constant/xpath' is clicked on

2022-06-20 10:04:31 - [TEST_STEP][PASSED] - delay(3): Delayed 3 second(s)

2022-06-20 10:04:34 - [MESSAGE][PASSED] - Delayed 3 second(s)

2022-06-20 10:04:34 - [TEST_STEP][PASSED] - takeScreenshot(): Taking screenshot successfully

2022-06-20 10:04:35 - [MESSAGE][PASSED] - Taking screenshot successfully
[[ATTACHMENT|D:\\Projet Test Auto\\Mediabox Test Automation [Test]\\Reports\\20220620_095748\\z01. Test Suites\\201. TestStarPack_Login_Logout_Email\\20220620_095751\\1655712274889.png]]

2022-06-20 10:04:35 - [TEST_STEP][PASSED] - I.verifyErrormsg_toastr("Email", findTestObject("1. Constant/xpath", ["xpath":"//*[@id="toast-container"]/div/div[2]"]), "Email missing", log): Text of object 'Object Repository/1. Constant/xpath' is: 'Email missing
Invalid email
Login error : This login is already used'

2022-06-20 10:04:35 - [MESSAGE][PASSED] - Object 'Object Repository/1. Constant/xpath' is visible

2022-06-20 10:04:35 - [MESSAGE][PASSED] - Text of object 'Object Repository/1. Constant/xpath' is: 'Email missing
Invalid email
Login error : This login is already used'

2022-06-20 10:04:35 - [TEST_STEP][PASSED] - "SCENARIO 6B: INVALID EMAIL": null

2022-06-20 10:04:35 - [TEST_STEP][PASSED] - setText(findTestObject("1. Constant/xpath", ["xpath":"//*[@id="userDetails"]/div[2]/div[4]/div/input"]), "TESTT.com"): Text 'TESTT.com' is set on object 'Object Repository/1. Constant/xpath'

2022-06-20 10:04:35 - [MESSAGE][PASSED] - Text 'TESTT.com' is set on object 'Object Repository/1. Constant/xpath'

2022-06-20 10:04:35 - [TEST_STEP][PASSED] - click(findTestObject("1. Constant/xpath", ["xpath":"//*[@id="CreateUser"]/div[3]/div/button[2]"])): Object: 'Object Repository/1. Constant/xpath' is clicked on

2022-06-20 10:04:36 - [MESSAGE][PASSED] - Object: 'Object Repository/1. Constant/xpath' is clicked on

2022-06-20 10:04:36 - [TEST_STEP][PASSED] - delay(3): Delayed 3 second(s)

2022-06-20 10:04:39 - [MESSAGE][PASSED] - Delayed 3 second(s)

2022-06-20 10:04:39 - [TEST_STEP][PASSED] - takeScreenshot(): Taking screenshot successfully

2022-06-20 10:04:40 - [MESSAGE][PASSED] - Taking screenshot successfully
[[ATTACHMENT|D:\\Projet Test Auto\\Mediabox Test Automation [Test]\\Reports\\20220620_095748\\z01. Test Suites\\201. TestStarPack_Login_Logout_Email\\20220620_095751\\1655712279853.png]]

2022-06-20 10:04:40 - [TEST_STEP][PASSED] - I.verifyErrormsg_toastr("Email", findTestObject("1. Constant/xpath", ["xpath":"//*[@id="toast-container"]/div/div[2]"]), "Invalid email", log): Text of object 'Object Repository/1. Constant/xpath' is: 'Invalid email
Login error : This login is already used'

2022-06-20 10:04:40 - [MESSAGE][PASSED] - Object 'Object Repository/1. Constant/xpath' is visible

2022-06-20 10:04:40 - [MESSAGE][PASSED] - Text of object 'Object Repository/1. Constant/xpath' is: 'Invalid email
Login error : This login is already used'

2022-06-20 10:04:40 - [TEST_STEP][PASSED] - clearText(findTestObject("1. Constant/xpath", ["xpath":"//*[@id="userDetails"]/div[2]/div[4]/div/input"])): Text of object 'Object Repository/1. Constant/xpath' is cleared

2022-06-20 10:04:40 - [MESSAGE][PASSED] - Text of object 'Object Repository/1. Constant/xpath' is cleared

2022-06-20 10:04:40 - [TEST_STEP][PASSED] - setText(findTestObject("1. Constant/xpath", ["xpath":"//*[@id="userDetails"]/div[2]/div[4]/div/input"]), "TESTT@test.com"): Text 'TESTT@test.com' is set on object 'Object Repository/1. Constant/xpath'

2022-06-20 10:04:41 - [MESSAGE][PASSED] - Text 'TESTT@test.com' is set on object 'Object Repository/1. Constant/xpath'

2022-06-20 10:04:41 - [TEST_STEP][PASSED] - selectOptionByValue(findTestObject("1. Constant/01_id_field_id", ["field_id":"userRole"]), "Commercial_support", true): All options with value 'Commercial_support' are selected in object 'Object Repository/1. Constant/01_id_field_id'  using regular expression

2022-06-20 10:04:41 - [MESSAGE][PASSED] - All options with value 'Commercial_support' are selected in object 'Object Repository/1. Constant/01_id_field_id'  using regular expression

2022-06-20 10:04:41 - [TEST_STEP][PASSED] - click(findTestObject("1. Constant/xpath", ["xpath":"//*[@id="CreateUser"]/div[3]/div/button[2]"])): Object: 'Object Repository/1. Constant/xpath' is clicked on

2022-06-20 10:04:42 - [MESSAGE][PASSED] - Object: 'Object Repository/1. Constant/xpath' is clicked on

2022-06-20 10:04:42 - [TEST_STEP][PASSED] - delay(3): Delayed 3 second(s)

2022-06-20 10:04:46 - [MESSAGE][PASSED] - Delayed 3 second(s)

2022-06-20 10:04:46 - [TEST_STEP][PASSED] - takeScreenshot(): Taking screenshot successfully

2022-06-20 10:04:46 - [MESSAGE][PASSED] - Taking screenshot successfully
[[ATTACHMENT|D:\\Projet Test Auto\\Mediabox Test Automation [Test]\\Reports\\20220620_095748\\z01. Test Suites\\201. TestStarPack_Login_Logout_Email\\20220620_095751\\1655712286184.png]]

2022-06-20 10:04:46 - [TEST_STEP][FAILED] - I.verifyErrormsg_toastr("Company", findTestObject("1. Constant/xpath", ["xpath":"//*[@id="toast-container"]/div/div[2]"]), "Brand missing", log): Test Cases/201. TestStarPack_Login_Logout_Email/201.04 TestStarpack Création de compte (Validation des champs obligatoires) FAILED.
Reason:
Assertion failed: 

assert false


	at functions.I.verifyErrormsg_toastr(I.groovy:1095)
	at functions.I$verifyErrormsg_toastr$3.call(Unknown Source)
	at 201.04 TestStarpack Création de compte (Validation des champs obligatoires).run(201.04 TestStarpack Création de compte (Validation des champs obligatoires):381)
	at com.kms.katalon.core.main.ScriptEngine.run(ScriptEngine.java:194)
	at com.kms.katalon.core.main.ScriptEngine.runScriptAsRawText(ScriptEngine.java:119)
	at com.kms.katalon.core.main.TestCaseExecutor.runScript(TestCaseExecutor.java:445)
	at com.kms.katalon.core.main.TestCaseExecutor.doExecute(TestCaseExecutor.java:436)
	at com.kms.katalon.core.main.TestCaseExecutor.processExecutionPhase(TestCaseExecutor.java:415)
	at com.kms.katalon.core.main.TestCaseExecutor.accessMainPhase(TestCaseExecutor.java:407)
	at com.kms.katalon.core.main.TestCaseExecutor.execute(TestCaseExecutor.java:284)
	at com.kms.katalon.core.common.CommonExecutor.accessTestCaseMainPhase(CommonExecutor.java:65)
	at com.kms.katalon.core.main.TestSuiteExecutor.accessTestSuiteMainPhase(TestSuiteExecutor.java:144)
	at com.kms.katalon.core.main.TestSuiteExecutor.execute(TestSuiteExecutor.java:106)
	at com.kms.katalon.core.main.TestCaseMain.startTestSuite(TestCaseMain.java:185)
	at com.kms.katalon.core.main.TestCaseMain$startTestSuite$0.call(Unknown Source)
	at TempTestSuite1655711871206.run(TempTestSuite1655711871206.groovy:36)


2022-06-20 10:04:46 - [MESSAGE][PASSED] - Object 'Object Repository/1. Constant/xpath' is visible

2022-06-20 10:04:47 - [MESSAGE][PASSED] - Text of object 'Object Repository/1. Constant/xpath' is: 'Login error : This login is already used'

2022-06-20 10:04:47 - [MESSAGE][FAILED] - Warning! The toastr is not displayed for Company - Test KO. It should be Login error : This login is already used

2022-06-20 10:04:47 - [MESSAGE][FAILED] - Test Cases/201. TestStarPack_Login_Logout_Email/201.04 TestStarpack Création de compte (Validation des champs obligatoires) FAILED.
Reason:
Assertion failed: 

assert false


	at functions.I.verifyErrormsg_toastr(I.groovy:1095)
	at functions.I$verifyErrormsg_toastr$3.call(Unknown Source)
	at 201.04 TestStarpack Création de compte (Validation des champs obligatoires).run(201.04 TestStarpack Création de compte (Validation des champs obligatoires):381)
	at com.kms.katalon.core.main.ScriptEngine.run(ScriptEngine.java:194)
	at com.kms.katalon.core.main.ScriptEngine.runScriptAsRawText(ScriptEngine.java:119)
	at com.kms.katalon.core.main.TestCaseExecutor.runScript(TestCaseExecutor.java:445)
	at com.kms.katalon.core.main.TestCaseExecutor.doExecute(TestCaseExecutor.java:436)
	at com.kms.katalon.core.main.TestCaseExecutor.processExecutionPhase(TestCaseExecutor.java:415)
	at com.kms.katalon.core.main.TestCaseExecutor.accessMainPhase(TestCaseExecutor.java:407)
	at com.kms.katalon.core.main.TestCaseExecutor.execute(TestCaseExecutor.java:284)
	at com.kms.katalon.core.common.CommonExecutor.accessTestCaseMainPhase(CommonExecutor.java:65)
	at com.kms.katalon.core.main.TestSuiteExecutor.accessTestSuiteMainPhase(TestSuiteExecutor.java:144)
	at com.kms.katalon.core.main.TestSuiteExecutor.execute(TestSuiteExecutor.java:106)
	at com.kms.katalon.core.main.TestCaseMain.startTestSuite(TestCaseMain.java:185)
	at com.kms.katalon.core.main.TestCaseMain$startTestSuite$0.call(Unknown Source)
	at TempTestSuite1655711871206.run(TempTestSuite1655711871206.groovy:36)


2022-06-20 10:04:47 - [TEST_STEP][PASSED] - Start listener action : sampleAfterTestCase: null]]></system-out>
         <system-err><![CDATA[2022-06-20 10:03:11 - [TEST_CASE][FAILED] - Test Cases/201. TestStarPack_Login_Logout_Email/201.04 TestStarpack Création de compte (Validation des champs obligatoires): Test Cases/201. TestStarPack_Login_Logout_Email/201.04 TestStarpack Création de compte (Validation des champs obligatoires) FAILED.
Reason:
Assertion failed: 

assert false


	at functions.I.verifyErrormsg_toastr(I.groovy:1095)
	at functions.I$verifyErrormsg_toastr$3.call(Unknown Source)
	at 201.04 TestStarpack Création de compte (Validation des champs obligatoires).run(201.04 TestStarpack Création de compte (Validation des champs obligatoires):381)
	at com.kms.katalon.core.main.ScriptEngine.run(ScriptEngine.java:194)
	at com.kms.katalon.core.main.ScriptEngine.runScriptAsRawText(ScriptEngine.java:119)
	at com.kms.katalon.core.main.TestCaseExecutor.runScript(TestCaseExecutor.java:445)
	at com.kms.katalon.core.main.TestCaseExecutor.doExecute(TestCaseExecutor.java:436)
	at com.kms.katalon.core.main.TestCaseExecutor.processExecutionPhase(TestCaseExecutor.java:415)
	at com.kms.katalon.core.main.TestCaseExecutor.accessMainPhase(TestCaseExecutor.java:407)
	at com.kms.katalon.core.main.TestCaseExecutor.execute(TestCaseExecutor.java:284)
	at com.kms.katalon.core.common.CommonExecutor.accessTestCaseMainPhase(CommonExecutor.java:65)
	at com.kms.katalon.core.main.TestSuiteExecutor.accessTestSuiteMainPhase(TestSuiteExecutor.java:144)
	at com.kms.katalon.core.main.TestSuiteExecutor.execute(TestSuiteExecutor.java:106)
	at com.kms.katalon.core.main.TestCaseMain.startTestSuite(TestCaseMain.java:185)
	at com.kms.katalon.core.main.TestCaseMain$startTestSuite$0.call(Unknown Source)
	at TempTestSuite1655711871206.run(TempTestSuite1655711871206.groovy:36)]]></system-err>
      </testcase>
      <testcase name="Test Cases/201. TestStarPack_Login_Logout_Email/201.01 TestStarpack Reset Password (Need to verify email 201.11)" time="32.703" classname="Test Cases/201. TestStarPack_Login_Logout_Email/201.01 TestStarpack Reset Password (Need to verify email 201.11)" status="PASSED">
         <system-out><![CDATA[2022-06-20 10:04:47 - [TEST_CASE][PASSED] - Test Cases/201. TestStarPack_Login_Logout_Email/201.01 TestStarpack Reset Password (Need to verify email 201.11): Test Cases/201. TestStarPack_Login_Logout_Email/201.01 TestStarpack Reset Password (Need to verify email 201.11)

2022-06-20 10:04:47 - [TEST_STEP][PASSED] - data = findTestData("Data Files/Username_Password/Test_Starpack"): null

2022-06-20 10:04:47 - [TEST_STEP][PASSED] - password_suser = data.getValue(2, 1): null

2022-06-20 10:04:47 - [TEST_STEP][PASSED] - data_urlTestAUTO = findTestData("Data Files/URL/URL_testauto"): null

2022-06-20 10:04:47 - [TEST_STEP][PASSED] - Url_Starpack = data_urlTestAUTO.getValue(2, 2): null

2022-06-20 10:04:47 - [TEST_STEP][PASSED] - login = "flndhx162043": null

2022-06-20 10:04:47 - [TEST_STEP][PASSED] - password_mediaboxCreation = "Diadeis*1": null

2022-06-20 10:04:47 - [TEST_STEP][PASSED] - openBrowser(Url_Starpack): Browser is opened with url: 'https://mdb-v3-test.diadeis.com/MediaboxIndependence/?MBI_datasource=RELTEST_STARPACK'

2022-06-20 10:04:47 - [MESSAGE][WARNING] - A browser is already opened. Closing browser and opening a new one

2022-06-20 10:04:48 - [MESSAGE][INFO] - Starting 'Chrome (headless)' driver

2022-06-20 10:04:48 - [MESSAGE][INFO] - User set preference: ['args', '[--window-size=1920,1080, --headless]']

2022-06-20 10:04:48 - [MESSAGE][INFO] - Action delay is set to 0 milliseconds

2022-06-20 10:04:52 - [MESSAGE][PASSED] - Browser is opened with url: 'https://mdb-v3-test.diadeis.com/MediaboxIndependence/?MBI_datasource=RELTEST_STARPACK'

2022-06-20 10:04:52 - [TEST_STEP][PASSED] - maximizeWindow(): Current window maximized

2022-06-20 10:04:53 - [MESSAGE][PASSED] - Current window maximized

2022-06-20 10:04:53 - [TEST_STEP][PASSED] - waitForPageLoad(30): Wait for page load successfully

2022-06-20 10:04:53 - [MESSAGE][PASSED] - Wait for page load successfully

2022-06-20 10:04:53 - [TEST_STEP][PASSED] - I.Login_password("suser", password_suser): Object: 'Object Repository/1. Constant/xpath' is clicked on

2022-06-20 10:04:53 - [MESSAGE][PASSED] - Text 'suser' is set on object 'Object Repository/1. Constant/xpath'

2022-06-20 10:04:54 - [MESSAGE][PASSED] - Delayed 1 second(s)

2022-06-20 10:04:54 - [MESSAGE][PASSED] - Text 'diadeis' is set on object 'Object Repository/1. Constant/xpath'

2022-06-20 10:04:55 - [MESSAGE][PASSED] - Delayed 1 second(s)

2022-06-20 10:04:59 - [MESSAGE][PASSED] - Object: 'Object Repository/1. Constant/xpath' is clicked on

2022-06-20 10:04:59 - [TEST_STEP][PASSED] - takeScreenshot(): Taking screenshot successfully

2022-06-20 10:05:00 - [MESSAGE][PASSED] - Taking screenshot successfully
[[ATTACHMENT|D:\\Projet Test Auto\\Mediabox Test Automation [Test]\\Reports\\20220620_095748\\z01. Test Suites\\201. TestStarPack_Login_Logout_Email\\20220620_095751\\1655712299940.png]]

2022-06-20 10:05:00 - [TEST_STEP][PASSED] - click(findTestObject("1. Constant/xpath", ["xpath":"//*[@id="kt_aside_menu"]/ul/li[11]/a/span[2]"])): Object: 'Object Repository/1. Constant/xpath' is clicked on

2022-06-20 10:05:00 - [MESSAGE][PASSED] - Object: 'Object Repository/1. Constant/xpath' is clicked on

2022-06-20 10:05:00 - [TEST_STEP][PASSED] - takeScreenshot(): Taking screenshot successfully

2022-06-20 10:05:00 - [MESSAGE][PASSED] - Taking screenshot successfully
[[ATTACHMENT|D:\\Projet Test Auto\\Mediabox Test Automation [Test]\\Reports\\20220620_095748\\z01. Test Suites\\201. TestStarPack_Login_Logout_Email\\20220620_095751\\1655712300652.png]]

2022-06-20 10:05:00 - [TEST_STEP][PASSED] - delay(3): Delayed 3 second(s)

2022-06-20 10:05:03 - [MESSAGE][PASSED] - Delayed 3 second(s)

2022-06-20 10:05:03 - [TEST_STEP][PASSED] - click(findTestObject("1. Constant/xpath", ["xpath":"//*[@id="kt_aside_menu"]/ul/li[11]/div/ul/li[2]/a/span"])): Object: 'Object Repository/1. Constant/xpath' is clicked on

2022-06-20 10:05:13 - [MESSAGE][PASSED] - Object: 'Object Repository/1. Constant/xpath' is clicked on

2022-06-20 10:05:13 - [TEST_STEP][PASSED] - delay(1): Delayed 1 second(s)

2022-06-20 10:05:14 - [MESSAGE][PASSED] - Delayed 1 second(s)

2022-06-20 10:05:14 - [TEST_STEP][PASSED] - setText(findTestObject("1. Constant/xpath", ["xpath":"//*[@id="users_table_filter"]/label/input"]), login): Text 'flndhx162043' is set on object 'Object Repository/1. Constant/xpath'

2022-06-20 10:05:15 - [MESSAGE][PASSED] - Text 'flndhx162043' is set on object 'Object Repository/1. Constant/xpath'

2022-06-20 10:05:15 - [TEST_STEP][PASSED] - delay(1): Delayed 1 second(s)

2022-06-20 10:05:16 - [MESSAGE][PASSED] - Delayed 1 second(s)

2022-06-20 10:05:16 - [TEST_STEP][PASSED] - takeScreenshot(): Taking screenshot successfully

2022-06-20 10:05:16 - [MESSAGE][PASSED] - Taking screenshot successfully
[[ATTACHMENT|D:\\Projet Test Auto\\Mediabox Test Automation [Test]\\Reports\\20220620_095748\\z01. Test Suites\\201. TestStarPack_Login_Logout_Email\\20220620_095751\\1655712316212.png]]

2022-06-20 10:05:16 - [TEST_STEP][PASSED] - delay(1): Delayed 1 second(s)

2022-06-20 10:05:17 - [MESSAGE][PASSED] - Delayed 1 second(s)

2022-06-20 10:05:17 - [TEST_STEP][PASSED] - click(findTestObject("1. Constant/xpath", ["xpath":"//*[@id="flndhx162043"]/td[14]/a"])): Object: 'Object Repository/1. Constant/xpath' is clicked on

2022-06-20 10:05:17 - [MESSAGE][PASSED] - Object: 'Object Repository/1. Constant/xpath' is clicked on

2022-06-20 10:05:17 - [TEST_STEP][PASSED] - takeScreenshot(): Taking screenshot successfully

2022-06-20 10:05:18 - [MESSAGE][PASSED] - Taking screenshot successfully
[[ATTACHMENT|D:\\Projet Test Auto\\Mediabox Test Automation [Test]\\Reports\\20220620_095748\\z01. Test Suites\\201. TestStarPack_Login_Logout_Email\\20220620_095751\\1655712317766.png]]

2022-06-20 10:05:18 - [TEST_STEP][PASSED] - actualmsg = getText(findTestObject("1. Constant/xpath", ["xpath":"//*[@id="toast-container"]/div/div[2]"])): Text of object 'Object Repository/1. Constant/xpath' is: 'Login information email sent to flndhx162043'

2022-06-20 10:05:18 - [MESSAGE][PASSED] - Text of object 'Object Repository/1. Constant/xpath' is: 'Login information email sent to flndhx162043'

2022-06-20 10:05:18 - [TEST_STEP][PASSED] - Expectedmsg = "Login information email sent to " + login: null

2022-06-20 10:05:18 - [TEST_STEP][PASSED] - verifyEqual(actualmsg, Expectedmsg): Actual object 'Login information email sent to flndhx162043' and expected object 'Login information email sent to flndhx162043' are equal

2022-06-20 10:05:18 - [MESSAGE][PASSED] - Actual object 'Login information email sent to flndhx162043' and expected object 'Login information email sent to flndhx162043' are equal

2022-06-20 10:05:18 - [TEST_STEP][PASSED] - closeBrowser(): Browser is closed

2022-06-20 10:05:19 - [MESSAGE][PASSED] - Browser is closed

2022-06-20 10:05:19 - [TEST_STEP][PASSED] - Start listener action : sampleAfterTestCase: null]]></system-out>
         <system-err><![CDATA[]]></system-err>
      </testcase>
      <testcase name="Test Cases/201. TestStarPack_Login_Logout_Email/201.02 TestStarpack Création de compte - annuler la creation (Chrome)" time="58.201" classname="Test Cases/201. TestStarPack_Login_Logout_Email/201.02 TestStarpack Création de compte - annuler la creation (Chrome)" status="PASSED">
         <system-out><![CDATA[2022-06-20 10:05:19 - [TEST_CASE][PASSED] - Test Cases/201. TestStarPack_Login_Logout_Email/201.02 TestStarpack Création de compte - annuler la creation (Chrome): Test Cases/201. TestStarPack_Login_Logout_Email/201.02 TestStarpack Création de compte - annuler la creation (Chrome)

2022-06-20 10:05:20 - [TEST_STEP][PASSED] - data = findTestData("Data Files/Username_Password/Test_Starpack"): null

2022-06-20 10:05:20 - [TEST_STEP][PASSED] - password_suser = data.getValue(2, 1): null

2022-06-20 10:05:20 - [TEST_STEP][PASSED] - data_urlTestAUTO = findTestData("Data Files/URL/URL_testauto"): null

2022-06-20 10:05:20 - [TEST_STEP][PASSED] - Url_Starpack = data_urlTestAUTO.getValue(2, 2): null

2022-06-20 10:05:20 - [TEST_STEP][PASSED] - password_gmailcancel = "Diadeis*1": null

2022-06-20 10:05:20 - [TEST_STEP][PASSED] - log = new com.kms.katalon.core.logging.KeywordLogger(): null

2022-06-20 10:05:20 - [TEST_STEP][PASSED] - openBrowser(Url_Starpack): Browser is opened with url: 'https://mdb-v3-test.diadeis.com/MediaboxIndependence/?MBI_datasource=RELTEST_STARPACK'

2022-06-20 10:05:20 - [MESSAGE][INFO] - Starting 'Chrome (headless)' driver

2022-06-20 10:05:20 - [MESSAGE][INFO] - User set preference: ['args', '[--window-size=1920,1080, --headless]']

2022-06-20 10:05:20 - [MESSAGE][INFO] - Action delay is set to 0 milliseconds

2022-06-20 10:05:24 - [MESSAGE][PASSED] - Browser is opened with url: 'https://mdb-v3-test.diadeis.com/MediaboxIndependence/?MBI_datasource=RELTEST_STARPACK'

2022-06-20 10:05:24 - [TEST_STEP][PASSED] - maximizeWindow(): Current window maximized

2022-06-20 10:05:24 - [MESSAGE][PASSED] - Current window maximized

2022-06-20 10:05:24 - [TEST_STEP][PASSED] - I.Login_password("suser", password_suser): Object: 'Object Repository/1. Constant/xpath' is clicked on

2022-06-20 10:05:24 - [MESSAGE][PASSED] - Text 'suser' is set on object 'Object Repository/1. Constant/xpath'

2022-06-20 10:05:25 - [MESSAGE][PASSED] - Delayed 1 second(s)

2022-06-20 10:05:26 - [MESSAGE][PASSED] - Text 'diadeis' is set on object 'Object Repository/1. Constant/xpath'

2022-06-20 10:05:27 - [MESSAGE][PASSED] - Delayed 1 second(s)

2022-06-20 10:05:31 - [MESSAGE][PASSED] - Object: 'Object Repository/1. Constant/xpath' is clicked on

2022-06-20 10:05:31 - [TEST_STEP][PASSED] - takeScreenshot(): Taking screenshot successfully

2022-06-20 10:05:31 - [MESSAGE][PASSED] - Taking screenshot successfully
[[ATTACHMENT|D:\\Projet Test Auto\\Mediabox Test Automation [Test]\\Reports\\20220620_095748\\z01. Test Suites\\201. TestStarPack_Login_Logout_Email\\20220620_095751\\1655712331163.png]]

2022-06-20 10:05:31 - [TEST_STEP][PASSED] - waitForPageLoad(30): Wait for page load successfully

2022-06-20 10:05:31 - [MESSAGE][PASSED] - Wait for page load successfully

2022-06-20 10:05:31 - [TEST_STEP][PASSED] - verifyElementVisible(findTestObject("1. Constant/xpath", ["xpath":"//*[@id="kt_aside_menu"]/ul/li[11]/a/span[2]"])): Object 'Object Repository/1. Constant/xpath' is visible

2022-06-20 10:05:31 - [MESSAGE][PASSED] - Object 'Object Repository/1. Constant/xpath' is visible

2022-06-20 10:05:31 - [TEST_STEP][PASSED] - click(findTestObject("1. Constant/xpath", ["xpath":"//*[@id="kt_aside_menu"]/ul/li[11]/a/span[2]"])): Object: 'Object Repository/1. Constant/xpath' is clicked on

2022-06-20 10:05:31 - [MESSAGE][PASSED] - Object: 'Object Repository/1. Constant/xpath' is clicked on

2022-06-20 10:05:31 - [TEST_STEP][PASSED] - takeScreenshot(): Taking screenshot successfully

2022-06-20 10:05:32 - [MESSAGE][PASSED] - Taking screenshot successfully
[[ATTACHMENT|D:\\Projet Test Auto\\Mediabox Test Automation [Test]\\Reports\\20220620_095748\\z01. Test Suites\\201. TestStarPack_Login_Logout_Email\\20220620_095751\\1655712331887.png]]

2022-06-20 10:05:32 - [TEST_STEP][PASSED] - delay(3): Delayed 3 second(s)

2022-06-20 10:05:35 - [MESSAGE][PASSED] - Delayed 3 second(s)

2022-06-20 10:05:35 - [TEST_STEP][PASSED] - verifyElementVisible(findTestObject("1. Constant/xpath", ["xpath":"//*[@id="kt_aside_menu"]/ul/li[11]/div/ul/li[2]/a/span"])): Object 'Object Repository/1. Constant/xpath' is visible

2022-06-20 10:05:35 - [MESSAGE][PASSED] - Object 'Object Repository/1. Constant/xpath' is visible

2022-06-20 10:05:35 - [TEST_STEP][PASSED] - click(findTestObject("1. Constant/xpath", ["xpath":"//*[@id="kt_aside_menu"]/ul/li[11]/div/ul/li[2]/a/span"])): Object: 'Object Repository/1. Constant/xpath' is clicked on

2022-06-20 10:05:45 - [MESSAGE][PASSED] - Object: 'Object Repository/1. Constant/xpath' is clicked on

2022-06-20 10:05:45 - [TEST_STEP][PASSED] - waitForPageLoad(30): Wait for page load successfully

2022-06-20 10:05:45 - [MESSAGE][PASSED] - Wait for page load successfully

2022-06-20 10:05:45 - [TEST_STEP][PASSED] - click(findTestObject("1. Constant/xpath", ["xpath":"//*[@id="kt_content"]/div[3]/div/div/div/div[1]/div/a[3]"])): Object: 'Object Repository/1. Constant/xpath' is clicked on

2022-06-20 10:05:46 - [MESSAGE][PASSED] - Object: 'Object Repository/1. Constant/xpath' is clicked on

2022-06-20 10:05:46 - [TEST_STEP][PASSED] - waitForPageLoad(30): Wait for page load successfully

2022-06-20 10:05:46 - [MESSAGE][PASSED] - Wait for page load successfully

2022-06-20 10:05:46 - [TEST_STEP][PASSED] - takeScreenshot(): Taking screenshot successfully

2022-06-20 10:05:46 - [MESSAGE][PASSED] - Taking screenshot successfully
[[ATTACHMENT|D:\\Projet Test Auto\\Mediabox Test Automation [Test]\\Reports\\20220620_095748\\z01. Test Suites\\201. TestStarPack_Login_Logout_Email\\20220620_095751\\1655712346555.png]]

2022-06-20 10:05:46 - [TEST_STEP][PASSED] - setText(findTestObject("1. Constant/01_id_field_id", ["field_id":"userName"]), "ancell"): Text 'ancell' is set on object 'Object Repository/1. Constant/01_id_field_id'

2022-06-20 10:05:47 - [MESSAGE][PASSED] - Text 'ancell' is set on object 'Object Repository/1. Constant/01_id_field_id'

2022-06-20 10:05:47 - [TEST_STEP][PASSED] - setText(findTestObject("1. Constant/01_id_field_id", ["field_id":"userFirstName"]), "c"): Text 'c' is set on object 'Object Repository/1. Constant/01_id_field_id'

2022-06-20 10:05:48 - [MESSAGE][PASSED] - Text 'c' is set on object 'Object Repository/1. Constant/01_id_field_id'

2022-06-20 10:05:48 - [TEST_STEP][PASSED] - setText(findTestObject("1. Constant/xpath", ["xpath":"//*[@id="userDetails"]/div[2]/div[4]/div/input"]), "Mediabox.cancel@gmail.com"): Text 'Mediabox.cancel@gmail.com' is set on object 'Object Repository/1. Constant/xpath'

2022-06-20 10:05:48 - [MESSAGE][PASSED] - Text 'Mediabox.cancel@gmail.com' is set on object 'Object Repository/1. Constant/xpath'

2022-06-20 10:05:48 - [TEST_STEP][PASSED] - selectOptionByValue(findTestObject("1. Constant/01_id_field_id", ["field_id":"userCompany"]), "1", true): All options with value '1' are selected in object 'Object Repository/1. Constant/01_id_field_id'  using regular expression

2022-06-20 10:05:49 - [MESSAGE][PASSED] - All options with value '1' are selected in object 'Object Repository/1. Constant/01_id_field_id'  using regular expression

2022-06-20 10:05:49 - [TEST_STEP][PASSED] - selectOptionByValue(findTestObject("1. Constant/01_id_field_id", ["field_id":"userRole"]), "Commercial_support", true): All options with value 'Commercial_support' are selected in object 'Object Repository/1. Constant/01_id_field_id'  using regular expression

2022-06-20 10:05:49 - [MESSAGE][PASSED] - All options with value 'Commercial_support' are selected in object 'Object Repository/1. Constant/01_id_field_id'  using regular expression

2022-06-20 10:05:49 - [TEST_STEP][PASSED] - delay(1): Delayed 1 second(s)

2022-06-20 10:05:50 - [MESSAGE][PASSED] - Delayed 1 second(s)

2022-06-20 10:05:50 - [TEST_STEP][PASSED] - I.Pagedown(): Execute JavaScript 'window.scrollTo(0, document.body.scrollHeight)' successfully

2022-06-20 10:05:50 - [MESSAGE][PASSED] - Execute JavaScript 'window.scrollTo(0, document.body.scrollHeight)' successfully

2022-06-20 10:05:50 - [TEST_STEP][PASSED] - selectOptionByValue(findTestObject("1. Constant/01_id_field_id", ["field_id":"selSource_Brand"]), "122", true): All options with value '122' are selected in object 'Object Repository/1. Constant/01_id_field_id'  using regular expression

2022-06-20 10:05:51 - [MESSAGE][PASSED] - All options with value '122' are selected in object 'Object Repository/1. Constant/01_id_field_id'  using regular expression

2022-06-20 10:05:51 - [TEST_STEP][PASSED] - click(findTestObject("1. Constant/xpath", ["xpath":"//*[@id="userRoleParams_block"]/div/div/table/tbody/tr/td[2]/input[1]"])): Object: 'Object Repository/1. Constant/xpath' is clicked on

2022-06-20 10:05:51 - [MESSAGE][PASSED] - Object: 'Object Repository/1. Constant/xpath' is clicked on

2022-06-20 10:05:51 - [TEST_STEP][PASSED] - verifyElementAttributeValue(findTestObject("1. Constant/01_id_field_id", ["field_id":"userLogin"]), "value", "cancell", 20): Object 'Object Repository/1. Constant/01_id_field_id' has attribute 'value' with value 'cancell'

2022-06-20 10:05:51 - [MESSAGE][PASSED] - Object 'Object Repository/1. Constant/01_id_field_id' has attribute 'value' with value 'cancell'

2022-06-20 10:05:51 - [TEST_STEP][PASSED] - waitForPageLoad(30): Wait for page load successfully

2022-06-20 10:05:51 - [MESSAGE][PASSED] - Wait for page load successfully

2022-06-20 10:05:51 - [TEST_STEP][PASSED] - click(findTestObject("1. Constant/xpath", ["xpath":"//*[@id="CreateUser"]/div[3]/div/a"])): Object: 'Object Repository/1. Constant/xpath' is clicked on

2022-06-20 10:06:00 - [MESSAGE][PASSED] - Object: 'Object Repository/1. Constant/xpath' is clicked on

2022-06-20 10:06:00 - [TEST_STEP][PASSED] - delay(3): Delayed 3 second(s)

2022-06-20 10:06:03 - [MESSAGE][PASSED] - Delayed 3 second(s)

2022-06-20 10:06:03 - [TEST_STEP][PASSED] - setText(findTestObject("1. Constant/xpath", ["xpath":"//*[@id="users_table_filter"]/label/input"]), "cancel@testautodiadeis.com"): Text 'cancel@testautodiadeis.com' is set on object 'Object Repository/1. Constant/xpath'

2022-06-20 10:06:04 - [MESSAGE][PASSED] - Text 'cancel@testautodiadeis.com' is set on object 'Object Repository/1. Constant/xpath'

2022-06-20 10:06:04 - [TEST_STEP][PASSED] - delay(1): Delayed 1 second(s)

2022-06-20 10:06:05 - [MESSAGE][PASSED] - Delayed 1 second(s)

2022-06-20 10:06:05 - [TEST_STEP][PASSED] - CT = getText(findTestObject("1. Constant/xpath", ["xpath":"//*[@id="users_table"]/tbody/tr/td"])): Text of object 'Object Repository/1. Constant/xpath' is: 'No matching records found'

2022-06-20 10:06:05 - [MESSAGE][PASSED] - Text of object 'Object Repository/1. Constant/xpath' is: 'No matching records found'

2022-06-20 10:06:05 - [TEST_STEP][PASSED] - I.print(CT): null

2022-06-20 10:06:05 - [TEST_STEP][PASSED] - I.verifymsg(findTestObject("1. Constant/xpath", ["xpath":"//*[@id="users_table"]/tbody/tr/td"]), "No matching records found", log): Text of object 'Object Repository/1. Constant/xpath' is: 'No matching records found'

2022-06-20 10:06:05 - [MESSAGE][PASSED] - Text of object 'Object Repository/1. Constant/xpath' is: 'No matching records found'

2022-06-20 10:06:05 - [TEST_STEP][PASSED] - takeScreenshot(): Taking screenshot successfully

2022-06-20 10:06:06 - [MESSAGE][PASSED] - Taking screenshot successfully
[[ATTACHMENT|D:\\Projet Test Auto\\Mediabox Test Automation [Test]\\Reports\\20220620_095748\\z01. Test Suites\\201. TestStarPack_Login_Logout_Email\\20220620_095751\\1655712365818.png]]

2022-06-20 10:06:06 - [TEST_STEP][PASSED] - I.Logout(): Delayed 3 second(s)

2022-06-20 10:06:09 - [MESSAGE][PASSED] - Delayed 3 second(s)

2022-06-20 10:06:09 - [MESSAGE][PASSED] - Object: 'Object Repository/1. Constant/xpath' is clicked on

2022-06-20 10:06:12 - [MESSAGE][PASSED] - Delayed 3 second(s)

2022-06-20 10:06:13 - [MESSAGE][PASSED] - Object: 'Object Repository/1. Constant/xpath' is clicked on

2022-06-20 10:06:16 - [MESSAGE][PASSED] - Delayed 3 second(s)

2022-06-20 10:06:16 - [TEST_STEP][PASSED] - closeBrowser(): Browser is closed

2022-06-20 10:06:18 - [MESSAGE][PASSED] - Browser is closed

2022-06-20 10:06:18 - [TEST_STEP][PASSED] - Start listener action : sampleAfterTestCase: null]]></system-out>
         <system-err><![CDATA[]]></system-err>
      </testcase>
      <testcase name="Test Cases/201. TestStarPack_Login_Logout_Email/201.03 Création de compte (avec parametre) (Need verification email 201.12)" time="137.091" classname="Test Cases/201. TestStarPack_Login_Logout_Email/201.03 Création de compte (avec parametre) (Need verification email 201.12)" status="PASSED">
         <system-out><![CDATA[2022-06-20 10:06:18 - [TEST_CASE][PASSED] - Test Cases/201. TestStarPack_Login_Logout_Email/201.03 Création de compte (avec parametre) (Need verification email 201.12): Test Cases/201. TestStarPack_Login_Logout_Email/201.03 Création de compte (avec parametre) (Need verification email 201.12)

2022-06-20 10:06:18 - [TEST_STEP][PASSED] - data = findTestData("Data Files/Username_Password/Test_Starpack"): null

2022-06-20 10:06:18 - [TEST_STEP][PASSED] - password_suser = data.getValue(2, 1): null

2022-06-20 10:06:18 - [TEST_STEP][PASSED] - password_aherms = data.getValue(2, 2): null

2022-06-20 10:06:18 - [TEST_STEP][PASSED] - password_agluszczynska = data.getValue(2, 3): null

2022-06-20 10:06:18 - [TEST_STEP][PASSED] - password_jmaciaszczyk = data.getValue(2, 4): null

2022-06-20 10:06:18 - [TEST_STEP][PASSED] - password_aterreshernandez = data.getValue(2, 5): null

2022-06-20 10:06:18 - [TEST_STEP][PASSED] - password_amartin_arbol = data.getValue(2, 6): null

2022-06-20 10:06:18 - [TEST_STEP][PASSED] - password_adelamatanieves = data.getValue(2, 7): null

2022-06-20 10:06:18 - [TEST_STEP][PASSED] - password_kcannoosamy_dia = data.getValue(2, 8): null

2022-06-20 10:06:18 - [TEST_STEP][PASSED] - data_urlTestAUTO = findTestData("Data Files/URL/URL_testauto"): null

2022-06-20 10:06:18 - [TEST_STEP][PASSED] - Url_Starpack = data_urlTestAUTO.getValue(2, 2): null

2022-06-20 10:06:18 - [TEST_STEP][PASSED] - I.clearnotepad("D:\Upoad_File\zTest_Auto\Test_Projet_ Login\StarPack\201.03 StarPack_Login username\login.txt"): null

2022-06-20 10:06:18 - [TEST_STEP][PASSED] - I.clearnotepad("D:\Upoad_File\zTest_Auto\Test_Projet_ Login\StarPack\201.03 StarPack_Login username.txt"): null

2022-06-20 10:06:18 - [TEST_STEP][PASSED] - log = new com.kms.katalon.core.logging.KeywordLogger(): null

2022-06-20 10:06:18 - [TEST_STEP][PASSED] - Email = "mediaboxtest.creation@gmail.com": null

2022-06-20 10:06:18 - [TEST_STEP][PASSED] - password_mediaboxCreation = "Diadeis*1": null

2022-06-20 10:06:18 - [TEST_STEP][PASSED] - openBrowser(Url_Starpack): Browser is opened with url: 'https://mdb-v3-test.diadeis.com/MediaboxIndependence/?MBI_datasource=RELTEST_STARPACK'

2022-06-20 10:06:18 - [MESSAGE][INFO] - Starting 'Chrome (headless)' driver

2022-06-20 10:06:18 - [MESSAGE][INFO] - User set preference: ['args', '[--window-size=1920,1080, --headless]']

2022-06-20 10:06:18 - [MESSAGE][INFO] - Action delay is set to 0 milliseconds

2022-06-20 10:06:23 - [MESSAGE][PASSED] - Browser is opened with url: 'https://mdb-v3-test.diadeis.com/MediaboxIndependence/?MBI_datasource=RELTEST_STARPACK'

2022-06-20 10:06:23 - [TEST_STEP][PASSED] - maximizeWindow(): Current window maximized

2022-06-20 10:06:23 - [MESSAGE][PASSED] - Current window maximized

2022-06-20 10:06:23 - [TEST_STEP][PASSED] - I.Login_password("suser", password_suser): Object: 'Object Repository/1. Constant/xpath' is clicked on

2022-06-20 10:06:24 - [MESSAGE][PASSED] - Text 'suser' is set on object 'Object Repository/1. Constant/xpath'

2022-06-20 10:06:25 - [MESSAGE][PASSED] - Delayed 1 second(s)

2022-06-20 10:06:25 - [MESSAGE][PASSED] - Text 'diadeis' is set on object 'Object Repository/1. Constant/xpath'

2022-06-20 10:06:26 - [MESSAGE][PASSED] - Delayed 1 second(s)

2022-06-20 10:06:32 - [MESSAGE][PASSED] - Object: 'Object Repository/1. Constant/xpath' is clicked on

2022-06-20 10:06:32 - [TEST_STEP][PASSED] - takeScreenshot(): Taking screenshot successfully

2022-06-20 10:06:32 - [MESSAGE][PASSED] - Taking screenshot successfully
[[ATTACHMENT|D:\\Projet Test Auto\\Mediabox Test Automation [Test]\\Reports\\20220620_095748\\z01. Test Suites\\201. TestStarPack_Login_Logout_Email\\20220620_095751\\1655712392241.png]]

2022-06-20 10:06:32 - [TEST_STEP][PASSED] - waitForPageLoad(30): Wait for page load successfully

2022-06-20 10:06:32 - [MESSAGE][PASSED] - Wait for page load successfully

2022-06-20 10:06:32 - [TEST_STEP][PASSED] - click(findTestObject("1. Constant/xpath", ["xpath":"//*[@id="kt_aside_menu"]/ul/li[11]/a/span[2]"])): Object: 'Object Repository/1. Constant/xpath' is clicked on

2022-06-20 10:06:32 - [MESSAGE][PASSED] - Object: 'Object Repository/1. Constant/xpath' is clicked on

2022-06-20 10:06:32 - [TEST_STEP][PASSED] - takeScreenshot(): Taking screenshot successfully

2022-06-20 10:06:33 - [MESSAGE][PASSED] - Taking screenshot successfully
[[ATTACHMENT|D:\\Projet Test Auto\\Mediabox Test Automation [Test]\\Reports\\20220620_095748\\z01. Test Suites\\201. TestStarPack_Login_Logout_Email\\20220620_095751\\1655712392906.png]]

2022-06-20 10:06:33 - [TEST_STEP][PASSED] - delay(3): Delayed 3 second(s)

2022-06-20 10:06:36 - [MESSAGE][PASSED] - Delayed 3 second(s)

2022-06-20 10:06:36 - [TEST_STEP][PASSED] - click(findTestObject("1. Constant/xpath", ["xpath":"//*[@id="kt_aside_menu"]/ul/li[11]/div/ul/li[2]/a/span"])): Object: 'Object Repository/1. Constant/xpath' is clicked on

2022-06-20 10:06:47 - [MESSAGE][PASSED] - Object: 'Object Repository/1. Constant/xpath' is clicked on

2022-06-20 10:06:47 - [TEST_STEP][PASSED] - waitForPageLoad(30): Wait for page load successfully

2022-06-20 10:06:47 - [MESSAGE][PASSED] - Wait for page load successfully

2022-06-20 10:06:47 - [TEST_STEP][PASSED] - click(findTestObject("1. Constant/xpath", ["xpath":"//*[@id="kt_content"]/div[3]/div/div/div/div[1]/div/a[3]"])): Object: 'Object Repository/1. Constant/xpath' is clicked on

2022-06-20 10:06:48 - [MESSAGE][PASSED] - Object: 'Object Repository/1. Constant/xpath' is clicked on

2022-06-20 10:06:48 - [TEST_STEP][PASSED] - waitForPageLoad(30): Wait for page load successfully

2022-06-20 10:06:48 - [MESSAGE][PASSED] - Wait for page load successfully

2022-06-20 10:06:48 - [TEST_STEP][PASSED] - takeScreenshot(): Taking screenshot successfully

2022-06-20 10:06:48 - [MESSAGE][PASSED] - Taking screenshot successfully
[[ATTACHMENT|D:\\Projet Test Auto\\Mediabox Test Automation [Test]\\Reports\\20220620_095748\\z01. Test Suites\\201. TestStarPack_Login_Logout_Email\\20220620_095751\\1655712408703.png]]

2022-06-20 10:06:48 - [TEST_STEP][PASSED] - today = new java.util.Date(): null

2022-06-20 10:06:48 - [TEST_STEP][PASSED] - Lastname = "LN" + RandomStringUtils.randomAlphanumeric(3) + today.format("HHmmss"): null

2022-06-20 10:06:48 - [TEST_STEP][PASSED] - FirstName = "FN" + RandomStringUtils.randomAlphanumeric(3): null

2022-06-20 10:06:48 - [TEST_STEP][PASSED] - setText(findTestObject("1. Constant/01_id_field_id", ["field_id":"userName"]), Lastname): Text 'LN9Ye100648' is set on object 'Object Repository/1. Constant/01_id_field_id'

2022-06-20 10:06:49 - [MESSAGE][PASSED] - Text 'LN9Ye100648' is set on object 'Object Repository/1. Constant/01_id_field_id'

2022-06-20 10:06:49 - [TEST_STEP][PASSED] - setText(findTestObject("1. Constant/01_id_field_id", ["field_id":"userFirstName"]), FirstName): Text 'FN34U' is set on object 'Object Repository/1. Constant/01_id_field_id'

2022-06-20 10:06:49 - [MESSAGE][PASSED] - Text 'FN34U' is set on object 'Object Repository/1. Constant/01_id_field_id'

2022-06-20 10:06:49 - [TEST_STEP][PASSED] - setText(findTestObject("1. Constant/xpath", ["xpath":"//*[@id="userDetails"]/div[2]/div[4]/div/input"]), Email): Text 'mediaboxtest.creation@gmail.com' is set on object 'Object Repository/1. Constant/xpath'

2022-06-20 10:06:49 - [MESSAGE][PASSED] - Text 'mediaboxtest.creation@gmail.com' is set on object 'Object Repository/1. Constant/xpath'

2022-06-20 10:06:49 - [TEST_STEP][PASSED] - selectOptionByValue(findTestObject("1. Constant/01_id_field_id", ["field_id":"userCompany"]), "1", true): All options with value '1' are selected in object 'Object Repository/1. Constant/01_id_field_id'  using regular expression

2022-06-20 10:06:50 - [MESSAGE][PASSED] - All options with value '1' are selected in object 'Object Repository/1. Constant/01_id_field_id'  using regular expression

2022-06-20 10:06:50 - [TEST_STEP][PASSED] - selectOptionByValue(findTestObject("1. Constant/01_id_field_id", ["field_id":"userRole"]), "Commercial_support", true): All options with value 'Commercial_support' are selected in object 'Object Repository/1. Constant/01_id_field_id'  using regular expression

2022-06-20 10:06:50 - [MESSAGE][PASSED] - All options with value 'Commercial_support' are selected in object 'Object Repository/1. Constant/01_id_field_id'  using regular expression

2022-06-20 10:06:50 - [TEST_STEP][PASSED] - delay(1): Delayed 1 second(s)

2022-06-20 10:06:51 - [MESSAGE][PASSED] - Delayed 1 second(s)

2022-06-20 10:06:51 - [TEST_STEP][PASSED] - I.Pagedown(): Execute JavaScript 'window.scrollTo(0, document.body.scrollHeight)' successfully

2022-06-20 10:06:51 - [MESSAGE][PASSED] - Execute JavaScript 'window.scrollTo(0, document.body.scrollHeight)' successfully

2022-06-20 10:06:51 - [TEST_STEP][PASSED] - selectOptionByValue(findTestObject("1. Constant/01_id_field_id", ["field_id":"selSource_Brand"]), "122", true): All options with value '122' are selected in object 'Object Repository/1. Constant/01_id_field_id'  using regular expression

2022-06-20 10:06:52 - [MESSAGE][PASSED] - All options with value '122' are selected in object 'Object Repository/1. Constant/01_id_field_id'  using regular expression

2022-06-20 10:06:52 - [TEST_STEP][PASSED] - click(findTestObject("1. Constant/xpath", ["xpath":"//*[@id="userRoleParams_block"]/div/div/table/tbody/tr/td[2]/input[1]"])): Object: 'Object Repository/1. Constant/xpath' is clicked on

2022-06-20 10:06:52 - [MESSAGE][PASSED] - Object: 'Object Repository/1. Constant/xpath' is clicked on

2022-06-20 10:06:52 - [TEST_STEP][PASSED] - login = getAttribute(findTestObject("1. Constant/01_id_field_id", ["field_id":"userLogin"]), "value"): Attribute 'value' of object 'Object Repository/1. Constant/01_id_field_id' is: 'fln9ye100648'

2022-06-20 10:06:52 - [MESSAGE][PASSED] - Attribute 'value' of object 'Object Repository/1. Constant/01_id_field_id' is: 'fln9ye100648'

2022-06-20 10:06:52 - [TEST_STEP][PASSED] - waitForPageLoad(30): Wait for page load successfully

2022-06-20 10:06:52 - [MESSAGE][PASSED] - Wait for page load successfully

2022-06-20 10:06:52 - [TEST_STEP][PASSED] - I.VerifyCheckboxChecked("Track Click", findTestObject("1. Constant/01_id_field_id", ["field_id":"userTrackClick"])): Object 'Object Repository/1. Constant/01_id_field_id' is checked

2022-06-20 10:06:52 - [MESSAGE][PASSED] - Object 'Object Repository/1. Constant/01_id_field_id' is checked

2022-06-20 10:06:52 - [TEST_STEP][PASSED] - FirstName1 = getAttribute(findTestObject("1. Constant/01_id_field_id", ["field_id":"userFirstName"]), "value"): Attribute 'value' of object 'Object Repository/1. Constant/01_id_field_id' is: 'FN34U'

2022-06-20 10:06:53 - [MESSAGE][PASSED] - Attribute 'value' of object 'Object Repository/1. Constant/01_id_field_id' is: 'FN34U'

2022-06-20 10:06:53 - [TEST_STEP][PASSED] - LastName1 = getAttribute(findTestObject("1. Constant/01_id_field_id", ["field_id":"userName"]), "value"): Attribute 'value' of object 'Object Repository/1. Constant/01_id_field_id' is: 'LN9Ye100648'

2022-06-20 10:06:53 - [MESSAGE][PASSED] - Attribute 'value' of object 'Object Repository/1. Constant/01_id_field_id' is: 'LN9Ye100648'

2022-06-20 10:06:53 - [TEST_STEP][PASSED] - I.writenotepad("D:\Upoad_File\zTest_Auto\Test_Projet_ Login\StarPack\201.03 StarPack_Login username\Name.txt", FirstName1 + " " + LastName1): null

2022-06-20 10:06:53 - [TEST_STEP][PASSED] - I.writenotepad("D:\Upoad_File\zTest_Auto\Test_Projet_ Login\StarPack\201.03 StarPack_Login username\login.txt", login): null

2022-06-20 10:06:53 - [TEST_STEP][PASSED] - click(findTestObject("1. Constant/xpath", ["xpath":"//*[@id="CreateUser"]/div[3]/div/button[2]"])): Object: 'Object Repository/1. Constant/xpath' is clicked on

2022-06-20 10:07:57 - [MESSAGE][PASSED] - Object: 'Object Repository/1. Constant/xpath' is clicked on

2022-06-20 10:07:57 - [TEST_STEP][PASSED] - delay(3): Delayed 3 second(s)

2022-06-20 10:08:00 - [MESSAGE][PASSED] - Delayed 3 second(s)

2022-06-20 10:08:00 - [TEST_STEP][PASSED] - setText(findTestObject("1. Constant/xpath", ["xpath":"//*[@id="users_table_filter"]/label/input"]), login): Text 'fln9ye100648' is set on object 'Object Repository/1. Constant/xpath'

2022-06-20 10:08:01 - [MESSAGE][PASSED] - Text 'fln9ye100648' is set on object 'Object Repository/1. Constant/xpath'

2022-06-20 10:08:01 - [TEST_STEP][PASSED] - delay(1): Delayed 1 second(s)

2022-06-20 10:08:02 - [MESSAGE][PASSED] - Delayed 1 second(s)

2022-06-20 10:08:02 - [TEST_STEP][PASSED] - I.verifymsg(findTestObject("1. Constant/xpath", ["xpath":"//*[@id='" + login + "']/td[5]"]), login, log): Text of object 'Object Repository/1. Constant/xpath' is: 'fln9ye100648'

2022-06-20 10:08:03 - [MESSAGE][PASSED] - Text of object 'Object Repository/1. Constant/xpath' is: 'fln9ye100648'

2022-06-20 10:08:03 - [TEST_STEP][PASSED] - takeScreenshot(): Taking screenshot successfully

2022-06-20 10:08:03 - [MESSAGE][PASSED] - Taking screenshot successfully
[[ATTACHMENT|D:\\Projet Test Auto\\Mediabox Test Automation [Test]\\Reports\\20220620_095748\\z01. Test Suites\\201. TestStarPack_Login_Logout_Email\\20220620_095751\\1655712483028.png]]

2022-06-20 10:08:03 - [TEST_STEP][PASSED] - delay(1): Delayed 1 second(s)

2022-06-20 10:08:04 - [MESSAGE][PASSED] - Delayed 1 second(s)

2022-06-20 10:08:04 - [TEST_STEP][PASSED] - click(findTestObject("1. Constant/xpath", ["xpath":"/html/body/div[1]/div[2]/div[4]/div[3]/div/div/div/div[2]/div/div/div/div[1]/table/tbody/tr/td[2]/a"])): Object: 'Object Repository/1. Constant/xpath' is clicked on

2022-06-20 10:08:05 - [MESSAGE][PASSED] - Object: 'Object Repository/1. Constant/xpath' is clicked on

2022-06-20 10:08:05 - [TEST_STEP][PASSED] - value1 = getAttribute(findTestObject("Object Repository/Starpack USermanagement/1.06 UpdateUser id_UpdateUser_div2divdiv1div_no_divinput", ["no":"2"]), "value"): Attribute 'value' of object 'Object Repository/Starpack USermanagement/1.06 UpdateUser id_UpdateUser_div2divdiv1div_no_divinput' is: 'LN9Ye100648'

2022-06-20 10:08:05 - [MESSAGE][PASSED] - Attribute 'value' of object 'Object Repository/Starpack USermanagement/1.06 UpdateUser id_UpdateUser_div2divdiv1div_no_divinput' is: 'LN9Ye100648'

2022-06-20 10:08:05 - [TEST_STEP][PASSED] - I.print(value1): null

2022-06-20 10:08:05 - [TEST_STEP][PASSED] - verifyEqual(value1, Lastname): Actual object 'LN9Ye100648' and expected object 'LN9Ye100648' are equal

2022-06-20 10:08:05 - [MESSAGE][PASSED] - Actual object 'LN9Ye100648' and expected object 'LN9Ye100648' are equal

2022-06-20 10:08:05 - [TEST_STEP][PASSED] - value2 = getAttribute(findTestObject("Object Repository/Starpack USermanagement/1.06 UpdateUser id_UpdateUser_div2divdiv1div_no_divinput", ["no":"3"]), "value"): Attribute 'value' of object 'Object Repository/Starpack USermanagement/1.06 UpdateUser id_UpdateUser_div2divdiv1div_no_divinput' is: 'FN34U'

2022-06-20 10:08:05 - [MESSAGE][PASSED] - Attribute 'value' of object 'Object Repository/Starpack USermanagement/1.06 UpdateUser id_UpdateUser_div2divdiv1div_no_divinput' is: 'FN34U'

2022-06-20 10:08:05 - [TEST_STEP][PASSED] - verifyEqual(value2, FirstName): Actual object 'FN34U' and expected object 'FN34U' are equal

2022-06-20 10:08:05 - [MESSAGE][PASSED] - Actual object 'FN34U' and expected object 'FN34U' are equal

2022-06-20 10:08:05 - [TEST_STEP][PASSED] - value3 = getAttribute(findTestObject("Object Repository/Starpack USermanagement/1.06 UpdateUser id_UpdateUser_div2divdiv1div_no_divinput", ["no":"4"]), "value"): Attribute 'value' of object 'Object Repository/Starpack USermanagement/1.06 UpdateUser id_UpdateUser_div2divdiv1div_no_divinput' is: 'mediaboxtest.creation@gmail.com'

2022-06-20 10:08:05 - [MESSAGE][PASSED] - Attribute 'value' of object 'Object Repository/Starpack USermanagement/1.06 UpdateUser id_UpdateUser_div2divdiv1div_no_divinput' is: 'mediaboxtest.creation@gmail.com'

2022-06-20 10:08:05 - [TEST_STEP][PASSED] - verifyEqual(value3, Email): Actual object 'mediaboxtest.creation@gmail.com' and expected object 'mediaboxtest.creation@gmail.com' are equal

2022-06-20 10:08:05 - [MESSAGE][PASSED] - Actual object 'mediaboxtest.creation@gmail.com' and expected object 'mediaboxtest.creation@gmail.com' are equal

2022-06-20 10:08:05 - [TEST_STEP][PASSED] - I.VerifyListSelected_byValue("Company", findTestObject("1. Constant/01_id_field_id", ["field_id":"userCompany"]), "1"): All options with value '1' are selected in object 'Object Repository/1. Constant/01_id_field_id' 

2022-06-20 10:08:06 - [MESSAGE][PASSED] - All options with value '1' are selected in object 'Object Repository/1. Constant/01_id_field_id' 

2022-06-20 10:08:06 - [TEST_STEP][PASSED] - I.VerifyCheckboxChecked("Track Click", findTestObject("1. Constant/01_id_field_id", ["field_id":"userTrackClick"])): Object 'Object Repository/1. Constant/01_id_field_id' is checked

2022-06-20 10:08:06 - [MESSAGE][PASSED] - Object 'Object Repository/1. Constant/01_id_field_id' is checked

2022-06-20 10:08:06 - [TEST_STEP][PASSED] - click(findTestObject("1. Constant/xpath", ["xpath":"//*[@id="UpdateUser"]/div[2]/div/div[2]/div/a"])): Object: 'Object Repository/1. Constant/xpath' is clicked on

2022-06-20 10:08:16 - [MESSAGE][PASSED] - Object: 'Object Repository/1. Constant/xpath' is clicked on

2022-06-20 10:08:16 - [TEST_STEP][PASSED] - delay(1): Delayed 1 second(s)

2022-06-20 10:08:17 - [MESSAGE][PASSED] - Delayed 1 second(s)

2022-06-20 10:08:17 - [TEST_STEP][PASSED] - "Verify Roles data": null

2022-06-20 10:08:17 - [TEST_STEP][PASSED] - setText(findTestObject("1. Constant/xpath", ["xpath":"//*[@id="users_table_filter"]/label/input"]), login): Text 'fln9ye100648' is set on object 'Object Repository/1. Constant/xpath'

2022-06-20 10:08:18 - [MESSAGE][PASSED] - Text 'fln9ye100648' is set on object 'Object Repository/1. Constant/xpath'

2022-06-20 10:08:18 - [TEST_STEP][PASSED] - click(findTestObject("1. Constant/xpath", ["xpath":"/html/body/div[1]/div[2]/div[4]/div[3]/div/div/div/div[2]/div/div/div/div[1]/table/tbody/tr/td[4]/a"])): Object: 'Object Repository/1. Constant/xpath' is clicked on

2022-06-20 10:08:19 - [MESSAGE][PASSED] - Object: 'Object Repository/1. Constant/xpath' is clicked on

2022-06-20 10:08:19 - [TEST_STEP][PASSED] - delay(1): Delayed 1 second(s)

2022-06-20 10:08:20 - [MESSAGE][PASSED] - Delayed 1 second(s)

2022-06-20 10:08:20 - [TEST_STEP][PASSED] - value_role = getAttribute(findTestObject("1. Constant/xpath", ["xpath":"//*[@id="selDest_Brand"]/option"]), "value"): Attribute 'value' of object 'Object Repository/1. Constant/xpath' is: '122'

2022-06-20 10:08:20 - [MESSAGE][PASSED] - Attribute 'value' of object 'Object Repository/1. Constant/xpath' is: '122'

2022-06-20 10:08:20 - [TEST_STEP][PASSED] - verifyEqual(value_role, "122"): Actual object '122' and expected object '122' are equal

2022-06-20 10:08:20 - [MESSAGE][PASSED] - Actual object '122' and expected object '122' are equal

2022-06-20 10:08:20 - [TEST_STEP][PASSED] - click(findTestObject("1. Constant/xpath", ["xpath":"//*[@id="UpdateUser"]/div[3]/div/a"])): Object: 'Object Repository/1. Constant/xpath' is clicked on

2022-06-20 10:08:31 - [MESSAGE][PASSED] - Object: 'Object Repository/1. Constant/xpath' is clicked on

2022-06-20 10:08:31 - [TEST_STEP][PASSED] - closeBrowser(): Browser is closed

2022-06-20 10:08:35 - [MESSAGE][PASSED] - Browser is closed

2022-06-20 10:08:35 - [TEST_STEP][PASSED] - Start listener action : sampleAfterTestCase: null]]></system-out>
         <system-err><![CDATA[]]></system-err>
      </testcase>
      <testcase name="Test Cases/201. TestStarPack_Login_Logout_Email/201.05 TestStarpack Création de compte (normal)" time="88.479" classname="Test Cases/201. TestStarPack_Login_Logout_Email/201.05 TestStarpack Création de compte (normal)" status="PASSED">
         <system-out><![CDATA[2022-06-20 10:08:35 - [TEST_CASE][PASSED] - Test Cases/201. TestStarPack_Login_Logout_Email/201.05 TestStarpack Création de compte (normal): Test Cases/201. TestStarPack_Login_Logout_Email/201.05 TestStarpack Création de compte (normal)

2022-06-20 10:08:35 - [TEST_STEP][PASSED] - data = findTestData("Data Files/Username_Password/Test_Starpack"): null

2022-06-20 10:08:35 - [TEST_STEP][PASSED] - password_suser = data.getValue(2, 1): null

2022-06-20 10:08:35 - [TEST_STEP][PASSED] - data_urlTestAUTO = findTestData("Data Files/URL/URL_testauto"): null

2022-06-20 10:08:35 - [TEST_STEP][PASSED] - Url_Starpack = data_urlTestAUTO.getValue(2, 2): null

2022-06-20 10:08:35 - [TEST_STEP][PASSED] - log = new com.kms.katalon.core.logging.KeywordLogger(): null

2022-06-20 10:08:35 - [TEST_STEP][PASSED] - password_mediaboxCreation = "Diadeis*1": null

2022-06-20 10:08:35 - [TEST_STEP][PASSED] - openBrowser(Url_Starpack): Browser is opened with url: 'https://mdb-v3-test.diadeis.com/MediaboxIndependence/?MBI_datasource=RELTEST_STARPACK'

2022-06-20 10:08:35 - [MESSAGE][INFO] - Starting 'Chrome (headless)' driver

2022-06-20 10:08:35 - [MESSAGE][INFO] - User set preference: ['args', '[--window-size=1920,1080, --headless]']

2022-06-20 10:08:35 - [MESSAGE][INFO] - Action delay is set to 0 milliseconds

2022-06-20 10:08:42 - [MESSAGE][PASSED] - Browser is opened with url: 'https://mdb-v3-test.diadeis.com/MediaboxIndependence/?MBI_datasource=RELTEST_STARPACK'

2022-06-20 10:08:42 - [TEST_STEP][PASSED] - maximizeWindow(): Current window maximized

2022-06-20 10:08:42 - [MESSAGE][PASSED] - Current window maximized

2022-06-20 10:08:42 - [TEST_STEP][PASSED] - waitForPageLoad(30): Wait for page load successfully

2022-06-20 10:08:42 - [MESSAGE][PASSED] - Wait for page load successfully

2022-06-20 10:08:42 - [TEST_STEP][PASSED] - takeScreenshot(): Taking screenshot successfully

2022-06-20 10:08:42 - [MESSAGE][PASSED] - Taking screenshot successfully
[[ATTACHMENT|D:\\Projet Test Auto\\Mediabox Test Automation [Test]\\Reports\\20220620_095748\\z01. Test Suites\\201. TestStarPack_Login_Logout_Email\\20220620_095751\\1655712522456.png]]

2022-06-20 10:08:42 - [TEST_STEP][PASSED] - "SCENARIO : User has the rights to see Usermanagement": null

2022-06-20 10:08:42 - [TEST_STEP][PASSED] - I.Login_password("suser", password_suser): Object: 'Object Repository/1. Constant/xpath' is clicked on

2022-06-20 10:08:42 - [MESSAGE][PASSED] - Text 'suser' is set on object 'Object Repository/1. Constant/xpath'

2022-06-20 10:08:43 - [MESSAGE][PASSED] - Delayed 1 second(s)

2022-06-20 10:08:44 - [MESSAGE][PASSED] - Text 'diadeis' is set on object 'Object Repository/1. Constant/xpath'

2022-06-20 10:08:45 - [MESSAGE][PASSED] - Delayed 1 second(s)

2022-06-20 10:08:49 - [MESSAGE][PASSED] - Object: 'Object Repository/1. Constant/xpath' is clicked on

2022-06-20 10:08:49 - [TEST_STEP][PASSED] - takeScreenshot(): Taking screenshot successfully

2022-06-20 10:08:49 - [MESSAGE][PASSED] - Taking screenshot successfully
[[ATTACHMENT|D:\\Projet Test Auto\\Mediabox Test Automation [Test]\\Reports\\20220620_095748\\z01. Test Suites\\201. TestStarPack_Login_Logout_Email\\20220620_095751\\1655712529291.png]]

2022-06-20 10:08:49 - [TEST_STEP][PASSED] - waitForPageLoad(30): Wait for page load successfully

2022-06-20 10:08:49 - [MESSAGE][PASSED] - Wait for page load successfully

2022-06-20 10:08:49 - [TEST_STEP][PASSED] - click(findTestObject("1. Constant/xpath", ["xpath":"//*[@id="kt_aside_menu"]/ul/li[11]/a/span[2]"])): Object: 'Object Repository/1. Constant/xpath' is clicked on

2022-06-20 10:08:50 - [MESSAGE][PASSED] - Object: 'Object Repository/1. Constant/xpath' is clicked on

2022-06-20 10:08:50 - [TEST_STEP][PASSED] - takeScreenshot(): Taking screenshot successfully

2022-06-20 10:08:50 - [MESSAGE][PASSED] - Taking screenshot successfully
[[ATTACHMENT|D:\\Projet Test Auto\\Mediabox Test Automation [Test]\\Reports\\20220620_095748\\z01. Test Suites\\201. TestStarPack_Login_Logout_Email\\20220620_095751\\1655712530053.png]]

2022-06-20 10:08:50 - [TEST_STEP][PASSED] - delay(3): Delayed 3 second(s)

2022-06-20 10:08:53 - [MESSAGE][PASSED] - Delayed 3 second(s)

2022-06-20 10:08:53 - [TEST_STEP][PASSED] - click(findTestObject("1. Constant/xpath", ["xpath":"//*[@id="kt_aside_menu"]/ul/li[11]/div/ul/li[2]/a/span"])): Object: 'Object Repository/1. Constant/xpath' is clicked on

2022-06-20 10:09:03 - [MESSAGE][PASSED] - Object: 'Object Repository/1. Constant/xpath' is clicked on

2022-06-20 10:09:03 - [TEST_STEP][PASSED] - waitForPageLoad(30): Wait for page load successfully

2022-06-20 10:09:03 - [MESSAGE][PASSED] - Wait for page load successfully

2022-06-20 10:09:03 - [TEST_STEP][PASSED] - click(findTestObject("1. Constant/xpath", ["xpath":"//*[@id="kt_content"]/div[3]/div/div/div/div[1]/div/a[3]"])): Object: 'Object Repository/1. Constant/xpath' is clicked on

2022-06-20 10:09:04 - [MESSAGE][PASSED] - Object: 'Object Repository/1. Constant/xpath' is clicked on

2022-06-20 10:09:04 - [TEST_STEP][PASSED] - waitForPageLoad(30): Wait for page load successfully

2022-06-20 10:09:04 - [MESSAGE][PASSED] - Wait for page load successfully

2022-06-20 10:09:04 - [TEST_STEP][PASSED] - takeScreenshot(): Taking screenshot successfully

2022-06-20 10:09:05 - [MESSAGE][PASSED] - Taking screenshot successfully
[[ATTACHMENT|D:\\Projet Test Auto\\Mediabox Test Automation [Test]\\Reports\\20220620_095748\\z01. Test Suites\\201. TestStarPack_Login_Logout_Email\\20220620_095751\\1655712544974.png]]

2022-06-20 10:09:05 - [TEST_STEP][PASSED] - today = new java.util.Date(): null

2022-06-20 10:09:05 - [TEST_STEP][PASSED] - Lastname = "LN" + RandomStringUtils.randomAlphanumeric(3) + today.format("HHmmss"): null

2022-06-20 10:09:05 - [TEST_STEP][PASSED] - FirstName = "FN" + RandomStringUtils.randomAlphanumeric(3): null

2022-06-20 10:09:05 - [TEST_STEP][PASSED] - setText(findTestObject("1. Constant/01_id_field_id", ["field_id":"userName"]), Lastname): Text 'LNMVt100905' is set on object 'Object Repository/1. Constant/01_id_field_id'

2022-06-20 10:09:05 - [MESSAGE][PASSED] - Text 'LNMVt100905' is set on object 'Object Repository/1. Constant/01_id_field_id'

2022-06-20 10:09:05 - [TEST_STEP][PASSED] - setText(findTestObject("1. Constant/01_id_field_id", ["field_id":"userFirstName"]), FirstName): Text 'FNiXW' is set on object 'Object Repository/1. Constant/01_id_field_id'

2022-06-20 10:09:05 - [MESSAGE][PASSED] - Text 'FNiXW' is set on object 'Object Repository/1. Constant/01_id_field_id'

2022-06-20 10:09:05 - [TEST_STEP][PASSED] - setText(findTestObject("1. Constant/xpath", ["xpath":"//*[@id="userDetails"]/div[2]/div[4]/div/input"]), "mediaboxtest.creation@gmail.com"): Text 'mediaboxtest.creation@gmail.com' is set on object 'Object Repository/1. Constant/xpath'

2022-06-20 10:09:06 - [MESSAGE][PASSED] - Text 'mediaboxtest.creation@gmail.com' is set on object 'Object Repository/1. Constant/xpath'

2022-06-20 10:09:06 - [TEST_STEP][PASSED] - selectOptionByValue(findTestObject("1. Constant/01_id_field_id", ["field_id":"userCompany"]), "1", true): All options with value '1' are selected in object 'Object Repository/1. Constant/01_id_field_id'  using regular expression

2022-06-20 10:09:06 - [MESSAGE][PASSED] - All options with value '1' are selected in object 'Object Repository/1. Constant/01_id_field_id'  using regular expression

2022-06-20 10:09:06 - [TEST_STEP][PASSED] - selectOptionByValue(findTestObject("1. Constant/01_id_field_id", ["field_id":"userRole"]), "admin", true): All options with value 'admin' are selected in object 'Object Repository/1. Constant/01_id_field_id'  using regular expression

2022-06-20 10:09:07 - [MESSAGE][PASSED] - All options with value 'admin' are selected in object 'Object Repository/1. Constant/01_id_field_id'  using regular expression

2022-06-20 10:09:07 - [TEST_STEP][PASSED] - click(findTestObject("1. Constant/01_id_field_id", ["field_id":"userTrackClick"])): Object: 'Object Repository/1. Constant/01_id_field_id' is clicked on

2022-06-20 10:09:07 - [MESSAGE][PASSED] - Object: 'Object Repository/1. Constant/01_id_field_id' is clicked on

2022-06-20 10:09:07 - [TEST_STEP][PASSED] - delay(1): Delayed 1 second(s)

2022-06-20 10:09:08 - [MESSAGE][PASSED] - Delayed 1 second(s)

2022-06-20 10:09:08 - [TEST_STEP][PASSED] - I.Pagedown(): Execute JavaScript 'window.scrollTo(0, document.body.scrollHeight)' successfully

2022-06-20 10:09:08 - [MESSAGE][PASSED] - Execute JavaScript 'window.scrollTo(0, document.body.scrollHeight)' successfully

2022-06-20 10:09:08 - [TEST_STEP][PASSED] - login = getAttribute(findTestObject("1. Constant/01_id_field_id", ["field_id":"userLogin"]), "value"): Attribute 'value' of object 'Object Repository/1. Constant/01_id_field_id' is: 'flnmvt100905'

2022-06-20 10:09:08 - [MESSAGE][PASSED] - Attribute 'value' of object 'Object Repository/1. Constant/01_id_field_id' is: 'flnmvt100905'

2022-06-20 10:09:08 - [TEST_STEP][PASSED] - I.print(login): null

2022-06-20 10:09:08 - [TEST_STEP][PASSED] - waitForPageLoad(30): Wait for page load successfully

2022-06-20 10:09:08 - [MESSAGE][PASSED] - Wait for page load successfully

2022-06-20 10:09:08 - [TEST_STEP][PASSED] - click(findTestObject("1. Constant/xpath", ["xpath":"//*[@id="CreateUser"]/div[3]/div/button[1]"])): Object: 'Object Repository/1. Constant/xpath' is clicked on

2022-06-20 10:09:46 - [MESSAGE][PASSED] - Object: 'Object Repository/1. Constant/xpath' is clicked on

2022-06-20 10:09:46 - [TEST_STEP][PASSED] - delay(3): Delayed 3 second(s)

2022-06-20 10:09:49 - [MESSAGE][PASSED] - Delayed 3 second(s)

2022-06-20 10:09:49 - [TEST_STEP][PASSED] - setText(findTestObject("1. Constant/xpath", ["xpath":"//*[@id="users_table_filter"]/label/input"]), login): Text 'flnmvt100905' is set on object 'Object Repository/1. Constant/xpath'

2022-06-20 10:09:51 - [MESSAGE][PASSED] - Text 'flnmvt100905' is set on object 'Object Repository/1. Constant/xpath'

2022-06-20 10:09:51 - [TEST_STEP][PASSED] - delay(1): Delayed 1 second(s)

2022-06-20 10:09:52 - [MESSAGE][PASSED] - Delayed 1 second(s)

2022-06-20 10:09:52 - [TEST_STEP][PASSED] - I.verifymsg(findTestObject("1. Constant/xpath", ["xpath":"//*[@id='" + login + "']/td[5]"]), login, log): Text of object 'Object Repository/1. Constant/xpath' is: 'flnmvt100905'

2022-06-20 10:09:52 - [MESSAGE][PASSED] - Text of object 'Object Repository/1. Constant/xpath' is: 'flnmvt100905'

2022-06-20 10:09:52 - [TEST_STEP][PASSED] - takeScreenshot(): Taking screenshot successfully

2022-06-20 10:09:52 - [MESSAGE][PASSED] - Taking screenshot successfully
[[ATTACHMENT|D:\\Projet Test Auto\\Mediabox Test Automation [Test]\\Reports\\20220620_095748\\z01. Test Suites\\201. TestStarPack_Login_Logout_Email\\20220620_095751\\1655712592476.png]]

2022-06-20 10:09:52 - [TEST_STEP][PASSED] - I.Logout(): Delayed 3 second(s)

2022-06-20 10:09:55 - [MESSAGE][PASSED] - Delayed 3 second(s)

2022-06-20 10:09:55 - [MESSAGE][PASSED] - Object: 'Object Repository/1. Constant/xpath' is clicked on

2022-06-20 10:09:58 - [MESSAGE][PASSED] - Delayed 3 second(s)

2022-06-20 10:10:00 - [MESSAGE][PASSED] - Object: 'Object Repository/1. Constant/xpath' is clicked on

2022-06-20 10:10:03 - [MESSAGE][PASSED] - Delayed 3 second(s)

2022-06-20 10:10:03 - [TEST_STEP][PASSED] - Start listener action : sampleAfterTestCase: null]]></system-out>
         <system-err><![CDATA[]]></system-err>
      </testcase>
      <system-out><![CDATA[2022-06-20 10:03:10 - [TEST_SUITE][FAILED] - 201. TestStarPack_Login_Logout_Email: Test Cases/201. TestStarPack_Login_Logout_Email/201.04 TestStarpack Création de compte (Validation des champs obligatoires) FAILED.
Reason:
Assertion failed: 

assert false


	at functions.I.verifyErrormsg_toastr(I.groovy:1095)
	at functions.I$verifyErrormsg_toastr$3.call(Unknown Source)
	at 201.04 TestStarpack Création de compte (Validation des champs obligatoires).run(201.04 TestStarpack Création de compte (Validation des champs obligatoires):381)
	at com.kms.katalon.core.main.ScriptEngine.run(ScriptEngine.java:194)
	at com.kms.katalon.core.main.ScriptEngine.runScriptAsRawText(ScriptEngine.java:119)
	at com.kms.katalon.core.main.TestCaseExecutor.runScript(TestCaseExecutor.java:445)
	at com.kms.katalon.core.main.TestCaseExecutor.doExecute(TestCaseExecutor.java:436)
	at com.kms.katalon.core.main.TestCaseExecutor.processExecutionPhase(TestCaseExecutor.java:415)
	at com.kms.katalon.core.main.TestCaseExecutor.accessMainPhase(TestCaseExecutor.java:407)
	at com.kms.katalon.core.main.TestCaseExecutor.execute(TestCaseExecutor.java:284)
	at com.kms.katalon.core.common.CommonExecutor.accessTestCaseMainPhase(CommonExecutor.java:65)
	at com.kms.katalon.core.main.TestSuiteExecutor.accessTestSuiteMainPhase(TestSuiteExecutor.java:144)
	at com.kms.katalon.core.main.TestSuiteExecutor.execute(TestSuiteExecutor.java:106)
	at com.kms.katalon.core.main.TestCaseMain.startTestSuite(TestCaseMain.java:185)
	at com.kms.katalon.core.main.TestCaseMain$startTestSuite$0.call(Unknown Source)
	at TempTestSuite1655711871206.run(TempTestSuite1655711871206.groovy:36)]]></system-out>
      <system-err><![CDATA[2022-06-20 10:03:10 - [TEST_SUITE][FAILED] - 201. TestStarPack_Login_Logout_Email: Test Cases/201. TestStarPack_Login_Logout_Email/201.04 TestStarpack Création de compte (Validation des champs obligatoires) FAILED.
Reason:
Assertion failed: 

assert false


	at functions.I.verifyErrormsg_toastr(I.groovy:1095)
	at functions.I$verifyErrormsg_toastr$3.call(Unknown Source)
	at 201.04 TestStarpack Création de compte (Validation des champs obligatoires).run(201.04 TestStarpack Création de compte (Validation des champs obligatoires):381)
	at com.kms.katalon.core.main.ScriptEngine.run(ScriptEngine.java:194)
	at com.kms.katalon.core.main.ScriptEngine.runScriptAsRawText(ScriptEngine.java:119)
	at com.kms.katalon.core.main.TestCaseExecutor.runScript(TestCaseExecutor.java:445)
	at com.kms.katalon.core.main.TestCaseExecutor.doExecute(TestCaseExecutor.java:436)
	at com.kms.katalon.core.main.TestCaseExecutor.processExecutionPhase(TestCaseExecutor.java:415)
	at com.kms.katalon.core.main.TestCaseExecutor.accessMainPhase(TestCaseExecutor.java:407)
	at com.kms.katalon.core.main.TestCaseExecutor.execute(TestCaseExecutor.java:284)
	at com.kms.katalon.core.common.CommonExecutor.accessTestCaseMainPhase(CommonExecutor.java:65)
	at com.kms.katalon.core.main.TestSuiteExecutor.accessTestSuiteMainPhase(TestSuiteExecutor.java:144)
	at com.kms.katalon.core.main.TestSuiteExecutor.execute(TestSuiteExecutor.java:106)
	at com.kms.katalon.core.main.TestCaseMain.startTestSuite(TestCaseMain.java:185)
	at com.kms.katalon.core.main.TestCaseMain$startTestSuite$0.call(Unknown Source)
	at TempTestSuite1655711871206.run(TempTestSuite1655711871206.groovy:36)]]></system-err>
   </testsuite>
</testsuites>
